<?xml version="1.0" encoding="UTF-8"?>
<coverage generated="1532010525002" clover="3.2.0">
  <project timestamp="1532010525002" name="All files">
    <metrics statements="381" coveredstatements="380" conditionals="165" coveredconditionals="164" methods="133" coveredmethods="131" elements="679" coveredelements="675" complexity="0" loc="381" ncloc="381" packages="6" files="15" classes="15">
      <package name="lib.actions">
        <metrics statements="13" coveredstatements="13" conditionals="8" coveredconditionals="8" methods="6" coveredmethods="6"/>
        <file name="index.js" path="C:\wamp64\www\react-composite-table\lib\actions\index.js">
          <metrics statements="13" coveredstatements="13" conditionals="8" coveredconditionals="8" methods="6" coveredmethods="6"/>
          <line num="4" count="5" type="stmt"/>
          <line num="5" count="7" type="stmt"/>
          <line num="6" count="7" type="stmt"/>
          <line num="12" count="2" type="stmt"/>
          <line num="13" count="3" type="stmt"/>
          <line num="14" count="3" type="stmt"/>
          <line num="19" count="7" type="stmt"/>
          <line num="20" count="7" type="stmt"/>
          <line num="22" count="7" type="cond" truecount="2" falsecount="0"/>
          <line num="23" count="1" type="stmt"/>
          <line num="24" count="6" type="cond" truecount="2" falsecount="0"/>
          <line num="25" count="3" type="cond" truecount="2" falsecount="0"/>
          <line num="27" count="3" type="cond" truecount="2" falsecount="0"/>
        </file>
      </package>
      <package name="lib.components">
        <metrics statements="221" coveredstatements="220" conditionals="116" coveredconditionals="115" methods="76" coveredmethods="74"/>
        <file name="customButtons.js" path="C:\wamp64\www\react-composite-table\lib\components\customButtons.js">
          <metrics statements="7" coveredstatements="7" conditionals="2" coveredconditionals="2" methods="2" coveredmethods="2"/>
          <line num="5" count="20" type="stmt"/>
          <line num="7" count="20" type="stmt"/>
          <line num="12" count="4" type="cond" truecount="2" falsecount="0"/>
          <line num="13" count="2" type="stmt"/>
          <line num="15" count="2" type="stmt"/>
          <line num="16" count="2" type="stmt"/>
          <line num="19" count="4" type="stmt"/>
        </file>
        <file name="footer.js" path="C:\wamp64\www\react-composite-table\lib\components\footer.js">
          <metrics statements="65" coveredstatements="65" conditionals="27" coveredconditionals="27" methods="16" coveredmethods="16"/>
          <line num="7" count="16" type="stmt"/>
          <line num="9" count="16" type="stmt"/>
          <line num="15" count="16" type="stmt"/>
          <line num="16" count="16" type="stmt"/>
          <line num="17" count="16" type="stmt"/>
          <line num="18" count="16" type="stmt"/>
          <line num="19" count="16" type="stmt"/>
          <line num="20" count="16" type="stmt"/>
          <line num="21" count="16" type="stmt"/>
          <line num="22" count="16" type="stmt"/>
          <line num="23" count="16" type="stmt"/>
          <line num="27" count="21" type="stmt"/>
          <line num="28" count="21" type="cond" truecount="2" falsecount="0"/>
          <line num="29" count="21" type="stmt"/>
          <line num="31" count="21" type="stmt"/>
          <line num="35" count="21" type="cond" truecount="2" falsecount="0"/>
          <line num="36" count="1" type="stmt"/>
          <line num="41" count="17" type="stmt"/>
          <line num="42" count="17" type="cond" truecount="2" falsecount="0"/>
          <line num="44" count="17" type="stmt"/>
          <line num="48" count="17" type="stmt"/>
          <line num="49" count="17" type="stmt"/>
          <line num="53" count="2" type="stmt"/>
          <line num="57" count="4" type="cond" truecount="2" falsecount="0"/>
          <line num="58" count="1" type="stmt"/>
          <line num="60" count="3" type="cond" truecount="3" falsecount="0"/>
          <line num="62" count="1" type="stmt"/>
          <line num="63" count="1" type="stmt"/>
          <line num="65" count="1" type="stmt"/>
          <line num="66" count="1" type="stmt"/>
          <line num="68" count="1" type="stmt"/>
          <line num="73" count="2" type="stmt"/>
          <line num="75" count="2" type="cond" truecount="4" falsecount="0"/>
          <line num="76" count="1" type="stmt"/>
          <line num="79" count="2" type="cond" truecount="2" falsecount="0"/>
          <line num="80" count="1" type="stmt"/>
          <line num="83" count="2" type="stmt"/>
          <line num="87" count="3" type="stmt"/>
          <line num="89" count="3" type="cond" truecount="2" falsecount="0"/>
          <line num="90" count="1" type="stmt"/>
          <line num="92" count="3" type="cond" truecount="2" falsecount="0"/>
          <line num="93" count="1" type="stmt"/>
          <line num="96" count="3" type="stmt"/>
          <line num="99" count="3" type="stmt"/>
          <line num="100" count="3" type="stmt"/>
          <line num="105" count="3" type="stmt"/>
          <line num="106" count="3" type="stmt"/>
          <line num="107" count="3" type="stmt"/>
          <line num="109" count="3" type="stmt"/>
          <line num="112" count="3" type="cond" truecount="2" falsecount="0"/>
          <line num="113" count="1" type="stmt"/>
          <line num="119" count="3" type="stmt"/>
          <line num="120" count="3" type="stmt"/>
          <line num="122" count="3" type="cond" truecount="2" falsecount="0"/>
          <line num="123" count="1" type="stmt"/>
          <line num="126" count="3" type="stmt"/>
          <line num="130" count="2" type="stmt"/>
          <line num="132" count="2" type="cond" truecount="2" falsecount="0"/>
          <line num="133" count="1" type="stmt"/>
          <line num="136" count="2" type="stmt"/>
          <line num="140" count="1" type="stmt"/>
          <line num="144" count="1" type="stmt"/>
          <line num="148" count="28" type="stmt"/>
          <line num="151" count="28" type="stmt"/>
          <line num="155" count="76" type="stmt"/>
        </file>
        <file name="message.js" path="C:\wamp64\www\react-composite-table\lib\components\message.js">
          <metrics statements="8" coveredstatements="8" conditionals="5" coveredconditionals="5" methods="2" coveredmethods="2"/>
          <line num="7" count="13" type="cond" truecount="5" falsecount="0"/>
          <line num="9" count="2" type="stmt"/>
          <line num="11" count="1" type="stmt"/>
          <line num="13" count="4" type="stmt"/>
          <line num="15" count="1" type="stmt"/>
          <line num="17" count="5" type="stmt"/>
          <line num="21" count="13" type="stmt"/>
          <line num="29" count="2" type="stmt"/>
        </file>
        <file name="modalDialog.js" path="C:\wamp64\www\react-composite-table\lib\components\modalDialog.js">
          <metrics statements="9" coveredstatements="9" conditionals="0" coveredconditionals="0" methods="3" coveredmethods="3"/>
          <line num="7" count="1" type="stmt"/>
          <line num="9" count="1" type="stmt"/>
          <line num="11" count="1" type="stmt"/>
          <line num="15" count="1" type="stmt"/>
          <line num="19" count="1" type="stmt"/>
          <line num="24" count="2" type="stmt"/>
          <line num="28" count="2" type="stmt"/>
          <line num="30" count="2" type="stmt"/>
          <line num="32" count="2" type="stmt"/>
        </file>
        <file name="table.js" path="C:\wamp64\www\react-composite-table\lib\components\table.js">
          <metrics statements="131" coveredstatements="130" conditionals="82" coveredconditionals="81" methods="52" coveredmethods="50"/>
          <line num="22" count="24" type="stmt"/>
          <line num="24" count="24" type="stmt"/>
          <line num="26" count="24" type="stmt"/>
          <line num="28" count="24" type="stmt"/>
          <line num="29" count="1" type="stmt"/>
          <line num="30" count="1" type="stmt"/>
          <line num="33" count="24" type="stmt"/>
          <line num="52" count="24" type="stmt"/>
          <line num="53" count="24" type="stmt"/>
          <line num="54" count="24" type="stmt"/>
          <line num="55" count="24" type="stmt"/>
          <line num="56" count="24" type="stmt"/>
          <line num="57" count="24" type="stmt"/>
          <line num="58" count="24" type="stmt"/>
          <line num="59" count="24" type="stmt"/>
          <line num="60" count="24" type="stmt"/>
          <line num="61" count="24" type="stmt"/>
          <line num="62" count="24" type="stmt"/>
          <line num="63" count="24" type="stmt"/>
          <line num="64" count="24" type="stmt"/>
          <line num="65" count="24" type="stmt"/>
          <line num="66" count="24" type="stmt"/>
          <line num="67" count="24" type="stmt"/>
          <line num="68" count="24" type="stmt"/>
          <line num="69" count="24" type="stmt"/>
          <line num="70" count="24" type="stmt"/>
          <line num="74" count="57" type="cond" truecount="4" falsecount="0"/>
          <line num="75" count="7" type="stmt"/>
          <line num="77" count="7" type="stmt"/>
          <line num="78" count="4" type="stmt"/>
          <line num="79" count="4" type="stmt"/>
          <line num="82" count="7" type="cond" truecount="2" falsecount="0"/>
          <line num="83" count="2" type="stmt"/>
          <line num="85" count="7" type="stmt"/>
          <line num="87" count="7" type="stmt"/>
          <line num="88" count="50" type="cond" truecount="16" falsecount="0"/>
          <line num="102" count="43" type="stmt"/>
          <line num="104" count="7" type="stmt"/>
          <line num="109" count="7" type="stmt"/>
          <line num="115" count="3" type="stmt"/>
          <line num="121" count="1" type="stmt"/>
          <line num="127" count="5" type="stmt"/>
          <line num="133" count="5" type="stmt"/>
          <line num="137" count="1" type="stmt"/>
          <line num="140" count="1" type="stmt"/>
          <line num="144" count="5" type="stmt"/>
          <line num="145" count="5" type="cond" truecount="4" falsecount="0"/>
          <line num="146" count="1" type="stmt"/>
          <line num="148" count="5" type="cond" truecount="4" falsecount="0"/>
          <line num="149" count="3" type="stmt"/>
          <line num="151" count="5" type="stmt"/>
          <line num="155" count="74" type="stmt"/>
          <line num="157" count="42" type="cond" truecount="2" falsecount="0"/>
          <line num="158" count="41" type="stmt"/>
          <line num="178" count="1" type="stmt"/>
          <line num="189" count="2" type="stmt"/>
          <line num="190" count="2" type="stmt"/>
          <line num="191" count="2" type="stmt"/>
          <line num="192" count="2" type="cond" truecount="2" falsecount="0"/>
          <line num="194" count="2" type="stmt"/>
          <line num="196" count="2" type="stmt"/>
          <line num="203" count="74" type="stmt"/>
          <line num="205" count="42" type="stmt"/>
          <line num="214" count="42" type="stmt"/>
          <line num="224" count="4" type="cond" truecount="2" falsecount="0"/>
          <line num="225" count="3" type="stmt"/>
          <line num="226" count="3" type="stmt"/>
          <line num="231" count="1" type="stmt"/>
          <line num="237" count="76" type="cond" truecount="2" falsecount="0"/>
          <line num="238" count="72" type="stmt"/>
          <line num="240" count="4" type="stmt"/>
          <line num="243" count="76" type="stmt"/>
          <line num="249" count="76" type="cond" truecount="2" falsecount="0"/>
          <line num="250" count="72" type="stmt"/>
          <line num="252" count="4" type="stmt"/>
          <line num="255" count="76" type="stmt"/>
          <line num="259" count="7" type="stmt"/>
          <line num="267" count="1" type="stmt"/>
          <line num="275" count="3" type="stmt"/>
          <line num="276" count="2" type="stmt"/>
          <line num="277" count="2" type="stmt"/>
          <line num="279" count="1" type="stmt"/>
          <line num="280" count="1" type="stmt"/>
          <line num="285" count="3" type="stmt"/>
          <line num="286" count="2" type="stmt"/>
          <line num="287" count="2" type="stmt"/>
          <line num="289" count="1" type="stmt"/>
          <line num="290" count="1" type="stmt"/>
          <line num="295" count="67" type="cond" truecount="5" falsecount="0"/>
          <line num="296" count="16" type="stmt"/>
          <line num="298" count="1" type="stmt"/>
          <line num="299" count="1" type="stmt"/>
          <line num="303" count="51" type="stmt"/>
          <line num="305" count="1" type="cond" truecount="2" falsecount="0"/>
          <line num="312" count="74" type="stmt"/>
          <line num="313" count="74" type="stmt"/>
          <line num="315" count="74" type="stmt"/>
          <line num="317" count="67" type="stmt"/>
          <line num="321" count="56" type="stmt"/>
          <line num="322" count="6" type="cond" truecount="5" falsecount="0"/>
          <line num="323" count="2" type="stmt"/>
          <line num="325" count="6" type="stmt"/>
          <line num="327" count="56" type="stmt"/>
          <line num="328" count="4" type="stmt"/>
          <line num="329" count="4" type="stmt"/>
          <line num="331" count="56" type="stmt"/>
          <line num="334" count="56" type="cond" truecount="4" falsecount="0"/>
          <line num="335" count="1" type="stmt"/>
          <line num="340" count="55" type="stmt"/>
          <line num="341" count="110" type="cond" truecount="3" falsecount="1"/>
          <line num="347" count="55" type="stmt"/>
          <line num="349" count="55" type="stmt"/>
          <line num="363" count="0" type="cond" truecount="2" falsecount="0"/>
          <line num="367" count="55" type="stmt"/>
          <line num="380" count="1" type="stmt"/>
          <line num="387" count="2" type="stmt"/>
          <line num="390" count="2" type="stmt"/>
          <line num="391" count="1" type="stmt"/>
          <line num="392" count="1" type="stmt"/>
          <line num="394" count="1" type="stmt"/>
          <line num="396" count="2" type="stmt"/>
          <line num="404" count="1" type="stmt"/>
          <line num="405" count="2" type="cond" truecount="2" falsecount="0"/>
          <line num="406" count="1" type="stmt"/>
          <line num="410" count="1" type="stmt"/>
          <line num="416" count="1" type="stmt"/>
          <line num="423" count="1" type="stmt"/>
          <line num="431" count="5" type="stmt"/>
          <line num="436" count="5" type="stmt"/>
          <line num="440" count="74" type="stmt"/>
          <line num="497" count="1" type="stmt"/>
        </file>
        <file name="tableButton.js" path="C:\wamp64\www\react-composite-table\lib\components\tableButton.js">
          <metrics statements="1" coveredstatements="1" conditionals="0" coveredconditionals="0" methods="1" coveredmethods="1"/>
          <line num="5" count="51" type="stmt"/>
        </file>
      </package>
      <package name="lib.factory">
        <metrics statements="11" coveredstatements="11" conditionals="9" coveredconditionals="9" methods="2" coveredmethods="2"/>
        <file name="filterFactory.js" path="C:\wamp64\www\react-composite-table\lib\factory\filterFactory.js">
          <metrics statements="6" coveredstatements="6" conditionals="5" coveredconditionals="5" methods="1" coveredmethods="1"/>
          <line num="8" count="42" type="cond" truecount="2" falsecount="0"/>
          <line num="9" count="1" type="stmt"/>
          <line num="11" count="41" type="cond" truecount="3" falsecount="0"/>
          <line num="13" count="35" type="stmt"/>
          <line num="15" count="5" type="stmt"/>
          <line num="17" count="1" type="stmt"/>
        </file>
        <file name="tableFieldFactory.js" path="C:\wamp64\www\react-composite-table\lib\factory\tableFieldFactory.js">
          <metrics statements="5" coveredstatements="5" conditionals="4" coveredconditionals="4" methods="1" coveredmethods="1"/>
          <line num="9" count="59" type="cond" truecount="4" falsecount="0"/>
          <line num="11" count="49" type="stmt"/>
          <line num="13" count="6" type="stmt"/>
          <line num="15" count="2" type="stmt"/>
          <line num="17" count="2" type="stmt"/>
        </file>
      </package>
      <package name="lib.factory.editableColumnFields">
        <metrics statements="119" coveredstatements="119" conditionals="32" coveredconditionals="32" methods="39" coveredmethods="39"/>
        <file name="editableDateField.js" path="C:\wamp64\www\react-composite-table\lib\factory\editableColumnFields\editableDateField.js">
          <metrics statements="36" coveredstatements="36" conditionals="12" coveredconditionals="12" methods="12" coveredmethods="12"/>
          <line num="11" count="8" type="stmt"/>
          <line num="13" count="8" type="stmt"/>
          <line num="18" count="8" type="stmt"/>
          <line num="19" count="8" type="stmt"/>
          <line num="20" count="8" type="stmt"/>
          <line num="21" count="8" type="stmt"/>
          <line num="22" count="8" type="stmt"/>
          <line num="23" count="8" type="stmt"/>
          <line num="27" count="2" type="stmt"/>
          <line num="31" count="2" type="stmt"/>
          <line num="32" count="1" type="stmt"/>
          <line num="33" count="1" type="stmt"/>
          <line num="34" count="1" type="stmt"/>
          <line num="36" count="1" type="stmt"/>
          <line num="37" count="1" type="stmt"/>
          <line num="42" count="3" type="stmt"/>
          <line num="45" count="3" type="stmt"/>
          <line num="46" count="2" type="stmt"/>
          <line num="47" count="2" type="stmt"/>
          <line num="48" count="2" type="stmt"/>
          <line num="50" count="1" type="stmt"/>
          <line num="51" count="1" type="stmt"/>
          <line num="56" count="1" type="stmt"/>
          <line num="58" count="1" type="stmt"/>
          <line num="59" count="1" type="stmt"/>
          <line num="65" count="3" type="cond" truecount="2" falsecount="0"/>
          <line num="66" count="2" type="stmt"/>
          <line num="71" count="4" type="cond" truecount="4" falsecount="0"/>
          <line num="72" count="3" type="cond" truecount="2" falsecount="0"/>
          <line num="73" count="2" type="stmt"/>
          <line num="75" count="1" type="stmt"/>
          <line num="81" count="1" type="stmt"/>
          <line num="85" count="27" type="cond" truecount="2" falsecount="0"/>
          <line num="86" count="26" type="stmt"/>
          <line num="88" count="26" type="stmt"/>
          <line num="102" count="1" type="stmt"/>
        </file>
        <file name="editableSelectField.js" path="C:\wamp64\www\react-composite-table\lib\factory\editableColumnFields\editableSelectField.js">
          <metrics statements="41" coveredstatements="41" conditionals="8" coveredconditionals="8" methods="14" coveredmethods="14"/>
          <line num="8" count="6" type="stmt"/>
          <line num="10" count="6" type="stmt"/>
          <line num="14" count="6" type="stmt"/>
          <line num="15" count="6" type="stmt"/>
          <line num="16" count="6" type="stmt"/>
          <line num="17" count="6" type="stmt"/>
          <line num="18" count="6" type="stmt"/>
          <line num="19" count="6" type="stmt"/>
          <line num="23" count="1" type="stmt"/>
          <line num="24" count="1" type="stmt"/>
          <line num="30" count="2" type="stmt"/>
          <line num="33" count="2" type="stmt"/>
          <line num="35" count="1" type="stmt"/>
          <line num="36" count="1" type="stmt"/>
          <line num="37" count="1" type="stmt"/>
          <line num="40" count="1" type="stmt"/>
          <line num="41" count="1" type="stmt"/>
          <line num="42" count="1" type="stmt"/>
          <line num="47" count="3" type="stmt"/>
          <line num="51" count="3" type="stmt"/>
          <line num="53" count="2" type="stmt"/>
          <line num="54" count="2" type="stmt"/>
          <line num="55" count="2" type="stmt"/>
          <line num="58" count="1" type="stmt"/>
          <line num="59" count="1" type="stmt"/>
          <line num="60" count="1" type="stmt"/>
          <line num="65" count="4" type="cond" truecount="2" falsecount="0"/>
          <line num="66" count="3" type="cond" truecount="2" falsecount="0"/>
          <line num="67" count="2" type="stmt"/>
          <line num="69" count="1" type="stmt"/>
          <line num="75" count="3" type="cond" truecount="2" falsecount="0"/>
          <line num="76" count="2" type="stmt"/>
          <line num="81" count="1" type="stmt"/>
          <line num="85" count="29" type="cond" truecount="2" falsecount="0"/>
          <line num="86" count="27" type="stmt"/>
          <line num="87" count="27" type="stmt"/>
          <line num="88" count="27" type="stmt"/>
          <line num="102" count="2" type="stmt"/>
          <line num="103" count="2" type="stmt"/>
          <line num="104" count="2" type="stmt"/>
          <line num="114" count="3" type="stmt"/>
        </file>
        <file name="editableTextField.js" path="C:\wamp64\www\react-composite-table\lib\factory\editableColumnFields\editableTextField.js">
          <metrics statements="42" coveredstatements="42" conditionals="12" coveredconditionals="12" methods="13" coveredmethods="13"/>
          <line num="6" count="7" type="stmt"/>
          <line num="8" count="7" type="stmt"/>
          <line num="13" count="7" type="stmt"/>
          <line num="14" count="7" type="stmt"/>
          <line num="15" count="7" type="stmt"/>
          <line num="16" count="7" type="stmt"/>
          <line num="17" count="7" type="stmt"/>
          <line num="18" count="7" type="stmt"/>
          <line num="22" count="9" type="stmt"/>
          <line num="23" count="9" type="stmt"/>
          <line num="24" count="9" type="stmt"/>
          <line num="30" count="2" type="stmt"/>
          <line num="33" count="2" type="stmt"/>
          <line num="35" count="1" type="stmt"/>
          <line num="36" count="1" type="stmt"/>
          <line num="37" count="1" type="stmt"/>
          <line num="40" count="1" type="stmt"/>
          <line num="41" count="1" type="stmt"/>
          <line num="42" count="1" type="stmt"/>
          <line num="47" count="3" type="stmt"/>
          <line num="51" count="3" type="stmt"/>
          <line num="53" count="2" type="stmt"/>
          <line num="54" count="2" type="stmt"/>
          <line num="55" count="2" type="stmt"/>
          <line num="58" count="1" type="stmt"/>
          <line num="59" count="1" type="stmt"/>
          <line num="60" count="1" type="stmt"/>
          <line num="65" count="5" type="cond" truecount="4" falsecount="0"/>
          <line num="66" count="4" type="cond" truecount="2" falsecount="0"/>
          <line num="67" count="2" type="stmt"/>
          <line num="69" count="2" type="stmt"/>
          <line num="75" count="7" type="stmt"/>
          <line num="76" count="7" type="stmt"/>
          <line num="80" count="2" type="cond" truecount="2" falsecount="0"/>
          <line num="81" count="1" type="stmt"/>
          <line num="86" count="1" type="stmt"/>
          <line num="87" count="1" type="stmt"/>
          <line num="88" count="1" type="stmt"/>
          <line num="89" count="1" type="stmt"/>
          <line num="93" count="60" type="cond" truecount="2" falsecount="0"/>
          <line num="94" count="39" type="stmt"/>
          <line num="109" count="21" type="stmt"/>
        </file>
      </package>
      <package name="lib.factory.filterFields">
        <metrics statements="16" coveredstatements="16" conditionals="0" coveredconditionals="0" methods="8" coveredmethods="8"/>
        <file name="selectField.js" path="C:\wamp64\www\react-composite-table\lib\factory\filterFields\selectField.js">
          <metrics statements="8" coveredstatements="8" conditionals="0" coveredconditionals="0" methods="4" coveredmethods="4"/>
          <line num="8" count="1" type="stmt"/>
          <line num="10" count="1" type="stmt"/>
          <line num="14" count="1" type="stmt"/>
          <line num="18" count="1" type="stmt"/>
          <line num="22" count="1" type="stmt"/>
          <line num="25" count="1" type="stmt"/>
          <line num="29" count="4" type="stmt"/>
          <line num="43" count="2" type="stmt"/>
        </file>
        <file name="textField.js" path="C:\wamp64\www\react-composite-table\lib\factory\filterFields\textField.js">
          <metrics statements="8" coveredstatements="8" conditionals="0" coveredconditionals="0" methods="4" coveredmethods="4"/>
          <line num="6" count="5" type="stmt"/>
          <line num="8" count="5" type="stmt"/>
          <line num="12" count="5" type="stmt"/>
          <line num="16" count="19" type="stmt"/>
          <line num="20" count="1" type="stmt"/>
          <line num="21" count="1" type="stmt"/>
          <line num="24" count="1" type="stmt"/>
          <line num="28" count="26" type="stmt"/>
        </file>
      </package>
      <package name="tests.helper">
        <metrics statements="1" coveredstatements="1" conditionals="0" coveredconditionals="0" methods="2" coveredmethods="2"/>
        <file name="index.js" path="C:\wamp64\www\react-composite-table\tests\helper\index.js">
          <metrics statements="1" coveredstatements="1" conditionals="0" coveredconditionals="0" methods="2" coveredmethods="2"/>
          <line num="2" count="22" type="stmt"/>
        </file>
      </package>
    </metrics>
  </project>
</coverage>
