<?xml version="1.0" encoding="UTF-8"?>
<coverage generated="1531303038009" clover="3.2.0">
  <project timestamp="1531303038009" name="All files">
    <metrics statements="327" coveredstatements="316" conditionals="152" coveredconditionals="151" methods="114" coveredmethods="107" elements="593" coveredelements="574" complexity="0" loc="327" ncloc="327" packages="5" files="11" classes="11">
      <package name="actions">
        <metrics statements="15" coveredstatements="15" conditionals="10" coveredconditionals="10" methods="6" coveredmethods="6"/>
        <file name="index.js" path="C:\wamp64\www\react-composite-table\lib\actions\index.js">
          <metrics statements="15" coveredstatements="15" conditionals="10" coveredconditionals="10" methods="6" coveredmethods="6"/>
          <line num="4" count="5" type="stmt"/>
          <line num="5" count="7" type="cond" truecount="2" falsecount="0"/>
          <line num="6" count="2" type="stmt"/>
          <line num="8" count="5" type="stmt"/>
          <line num="9" count="5" type="stmt"/>
          <line num="15" count="2" type="stmt"/>
          <line num="16" count="3" type="stmt"/>
          <line num="17" count="3" type="stmt"/>
          <line num="22" count="7" type="stmt"/>
          <line num="23" count="7" type="stmt"/>
          <line num="25" count="7" type="cond" truecount="2" falsecount="0"/>
          <line num="26" count="1" type="stmt"/>
          <line num="27" count="6" type="cond" truecount="2" falsecount="0"/>
          <line num="28" count="3" type="cond" truecount="2" falsecount="0"/>
          <line num="30" count="3" type="cond" truecount="2" falsecount="0"/>
        </file>
      </package>
      <package name="components">
        <metrics statements="214" coveredstatements="214" conditionals="116" coveredconditionals="116" methods="70" coveredmethods="68"/>
        <file name="footer.js" path="C:\wamp64\www\react-composite-table\lib\components\footer.js">
          <metrics statements="65" coveredstatements="65" conditionals="27" coveredconditionals="27" methods="16" coveredmethods="16"/>
          <line num="7" count="12" type="stmt"/>
          <line num="9" count="12" type="stmt"/>
          <line num="15" count="12" type="stmt"/>
          <line num="16" count="12" type="stmt"/>
          <line num="17" count="12" type="stmt"/>
          <line num="18" count="12" type="stmt"/>
          <line num="19" count="12" type="stmt"/>
          <line num="20" count="12" type="stmt"/>
          <line num="21" count="12" type="stmt"/>
          <line num="22" count="12" type="stmt"/>
          <line num="23" count="12" type="stmt"/>
          <line num="27" count="3" type="stmt"/>
          <line num="28" count="3" type="cond" truecount="2" falsecount="0"/>
          <line num="29" count="3" type="stmt"/>
          <line num="31" count="3" type="stmt"/>
          <line num="35" count="3" type="cond" truecount="2" falsecount="0"/>
          <line num="36" count="1" type="stmt"/>
          <line num="41" count="13" type="stmt"/>
          <line num="42" count="13" type="cond" truecount="2" falsecount="0"/>
          <line num="44" count="13" type="stmt"/>
          <line num="48" count="13" type="stmt"/>
          <line num="49" count="13" type="stmt"/>
          <line num="53" count="2" type="stmt"/>
          <line num="57" count="4" type="cond" truecount="2" falsecount="0"/>
          <line num="58" count="1" type="stmt"/>
          <line num="60" count="3" type="cond" truecount="3" falsecount="0"/>
          <line num="62" count="1" type="stmt"/>
          <line num="63" count="1" type="stmt"/>
          <line num="65" count="1" type="stmt"/>
          <line num="66" count="1" type="stmt"/>
          <line num="68" count="1" type="stmt"/>
          <line num="73" count="2" type="stmt"/>
          <line num="75" count="2" type="cond" truecount="4" falsecount="0"/>
          <line num="76" count="1" type="stmt"/>
          <line num="79" count="2" type="cond" truecount="2" falsecount="0"/>
          <line num="80" count="1" type="stmt"/>
          <line num="83" count="2" type="stmt"/>
          <line num="87" count="3" type="stmt"/>
          <line num="89" count="3" type="cond" truecount="2" falsecount="0"/>
          <line num="90" count="1" type="stmt"/>
          <line num="92" count="3" type="cond" truecount="2" falsecount="0"/>
          <line num="93" count="1" type="stmt"/>
          <line num="96" count="3" type="stmt"/>
          <line num="99" count="3" type="stmt"/>
          <line num="100" count="3" type="stmt"/>
          <line num="105" count="3" type="stmt"/>
          <line num="106" count="3" type="stmt"/>
          <line num="107" count="3" type="stmt"/>
          <line num="109" count="3" type="stmt"/>
          <line num="112" count="3" type="cond" truecount="2" falsecount="0"/>
          <line num="113" count="1" type="stmt"/>
          <line num="119" count="3" type="stmt"/>
          <line num="120" count="3" type="stmt"/>
          <line num="122" count="3" type="cond" truecount="2" falsecount="0"/>
          <line num="123" count="1" type="stmt"/>
          <line num="126" count="3" type="stmt"/>
          <line num="130" count="2" type="stmt"/>
          <line num="132" count="2" type="cond" truecount="2" falsecount="0"/>
          <line num="133" count="1" type="stmt"/>
          <line num="136" count="2" type="stmt"/>
          <line num="140" count="1" type="stmt"/>
          <line num="144" count="1" type="stmt"/>
          <line num="148" count="24" type="stmt"/>
          <line num="151" count="24" type="stmt"/>
          <line num="155" count="50" type="stmt"/>
        </file>
        <file name="message.js" path="C:\wamp64\www\react-composite-table\lib\components\message.js">
          <metrics statements="8" coveredstatements="8" conditionals="5" coveredconditionals="5" methods="2" coveredmethods="2"/>
          <line num="7" count="9" type="cond" truecount="5" falsecount="0"/>
          <line num="9" count="1" type="stmt"/>
          <line num="11" count="1" type="stmt"/>
          <line num="13" count="1" type="stmt"/>
          <line num="15" count="1" type="stmt"/>
          <line num="17" count="5" type="stmt"/>
          <line num="21" count="9" type="stmt"/>
          <line num="29" count="2" type="stmt"/>
        </file>
        <file name="modalDialog.js" path="C:\wamp64\www\react-composite-table\lib\components\modalDialog.js">
          <metrics statements="9" coveredstatements="9" conditionals="0" coveredconditionals="0" methods="3" coveredmethods="3"/>
          <line num="7" count="1" type="stmt"/>
          <line num="9" count="1" type="stmt"/>
          <line num="11" count="1" type="stmt"/>
          <line num="15" count="1" type="stmt"/>
          <line num="19" count="1" type="stmt"/>
          <line num="24" count="2" type="stmt"/>
          <line num="28" count="2" type="stmt"/>
          <line num="30" count="2" type="stmt"/>
          <line num="32" count="2" type="stmt"/>
        </file>
        <file name="table.js" path="C:\wamp64\www\react-composite-table\lib\components\table.js">
          <metrics statements="132" coveredstatements="132" conditionals="84" coveredconditionals="84" methods="49" coveredmethods="47"/>
          <line num="23" count="20" type="stmt"/>
          <line num="25" count="20" type="stmt"/>
          <line num="27" count="20" type="stmt"/>
          <line num="29" count="20" type="stmt"/>
          <line num="30" count="1" type="stmt"/>
          <line num="33" count="20" type="stmt"/>
          <line num="51" count="20" type="stmt"/>
          <line num="52" count="20" type="stmt"/>
          <line num="53" count="20" type="stmt"/>
          <line num="54" count="20" type="stmt"/>
          <line num="55" count="20" type="stmt"/>
          <line num="56" count="20" type="stmt"/>
          <line num="57" count="20" type="stmt"/>
          <line num="58" count="20" type="stmt"/>
          <line num="59" count="20" type="stmt"/>
          <line num="60" count="20" type="stmt"/>
          <line num="61" count="20" type="stmt"/>
          <line num="62" count="20" type="stmt"/>
          <line num="63" count="20" type="stmt"/>
          <line num="64" count="20" type="stmt"/>
          <line num="65" count="20" type="stmt"/>
          <line num="66" count="20" type="stmt"/>
          <line num="67" count="20" type="stmt"/>
          <line num="68" count="20" type="stmt"/>
          <line num="69" count="20" type="stmt"/>
          <line num="73" count="35" type="cond" truecount="4" falsecount="0"/>
          <line num="74" count="7" type="stmt"/>
          <line num="76" count="7" type="stmt"/>
          <line num="77" count="4" type="stmt"/>
          <line num="80" count="7" type="cond" truecount="2" falsecount="0"/>
          <line num="81" count="2" type="stmt"/>
          <line num="83" count="7" type="stmt"/>
          <line num="85" count="7" type="stmt"/>
          <line num="86" count="28" type="cond" truecount="15" falsecount="0"/>
          <line num="99" count="25" type="stmt"/>
          <line num="101" count="3" type="stmt"/>
          <line num="106" count="7" type="stmt"/>
          <line num="112" count="3" type="stmt"/>
          <line num="118" count="1" type="stmt"/>
          <line num="124" count="1" type="stmt"/>
          <line num="130" count="1" type="stmt"/>
          <line num="134" count="1" type="stmt"/>
          <line num="137" count="1" type="stmt"/>
          <line num="141" count="5" type="stmt"/>
          <line num="142" count="5" type="stmt"/>
          <line num="143" count="5" type="stmt"/>
          <line num="145" count="5" type="stmt"/>
          <line num="150" count="5" type="cond" truecount="2" falsecount="0"/>
          <line num="151" count="2" type="stmt"/>
          <line num="153" count="5" type="cond" truecount="2" falsecount="0"/>
          <line num="154" count="3" type="stmt"/>
          <line num="156" count="5" type="stmt"/>
          <line num="160" count="2" type="cond" truecount="2" falsecount="0"/>
          <line num="161" count="1" type="stmt"/>
          <line num="163" count="1" type="stmt"/>
          <line num="168" count="3" type="stmt"/>
          <line num="172" count="52" type="stmt"/>
          <line num="174" count="20" type="cond" truecount="2" falsecount="0"/>
          <line num="175" count="19" type="stmt"/>
          <line num="195" count="1" type="stmt"/>
          <line num="206" count="2" type="stmt"/>
          <line num="207" count="2" type="stmt"/>
          <line num="208" count="2" type="stmt"/>
          <line num="209" count="2" type="cond" truecount="2" falsecount="0"/>
          <line num="211" count="2" type="stmt"/>
          <line num="213" count="2" type="stmt"/>
          <line num="220" count="52" type="stmt"/>
          <line num="222" count="20" type="stmt"/>
          <line num="237" count="13" type="stmt"/>
          <line num="243" count="2" type="stmt"/>
          <line num="244" count="2" type="stmt"/>
          <line num="245" count="2" type="stmt"/>
          <line num="249" count="5" type="stmt"/>
          <line num="260" count="2" type="stmt"/>
          <line num="261" count="2" type="stmt"/>
          <line num="263" count="2" type="cond" truecount="2" falsecount="0"/>
          <line num="264" count="1" type="stmt"/>
          <line num="265" count="1" type="stmt"/>
          <line num="266" count="1" type="stmt"/>
          <line num="271" count="1" type="stmt"/>
          <line num="275" count="1" type="stmt"/>
          <line num="283" count="54" type="cond" truecount="2" falsecount="0"/>
          <line num="284" count="50" type="stmt"/>
          <line num="286" count="4" type="stmt"/>
          <line num="289" count="54" type="stmt"/>
          <line num="295" count="54" type="cond" truecount="2" falsecount="0"/>
          <line num="296" count="50" type="stmt"/>
          <line num="298" count="4" type="stmt"/>
          <line num="301" count="54" type="stmt"/>
          <line num="305" count="1" type="stmt"/>
          <line num="313" count="1" type="stmt"/>
          <line num="321" count="52" type="stmt"/>
          <line num="322" count="52" type="stmt"/>
          <line num="323" count="52" type="stmt"/>
          <line num="325" count="52" type="stmt"/>
          <line num="327" count="33" type="stmt"/>
          <line num="329" count="33" type="stmt"/>
          <line num="333" count="22" type="stmt"/>
          <line num="334" count="22" type="stmt"/>
          <line num="335" count="22" type="cond" truecount="4" falsecount="0"/>
          <line num="336" count="1" type="stmt"/>
          <line num="339" count="21" type="cond" truecount="4" falsecount="0"/>
          <line num="340" count="14" type="stmt"/>
          <line num="354" count="7" type="cond" truecount="4" falsecount="0"/>
          <line num="355" count="5" type="stmt"/>
          <line num="356" count="5" type="stmt"/>
          <line num="357" count="5" type="stmt"/>
          <line num="373" count="2" type="cond" truecount="5" falsecount="0"/>
          <line num="374" count="1" type="stmt"/>
          <line num="395" count="1" type="stmt"/>
          <line num="400" count="2" type="cond" truecount="2" falsecount="0"/>
          <line num="401" count="1" type="stmt"/>
          <line num="403" count="1" type="stmt"/>
          <line num="404" count="1" type="stmt"/>
          <line num="406" count="2" type="stmt"/>
          <line num="421" count="1" type="stmt"/>
          <line num="428" count="2" type="stmt"/>
          <line num="431" count="2" type="stmt"/>
          <line num="432" count="1" type="stmt"/>
          <line num="433" count="1" type="stmt"/>
          <line num="435" count="1" type="stmt"/>
          <line num="437" count="2" type="stmt"/>
          <line num="445" count="1" type="stmt"/>
          <line num="446" count="2" type="cond" truecount="2" falsecount="0"/>
          <line num="447" count="1" type="stmt"/>
          <line num="451" count="1" type="stmt"/>
          <line num="457" count="1" type="stmt"/>
          <line num="464" count="1" type="stmt"/>
          <line num="472" count="2" type="stmt"/>
          <line num="477" count="2" type="stmt"/>
          <line num="481" count="52" type="stmt"/>
          <line num="538" count="1" type="stmt"/>
        </file>
      </package>
      <package name="factory">
        <metrics statements="3" coveredstatements="3" conditionals="3" coveredconditionals="3" methods="1" coveredmethods="1"/>
        <file name="tableFieldFactory.js" path="C:\wamp64\www\react-composite-table\lib\factory\tableFieldFactory.js">
          <metrics statements="3" coveredstatements="3" conditionals="3" coveredconditionals="3" methods="1" coveredmethods="1"/>
          <line num="7" count="2" type="cond" truecount="3" falsecount="0"/>
          <line num="10" count="1" type="stmt"/>
          <line num="15" count="1" type="stmt"/>
        </file>
      </package>
      <package name="factory.editableColumnFields">
        <metrics statements="80" coveredstatements="69" conditionals="23" coveredconditionals="22" methods="29" coveredmethods="24"/>
        <file name="editableDateField.js" path="C:\wamp64\www\react-composite-table\lib\factory\editableColumnFields\editableDateField.js">
          <metrics statements="23" coveredstatements="12" conditionals="7" coveredconditionals="6" methods="9" coveredmethods="4"/>
          <line num="11" count="1" type="stmt"/>
          <line num="13" count="1" type="stmt"/>
          <line num="18" count="1" type="stmt"/>
          <line num="19" count="1" type="stmt"/>
          <line num="20" count="1" type="stmt"/>
          <line num="21" count="1" type="stmt"/>
          <line num="25" count="0" type="stmt"/>
          <line num="29" count="0" type="stmt"/>
          <line num="30" count="0" type="stmt"/>
          <line num="33" count="0" type="stmt"/>
          <line num="34" count="0" type="stmt"/>
          <line num="36" count="0" type="stmt"/>
          <line num="39" count="0" type="stmt"/>
          <line num="44" count="0" type="stmt"/>
          <line num="46" count="0" type="stmt"/>
          <line num="49" count="0" type="stmt"/>
          <line num="53" count="0" type="stmt"/>
          <line num="57" count="1" type="stmt"/>
          <line num="61" count="2" type="cond" truecount="3" falsecount="0"/>
          <line num="67" count="2" type="cond" truecount="2" falsecount="0"/>
          <line num="68" count="1" type="stmt"/>
          <line num="70" count="1" type="stmt"/>
          <line num="83" count="1" type="stmt"/>
        </file>
        <file name="editableSelectField.js" path="C:\wamp64\www\react-composite-table\lib\factory\editableColumnFields\editableSelectField.js">
          <metrics statements="24" coveredstatements="24" conditionals="7" coveredconditionals="7" methods="9" coveredmethods="9"/>
          <line num="8" count="1" type="stmt"/>
          <line num="10" count="1" type="stmt"/>
          <line num="14" count="1" type="stmt"/>
          <line num="15" count="1" type="stmt"/>
          <line num="16" count="1" type="stmt"/>
          <line num="17" count="1" type="stmt"/>
          <line num="21" count="6" type="cond" truecount="2" falsecount="0"/>
          <line num="22" count="1" type="stmt"/>
          <line num="27" count="2" type="stmt"/>
          <line num="31" count="2" type="stmt"/>
          <line num="33" count="1" type="stmt"/>
          <line num="37" count="1" type="stmt"/>
          <line num="38" count="1" type="stmt"/>
          <line num="41" count="1" type="stmt"/>
          <line num="42" count="1" type="stmt"/>
          <line num="43" count="1" type="stmt"/>
          <line num="48" count="2" type="stmt"/>
          <line num="52" count="1" type="stmt"/>
          <line num="56" count="12" type="cond" truecount="3" falsecount="0"/>
          <line num="62" count="12" type="cond" truecount="2" falsecount="0"/>
          <line num="63" count="11" type="stmt"/>
          <line num="76" count="1" type="stmt"/>
          <line num="77" count="1" type="stmt"/>
          <line num="87" count="2" type="stmt"/>
        </file>
        <file name="editableTextField.js" path="C:\wamp64\www\react-composite-table\lib\factory\editableColumnFields\editableTextField.js">
          <metrics statements="33" coveredstatements="33" conditionals="9" coveredconditionals="9" methods="11" coveredmethods="11"/>
          <line num="7" count="1" type="stmt"/>
          <line num="9" count="1" type="stmt"/>
          <line num="14" count="1" type="stmt"/>
          <line num="15" count="1" type="stmt"/>
          <line num="16" count="1" type="stmt"/>
          <line num="17" count="1" type="stmt"/>
          <line num="18" count="1" type="stmt"/>
          <line num="19" count="1" type="stmt"/>
          <line num="23" count="1" type="stmt"/>
          <line num="24" count="1" type="stmt"/>
          <line num="30" count="2" type="stmt"/>
          <line num="34" count="2" type="stmt"/>
          <line num="36" count="1" type="stmt"/>
          <line num="37" count="1" type="stmt"/>
          <line num="38" count="1" type="stmt"/>
          <line num="39" count="1" type="stmt"/>
          <line num="42" count="1" type="stmt"/>
          <line num="43" count="1" type="stmt"/>
          <line num="44" count="1" type="stmt"/>
          <line num="45" count="1" type="stmt"/>
          <line num="50" count="2" type="cond" truecount="2" falsecount="0"/>
          <line num="51" count="1" type="stmt"/>
          <line num="56" count="1" type="stmt"/>
          <line num="57" count="1" type="stmt"/>
          <line num="61" count="1" type="stmt"/>
          <line num="65" count="1" type="stmt"/>
          <line num="66" count="1" type="stmt"/>
          <line num="67" count="1" type="stmt"/>
          <line num="68" count="1" type="stmt"/>
          <line num="72" count="12" type="cond" truecount="3" falsecount="0"/>
          <line num="78" count="12" type="cond" truecount="2" falsecount="0"/>
          <line num="79" count="9" type="stmt"/>
          <line num="94" count="3" type="stmt"/>
        </file>
      </package>
      <package name="factory.filterFields">
        <metrics statements="15" coveredstatements="15" conditionals="0" coveredconditionals="0" methods="8" coveredmethods="8"/>
        <file name="selectField.js" path="C:\wamp64\www\react-composite-table\lib\factory\filterFields\selectField.js">
          <metrics statements="8" coveredstatements="8" conditionals="0" coveredconditionals="0" methods="4" coveredmethods="4"/>
          <line num="8" count="2" type="stmt"/>
          <line num="10" count="2" type="stmt"/>
          <line num="14" count="2" type="stmt"/>
          <line num="18" count="1" type="stmt"/>
          <line num="22" count="1" type="stmt"/>
          <line num="25" count="1" type="stmt"/>
          <line num="29" count="5" type="stmt"/>
          <line num="43" count="3" type="stmt"/>
        </file>
        <file name="textField.js" path="C:\wamp64\www\react-composite-table\lib\factory\filterFields\textField.js">
          <metrics statements="7" coveredstatements="7" conditionals="0" coveredconditionals="0" methods="4" coveredmethods="4"/>
          <line num="6" count="1" type="stmt"/>
          <line num="8" count="1" type="stmt"/>
          <line num="12" count="1" type="stmt"/>
          <line num="16" count="1" type="stmt"/>
          <line num="20" count="1" type="stmt"/>
          <line num="23" count="1" type="stmt"/>
          <line num="27" count="4" type="stmt"/>
        </file>
      </package>
    </metrics>
  </project>
</coverage>
