{"C:\\wamp64\\www\\react-composite-table\\lib\\actions\\index.js": {"path":"C:\\wamp64\\www\\react-composite-table\\lib\\actions\\index.js","statementMap":{"0":{"start":{"line":4,"column":4},"end":{"line":8,"column":5}},"1":{"start":{"line":5,"column":26},"end":{"line":5,"column":54}},"2":{"start":{"line":6,"column":12},"end":{"line":6,"column":80}},"3":{"start":{"line":12,"column":4},"end":{"line":15,"column":7}},"4":{"start":{"line":13,"column":22},"end":{"line":13,"column":50}},"5":{"start":{"line":14,"column":8},"end":{"line":14,"column":76}},"6":{"start":{"line":14,"column":48},"end":{"line":14,"column":74}},"7":{"start":{"line":19,"column":23},"end":{"line":19,"column":43}},"8":{"start":{"line":20,"column":24},"end":{"line":20,"column":44}},"9":{"start":{"line":22,"column":4},"end":{"line":28,"column":5}},"10":{"start":{"line":23,"column":8},"end":{"line":23,"column":17}},"11":{"start":{"line":24,"column":11},"end":{"line":28,"column":5}},"12":{"start":{"line":25,"column":8},"end":{"line":25,"column":39}},"13":{"start":{"line":27,"column":8},"end":{"line":27,"column":39}},"14":{"start":{"line":32,"column":29},"end":{"line":35,"column":6}},"15":{"start":{"line":33,"column":32},"end":{"line":33,"column":54}},"16":{"start":{"line":34,"column":8},"end":{"line":34,"column":31}},"17":{"start":{"line":36,"column":4},"end":{"line":36,"column":28}}},"fnMap":{"0":{"name":"filterByLabel","decl":{"start":{"line":3,"column":16},"end":{"line":3,"column":29}},"loc":{"start":{"line":3,"column":69},"end":{"line":9,"column":1}},"line":3},"1":{"name":"(anonymous_1)","decl":{"start":{"line":4,"column":23},"end":{"line":4,"column":24}},"loc":{"start":{"line":4,"column":30},"end":{"line":7,"column":9}},"line":4},"2":{"name":"filterByMultiSelectLabel","decl":{"start":{"line":11,"column":16},"end":{"line":11,"column":40}},"loc":{"start":{"line":11,"column":81},"end":{"line":16,"column":1}},"line":11},"3":{"name":"(anonymous_3)","decl":{"start":{"line":12,"column":23},"end":{"line":12,"column":24}},"loc":{"start":{"line":12,"column":30},"end":{"line":15,"column":5}},"line":12},"4":{"name":"(anonymous_4)","decl":{"start":{"line":14,"column":33},"end":{"line":14,"column":34}},"loc":{"start":{"line":14,"column":48},"end":{"line":14,"column":74}},"line":14},"5":{"name":"sorting","decl":{"start":{"line":18,"column":16},"end":{"line":18,"column":23}},"loc":{"start":{"line":18,"column":51},"end":{"line":29,"column":1}},"line":18},"6":{"name":"validateField","decl":{"start":{"line":31,"column":16},"end":{"line":31,"column":29}},"loc":{"start":{"line":31,"column":49},"end":{"line":37,"column":1}},"line":31},"7":{"name":"(anonymous_7)","decl":{"start":{"line":32,"column":47},"end":{"line":32,"column":48}},"loc":{"start":{"line":32,"column":60},"end":{"line":35,"column":5}},"line":32}},"branchMap":{"0":{"loc":{"start":{"line":22,"column":4},"end":{"line":28,"column":5}},"type":"if","locations":[{"start":{"line":22,"column":4},"end":{"line":28,"column":5}},{"start":{"line":22,"column":4},"end":{"line":28,"column":5}}],"line":22},"1":{"loc":{"start":{"line":24,"column":11},"end":{"line":28,"column":5}},"type":"if","locations":[{"start":{"line":24,"column":11},"end":{"line":28,"column":5}},{"start":{"line":24,"column":11},"end":{"line":28,"column":5}}],"line":24},"2":{"loc":{"start":{"line":25,"column":15},"end":{"line":25,"column":38}},"type":"cond-expr","locations":[{"start":{"line":25,"column":32},"end":{"line":25,"column":34}},{"start":{"line":25,"column":37},"end":{"line":25,"column":38}}],"line":25},"3":{"loc":{"start":{"line":27,"column":15},"end":{"line":27,"column":38}},"type":"cond-expr","locations":[{"start":{"line":27,"column":32},"end":{"line":27,"column":33}},{"start":{"line":27,"column":36},"end":{"line":27,"column":38}}],"line":27}},"s":{"0":5,"1":7,"2":7,"3":2,"4":3,"5":3,"6":3,"7":7,"8":7,"9":7,"10":1,"11":6,"12":3,"13":3,"14":69,"15":43,"16":43,"17":69},"f":{"0":5,"1":7,"2":2,"3":3,"4":3,"5":7,"6":69,"7":43},"b":{"0":[1,6],"1":[3,3],"2":[1,2],"3":[2,1]},"_coverageSchema":"332fd63041d2c1bcb487cc26dd0d5f7d97098a6c","hash":"54e08e2334194c321ad82914d7fe6ebbb4401d88"}
,"C:\\wamp64\\www\\react-composite-table\\lib\\components\\customButtons.js": {"path":"C:\\wamp64\\www\\react-composite-table\\lib\\components\\customButtons.js","statementMap":{"0":{"start":{"line":5,"column":31},"end":{"line":5,"column":41}},"1":{"start":{"line":7,"column":8},"end":{"line":26,"column":10}},"2":{"start":{"line":12,"column":20},"end":{"line":17,"column":21}},"3":{"start":{"line":13,"column":24},"end":{"line":13,"column":62}},"4":{"start":{"line":15,"column":67},"end":{"line":15,"column":78}},"5":{"start":{"line":16,"column":24},"end":{"line":16,"column":152}},"6":{"start":{"line":19,"column":20},"end":{"line":23,"column":22}}},"fnMap":{"0":{"name":"(anonymous_0)","decl":{"start":{"line":4,"column":2},"end":{"line":4,"column":3}},"loc":{"start":{"line":4,"column":11},"end":{"line":27,"column":5}},"line":4},"1":{"name":"(anonymous_1)","decl":{"start":{"line":9,"column":29},"end":{"line":9,"column":30}},"loc":{"start":{"line":9,"column":44},"end":{"line":24,"column":17}},"line":9}},"branchMap":{"0":{"loc":{"start":{"line":12,"column":20},"end":{"line":17,"column":21}},"type":"if","locations":[{"start":{"line":12,"column":20},"end":{"line":17,"column":21}},{"start":{"line":12,"column":20},"end":{"line":17,"column":21}}],"line":12}},"s":{"0":28,"1":28,"2":4,"3":2,"4":2,"5":2,"6":4},"f":{"0":28,"1":4},"b":{"0":[2,2]},"_coverageSchema":"332fd63041d2c1bcb487cc26dd0d5f7d97098a6c","hash":"7dd43c040fdcbecdbfeca9ec7e668b01a1f28a0f"}
,"C:\\wamp64\\www\\react-composite-table\\lib\\components\\footer.js": {"path":"C:\\wamp64\\www\\react-composite-table\\lib\\components\\footer.js","statementMap":{"0":{"start":{"line":7,"column":8},"end":{"line":7,"column":21}},"1":{"start":{"line":9,"column":8},"end":{"line":13,"column":9}},"2":{"start":{"line":15,"column":8},"end":{"line":15,"column":71}},"3":{"start":{"line":16,"column":8},"end":{"line":16,"column":73}},"4":{"start":{"line":17,"column":8},"end":{"line":17,"column":73}},"5":{"start":{"line":18,"column":8},"end":{"line":18,"column":75}},"6":{"start":{"line":19,"column":8},"end":{"line":19,"column":69}},"7":{"start":{"line":20,"column":8},"end":{"line":20,"column":67}},"8":{"start":{"line":21,"column":8},"end":{"line":21,"column":67}},"9":{"start":{"line":22,"column":8},"end":{"line":22,"column":59}},"10":{"start":{"line":23,"column":8},"end":{"line":23,"column":81}},"11":{"start":{"line":27,"column":22},"end":{"line":27,"column":86}},"12":{"start":{"line":28,"column":31},"end":{"line":28,"column":52}},"13":{"start":{"line":29,"column":28},"end":{"line":29,"column":50}},"14":{"start":{"line":31,"column":8},"end":{"line":33,"column":11}},"15":{"start":{"line":35,"column":8},"end":{"line":37,"column":9}},"16":{"start":{"line":36,"column":12},"end":{"line":36,"column":58}},"17":{"start":{"line":41,"column":22},"end":{"line":41,"column":87}},"18":{"start":{"line":42,"column":31},"end":{"line":42,"column":52}},"19":{"start":{"line":44,"column":8},"end":{"line":46,"column":11}},"20":{"start":{"line":48,"column":8},"end":{"line":48,"column":41}},"21":{"start":{"line":49,"column":8},"end":{"line":49,"column":63}},"22":{"start":{"line":53,"column":8},"end":{"line":53,"column":66}},"23":{"start":{"line":57,"column":8},"end":{"line":59,"column":9}},"24":{"start":{"line":58,"column":12},"end":{"line":58,"column":24}},"25":{"start":{"line":60,"column":8},"end":{"line":69,"column":9}},"26":{"start":{"line":62,"column":16},"end":{"line":62,"column":41}},"27":{"start":{"line":63,"column":16},"end":{"line":63,"column":22}},"28":{"start":{"line":65,"column":16},"end":{"line":65,"column":45}},"29":{"start":{"line":66,"column":16},"end":{"line":66,"column":22}},"30":{"start":{"line":68,"column":16},"end":{"line":68,"column":22}},"31":{"start":{"line":73,"column":22},"end":{"line":73,"column":50}},"32":{"start":{"line":75,"column":8},"end":{"line":77,"column":9}},"33":{"start":{"line":76,"column":12},"end":{"line":76,"column":24}},"34":{"start":{"line":79,"column":8},"end":{"line":81,"column":9}},"35":{"start":{"line":80,"column":12},"end":{"line":80,"column":48}},"36":{"start":{"line":83,"column":8},"end":{"line":83,"column":47}},"37":{"start":{"line":87,"column":30},"end":{"line":87,"column":58}},"38":{"start":{"line":89,"column":8},"end":{"line":91,"column":9}},"39":{"start":{"line":90,"column":12},"end":{"line":90,"column":65}},"40":{"start":{"line":92,"column":8},"end":{"line":94,"column":9}},"41":{"start":{"line":93,"column":12},"end":{"line":93,"column":65}},"42":{"start":{"line":96,"column":8},"end":{"line":101,"column":11}},"43":{"start":{"line":99,"column":12},"end":{"line":99,"column":55}},"44":{"start":{"line":100,"column":12},"end":{"line":100,"column":57}},"45":{"start":{"line":105,"column":30},"end":{"line":105,"column":57}},"46":{"start":{"line":106,"column":28},"end":{"line":106,"column":50}},"47":{"start":{"line":107,"column":31},"end":{"line":107,"column":68}},"48":{"start":{"line":109,"column":8},"end":{"line":115,"column":11}},"49":{"start":{"line":112,"column":12},"end":{"line":114,"column":13}},"50":{"start":{"line":113,"column":16},"end":{"line":113,"column":62}},"51":{"start":{"line":119,"column":23},"end":{"line":119,"column":49}},"52":{"start":{"line":120,"column":25},"end":{"line":120,"column":50}},"53":{"start":{"line":122,"column":8},"end":{"line":124,"column":9}},"54":{"start":{"line":123,"column":12},"end":{"line":123,"column":32}},"55":{"start":{"line":126,"column":8},"end":{"line":126,"column":48}},"56":{"start":{"line":130,"column":23},"end":{"line":130,"column":49}},"57":{"start":{"line":132,"column":8},"end":{"line":134,"column":9}},"58":{"start":{"line":133,"column":12},"end":{"line":133,"column":25}},"59":{"start":{"line":136,"column":8},"end":{"line":136,"column":48}},"60":{"start":{"line":140,"column":8},"end":{"line":140,"column":41}},"61":{"start":{"line":144,"column":8},"end":{"line":144,"column":65}},"62":{"start":{"line":148,"column":8},"end":{"line":150,"column":11}},"63":{"start":{"line":151,"column":8},"end":{"line":151,"column":64}},"64":{"start":{"line":155,"column":8},"end":{"line":215,"column":10}}},"fnMap":{"0":{"name":"(anonymous_0)","decl":{"start":{"line":6,"column":4},"end":{"line":6,"column":5}},"loc":{"start":{"line":6,"column":23},"end":{"line":24,"column":5}},"line":6},"1":{"name":"(anonymous_1)","decl":{"start":{"line":26,"column":4},"end":{"line":26,"column":5}},"loc":{"start":{"line":26,"column":41},"end":{"line":38,"column":5}},"line":26},"2":{"name":"(anonymous_2)","decl":{"start":{"line":40,"column":4},"end":{"line":40,"column":5}},"loc":{"start":{"line":40,"column":24},"end":{"line":50,"column":5}},"line":40},"3":{"name":"(anonymous_3)","decl":{"start":{"line":52,"column":4},"end":{"line":52,"column":5}},"loc":{"start":{"line":52,"column":27},"end":{"line":54,"column":5}},"line":52},"4":{"name":"(anonymous_4)","decl":{"start":{"line":56,"column":4},"end":{"line":56,"column":5}},"loc":{"start":{"line":56,"column":25},"end":{"line":70,"column":5}},"line":56},"5":{"name":"(anonymous_5)","decl":{"start":{"line":72,"column":4},"end":{"line":72,"column":5}},"loc":{"start":{"line":72,"column":31},"end":{"line":84,"column":5}},"line":72},"6":{"name":"(anonymous_6)","decl":{"start":{"line":86,"column":4},"end":{"line":86,"column":5}},"loc":{"start":{"line":86,"column":32},"end":{"line":102,"column":5}},"line":86},"7":{"name":"(anonymous_7)","decl":{"start":{"line":98,"column":11},"end":{"line":98,"column":12}},"loc":{"start":{"line":98,"column":17},"end":{"line":101,"column":9}},"line":98},"8":{"name":"(anonymous_8)","decl":{"start":{"line":104,"column":4},"end":{"line":104,"column":5}},"loc":{"start":{"line":104,"column":42},"end":{"line":116,"column":5}},"line":104},"9":{"name":"(anonymous_9)","decl":{"start":{"line":111,"column":11},"end":{"line":111,"column":12}},"loc":{"start":{"line":111,"column":17},"end":{"line":115,"column":9}},"line":111},"10":{"name":"(anonymous_10)","decl":{"start":{"line":118,"column":4},"end":{"line":118,"column":5}},"loc":{"start":{"line":118,"column":24},"end":{"line":127,"column":5}},"line":118},"11":{"name":"(anonymous_11)","decl":{"start":{"line":129,"column":4},"end":{"line":129,"column":5}},"loc":{"start":{"line":129,"column":28},"end":{"line":137,"column":5}},"line":129},"12":{"name":"(anonymous_12)","decl":{"start":{"line":139,"column":4},"end":{"line":139,"column":5}},"loc":{"start":{"line":139,"column":25},"end":{"line":141,"column":5}},"line":139},"13":{"name":"(anonymous_13)","decl":{"start":{"line":143,"column":4},"end":{"line":143,"column":5}},"loc":{"start":{"line":143,"column":24},"end":{"line":145,"column":5}},"line":143},"14":{"name":"(anonymous_14)","decl":{"start":{"line":147,"column":4},"end":{"line":147,"column":5}},"loc":{"start":{"line":147,"column":48},"end":{"line":152,"column":5}},"line":147},"15":{"name":"(anonymous_15)","decl":{"start":{"line":154,"column":4},"end":{"line":154,"column":5}},"loc":{"start":{"line":154,"column":13},"end":{"line":216,"column":5}},"line":154}},"branchMap":{"0":{"loc":{"start":{"line":28,"column":31},"end":{"line":28,"column":52}},"type":"cond-expr","locations":[{"start":{"line":28,"column":43},"end":{"line":28,"column":44}},{"start":{"line":28,"column":47},"end":{"line":28,"column":52}}],"line":28},"1":{"loc":{"start":{"line":35,"column":8},"end":{"line":37,"column":9}},"type":"if","locations":[{"start":{"line":35,"column":8},"end":{"line":37,"column":9}},{"start":{"line":35,"column":8},"end":{"line":37,"column":9}}],"line":35},"2":{"loc":{"start":{"line":42,"column":31},"end":{"line":42,"column":52}},"type":"cond-expr","locations":[{"start":{"line":42,"column":43},"end":{"line":42,"column":44}},{"start":{"line":42,"column":47},"end":{"line":42,"column":52}}],"line":42},"3":{"loc":{"start":{"line":57,"column":8},"end":{"line":59,"column":9}},"type":"if","locations":[{"start":{"line":57,"column":8},"end":{"line":59,"column":9}},{"start":{"line":57,"column":8},"end":{"line":59,"column":9}}],"line":57},"4":{"loc":{"start":{"line":60,"column":8},"end":{"line":69,"column":9}},"type":"switch","locations":[{"start":{"line":61,"column":12},"end":{"line":63,"column":22}},{"start":{"line":64,"column":12},"end":{"line":66,"column":22}},{"start":{"line":67,"column":12},"end":{"line":68,"column":22}}],"line":60},"5":{"loc":{"start":{"line":75,"column":8},"end":{"line":77,"column":9}},"type":"if","locations":[{"start":{"line":75,"column":8},"end":{"line":77,"column":9}},{"start":{"line":75,"column":8},"end":{"line":77,"column":9}}],"line":75},"6":{"loc":{"start":{"line":75,"column":12},"end":{"line":75,"column":42}},"type":"binary-expr","locations":[{"start":{"line":75,"column":12},"end":{"line":75,"column":26}},{"start":{"line":75,"column":30},"end":{"line":75,"column":42}}],"line":75},"7":{"loc":{"start":{"line":79,"column":8},"end":{"line":81,"column":9}},"type":"if","locations":[{"start":{"line":79,"column":8},"end":{"line":81,"column":9}},{"start":{"line":79,"column":8},"end":{"line":81,"column":9}}],"line":79},"8":{"loc":{"start":{"line":89,"column":8},"end":{"line":91,"column":9}},"type":"if","locations":[{"start":{"line":89,"column":8},"end":{"line":91,"column":9}},{"start":{"line":89,"column":8},"end":{"line":91,"column":9}}],"line":89},"9":{"loc":{"start":{"line":92,"column":8},"end":{"line":94,"column":9}},"type":"if","locations":[{"start":{"line":92,"column":8},"end":{"line":94,"column":9}},{"start":{"line":92,"column":8},"end":{"line":94,"column":9}}],"line":92},"10":{"loc":{"start":{"line":112,"column":12},"end":{"line":114,"column":13}},"type":"if","locations":[{"start":{"line":112,"column":12},"end":{"line":114,"column":13}},{"start":{"line":112,"column":12},"end":{"line":114,"column":13}}],"line":112},"11":{"loc":{"start":{"line":122,"column":8},"end":{"line":124,"column":9}},"type":"if","locations":[{"start":{"line":122,"column":8},"end":{"line":124,"column":9}},{"start":{"line":122,"column":8},"end":{"line":124,"column":9}}],"line":122},"12":{"loc":{"start":{"line":132,"column":8},"end":{"line":134,"column":9}},"type":"if","locations":[{"start":{"line":132,"column":8},"end":{"line":134,"column":9}},{"start":{"line":132,"column":8},"end":{"line":134,"column":9}}],"line":132},"13":{"loc":{"start":{"line":160,"column":31},"end":{"line":160,"column":84}},"type":"cond-expr","locations":[{"start":{"line":160,"column":54},"end":{"line":160,"column":74}},{"start":{"line":160,"column":77},"end":{"line":160,"column":84}}],"line":160},"14":{"loc":{"start":{"line":209,"column":35},"end":{"line":209,"column":111}},"type":"cond-expr","locations":[{"start":{"line":209,"column":65},"end":{"line":209,"column":92}},{"start":{"line":209,"column":95},"end":{"line":209,"column":111}}],"line":209}},"s":{"0":18,"1":18,"2":18,"3":18,"4":18,"5":18,"6":18,"7":18,"8":18,"9":18,"10":18,"11":29,"12":29,"13":29,"14":29,"15":29,"16":1,"17":19,"18":19,"19":19,"20":19,"21":19,"22":2,"23":4,"24":1,"25":3,"26":1,"27":1,"28":1,"29":1,"30":1,"31":2,"32":2,"33":1,"34":2,"35":1,"36":2,"37":3,"38":3,"39":1,"40":3,"41":1,"42":3,"43":3,"44":3,"45":3,"46":3,"47":3,"48":3,"49":3,"50":1,"51":3,"52":3,"53":3,"54":1,"55":3,"56":2,"57":2,"58":1,"59":2,"60":1,"61":1,"62":30,"63":30,"64":88},"f":{"0":18,"1":29,"2":19,"3":2,"4":4,"5":2,"6":3,"7":3,"8":3,"9":3,"10":3,"11":2,"12":1,"13":1,"14":30,"15":88},"b":{"0":[27,2],"1":[1,28],"2":[7,12],"3":[1,3],"4":[1,1,1],"5":[1,1],"6":[2,1],"7":[1,1],"8":[1,2],"9":[1,2],"10":[1,2],"11":[1,2],"12":[1,1],"13":[0,88],"14":[0,88]},"_coverageSchema":"332fd63041d2c1bcb487cc26dd0d5f7d97098a6c","hash":"6437c0055c9d7985857b78e39d13f798905f7820"}
,"C:\\wamp64\\www\\react-composite-table\\lib\\components\\message.js": {"path":"C:\\wamp64\\www\\react-composite-table\\lib\\components\\message.js","statementMap":{"0":{"start":{"line":7,"column":4},"end":{"line":18,"column":5}},"1":{"start":{"line":9,"column":8},"end":{"line":9,"column":52}},"2":{"start":{"line":11,"column":8},"end":{"line":11,"column":51}},"3":{"start":{"line":13,"column":8},"end":{"line":13,"column":49}},"4":{"start":{"line":15,"column":8},"end":{"line":15,"column":54}},"5":{"start":{"line":17,"column":8},"end":{"line":17,"column":20}},"6":{"start":{"line":21,"column":4},"end":{"line":26,"column":6}},"7":{"start":{"line":29,"column":0},"end":{"line":32,"column":2}}},"fnMap":{"0":{"name":"(anonymous_0)","decl":{"start":{"line":6,"column":2},"end":{"line":6,"column":3}},"loc":{"start":{"line":6,"column":9},"end":{"line":19,"column":3}},"line":6},"1":{"name":"(anonymous_1)","decl":{"start":{"line":20,"column":2},"end":{"line":20,"column":3}},"loc":{"start":{"line":20,"column":11},"end":{"line":27,"column":3}},"line":20}},"branchMap":{"0":{"loc":{"start":{"line":7,"column":4},"end":{"line":18,"column":5}},"type":"switch","locations":[{"start":{"line":8,"column":6},"end":{"line":9,"column":52}},{"start":{"line":10,"column":6},"end":{"line":11,"column":51}},{"start":{"line":12,"column":6},"end":{"line":13,"column":49}},{"start":{"line":14,"column":6},"end":{"line":15,"column":54}},{"start":{"line":16,"column":6},"end":{"line":17,"column":20}}],"line":7}},"s":{"0":15,"1":3,"2":1,"3":5,"4":1,"5":5,"6":15,"7":2},"f":{"0":15,"1":15},"b":{"0":[3,1,5,1,5]},"_coverageSchema":"332fd63041d2c1bcb487cc26dd0d5f7d97098a6c","hash":"7f701ee427f51751189766bd58f14083c54de55f"}
,"C:\\wamp64\\www\\react-composite-table\\lib\\components\\modalDialog.js": {"path":"C:\\wamp64\\www\\react-composite-table\\lib\\components\\modalDialog.js","statementMap":{"0":{"start":{"line":7,"column":8},"end":{"line":7,"column":30}},"1":{"start":{"line":9,"column":8},"end":{"line":9,"column":55}},"2":{"start":{"line":11,"column":8},"end":{"line":13,"column":10}},"3":{"start":{"line":15,"column":8},"end":{"line":15,"column":41}},"4":{"start":{"line":19,"column":8},"end":{"line":19,"column":39}},"5":{"start":{"line":24,"column":12},"end":{"line":26,"column":22}},"6":{"start":{"line":28,"column":24},"end":{"line":28,"column":66}},"7":{"start":{"line":30,"column":8},"end":{"line":30,"column":60}},"8":{"start":{"line":32,"column":8},"end":{"line":115,"column":10}}},"fnMap":{"0":{"name":"(anonymous_0)","decl":{"start":{"line":6,"column":4},"end":{"line":6,"column":5}},"loc":{"start":{"line":6,"column":32},"end":{"line":16,"column":5}},"line":6},"1":{"name":"(anonymous_1)","decl":{"start":{"line":18,"column":4},"end":{"line":18,"column":5}},"loc":{"start":{"line":18,"column":18},"end":{"line":20,"column":5}},"line":18},"2":{"name":"(anonymous_2)","decl":{"start":{"line":22,"column":4},"end":{"line":22,"column":5}},"loc":{"start":{"line":22,"column":13},"end":{"line":116,"column":5}},"line":22}},"branchMap":{},"s":{"0":1,"1":1,"2":1,"3":1,"4":1,"5":2,"6":2,"7":2,"8":2},"f":{"0":1,"1":1,"2":2},"b":{},"_coverageSchema":"332fd63041d2c1bcb487cc26dd0d5f7d97098a6c","hash":"e5ceb1afaff228fde94424f22eefd1ecd41672ce"}
,"C:\\wamp64\\www\\react-composite-table\\lib\\components\\table.js": {"path":"C:\\wamp64\\www\\react-composite-table\\lib\\components\\table.js","statementMap":{"0":{"start":{"line":29,"column":8},"end":{"line":29,"column":21}},"1":{"start":{"line":31,"column":30},"end":{"line":31,"column":57}},"2":{"start":{"line":33,"column":24},"end":{"line":33,"column":39}},"3":{"start":{"line":35,"column":8},"end":{"line":38,"column":11}},"4":{"start":{"line":36,"column":54},"end":{"line":36,"column":69}},"5":{"start":{"line":37,"column":12},"end":{"line":37,"column":88}},"6":{"start":{"line":40,"column":8},"end":{"line":58,"column":9}},"7":{"start":{"line":60,"column":8},"end":{"line":60,"column":61}},"8":{"start":{"line":61,"column":8},"end":{"line":61,"column":65}},"9":{"start":{"line":62,"column":8},"end":{"line":62,"column":65}},"10":{"start":{"line":63,"column":8},"end":{"line":63,"column":63}},"11":{"start":{"line":64,"column":8},"end":{"line":64,"column":83}},"12":{"start":{"line":65,"column":8},"end":{"line":65,"column":99}},"13":{"start":{"line":66,"column":8},"end":{"line":66,"column":95}},"14":{"start":{"line":67,"column":8},"end":{"line":67,"column":61}},"15":{"start":{"line":68,"column":8},"end":{"line":68,"column":63}},"16":{"start":{"line":69,"column":8},"end":{"line":69,"column":55}},"17":{"start":{"line":70,"column":8},"end":{"line":70,"column":55}},"18":{"start":{"line":71,"column":8},"end":{"line":71,"column":51}},"19":{"start":{"line":72,"column":8},"end":{"line":72,"column":59}},"20":{"start":{"line":73,"column":8},"end":{"line":73,"column":67}},"21":{"start":{"line":74,"column":8},"end":{"line":74,"column":69}},"22":{"start":{"line":75,"column":8},"end":{"line":75,"column":69}},"23":{"start":{"line":76,"column":8},"end":{"line":76,"column":59}},"24":{"start":{"line":77,"column":8},"end":{"line":77,"column":55}},"25":{"start":{"line":78,"column":8},"end":{"line":78,"column":61}},"26":{"start":{"line":79,"column":8},"end":{"line":79,"column":55}},"27":{"start":{"line":83,"column":8},"end":{"line":115,"column":9}},"28":{"start":{"line":84,"column":28},"end":{"line":84,"column":42}},"29":{"start":{"line":86,"column":12},"end":{"line":89,"column":15}},"30":{"start":{"line":87,"column":58},"end":{"line":87,"column":73}},"31":{"start":{"line":88,"column":16},"end":{"line":88,"column":92}},"32":{"start":{"line":91,"column":12},"end":{"line":93,"column":13}},"33":{"start":{"line":92,"column":16},"end":{"line":92,"column":69}},"34":{"start":{"line":94,"column":12},"end":{"line":94,"column":45}},"35":{"start":{"line":96,"column":12},"end":{"line":96,"column":24}},"36":{"start":{"line":97,"column":15},"end":{"line":115,"column":9}},"37":{"start":{"line":112,"column":12},"end":{"line":112,"column":24}},"38":{"start":{"line":114,"column":12},"end":{"line":114,"column":25}},"39":{"start":{"line":119,"column":8},"end":{"line":121,"column":11}},"40":{"start":{"line":125,"column":8},"end":{"line":127,"column":11}},"41":{"start":{"line":131,"column":8},"end":{"line":133,"column":11}},"42":{"start":{"line":137,"column":8},"end":{"line":139,"column":11}},"43":{"start":{"line":143,"column":8},"end":{"line":143,"column":57}},"44":{"start":{"line":147,"column":8},"end":{"line":149,"column":11}},"45":{"start":{"line":150,"column":8},"end":{"line":150,"column":38}},"46":{"start":{"line":154,"column":27},"end":{"line":154,"column":36}},"47":{"start":{"line":155,"column":8},"end":{"line":157,"column":9}},"48":{"start":{"line":156,"column":12},"end":{"line":156,"column":90}},"49":{"start":{"line":158,"column":8},"end":{"line":160,"column":9}},"50":{"start":{"line":159,"column":12},"end":{"line":159,"column":79}},"51":{"start":{"line":161,"column":8},"end":{"line":161,"column":28}},"52":{"start":{"line":165,"column":8},"end":{"line":195,"column":9}},"53":{"start":{"line":167,"column":16},"end":{"line":193,"column":17}},"54":{"start":{"line":168,"column":20},"end":{"line":186,"column":21}},"55":{"start":{"line":188,"column":20},"end":{"line":192,"column":21}},"56":{"start":{"line":199,"column":29},"end":{"line":199,"column":44}},"57":{"start":{"line":200,"column":28},"end":{"line":200,"column":45}},"58":{"start":{"line":201,"column":24},"end":{"line":201,"column":44}},"59":{"start":{"line":202,"column":20},"end":{"line":202,"column":64}},"60":{"start":{"line":204,"column":8},"end":{"line":204,"column":69}},"61":{"start":{"line":204,"column":33},"end":{"line":204,"column":67}},"62":{"start":{"line":206,"column":8},"end":{"line":209,"column":11}},"63":{"start":{"line":213,"column":8},"end":{"line":230,"column":10}},"64":{"start":{"line":215,"column":29},"end":{"line":223,"column":17}},"65":{"start":{"line":224,"column":16},"end":{"line":228,"column":17}},"66":{"start":{"line":234,"column":8},"end":{"line":237,"column":9}},"67":{"start":{"line":235,"column":34},"end":{"line":235,"column":106}},"68":{"start":{"line":236,"column":12},"end":{"line":236,"column":53}},"69":{"start":{"line":241,"column":8},"end":{"line":241,"column":55}},"70":{"start":{"line":247,"column":8},"end":{"line":251,"column":9}},"71":{"start":{"line":248,"column":12},"end":{"line":248,"column":90}},"72":{"start":{"line":250,"column":12},"end":{"line":250,"column":58}},"73":{"start":{"line":253,"column":8},"end":{"line":253,"column":26}},"74":{"start":{"line":259,"column":8},"end":{"line":263,"column":9}},"75":{"start":{"line":260,"column":12},"end":{"line":260,"column":82}},"76":{"start":{"line":262,"column":12},"end":{"line":262,"column":52}},"77":{"start":{"line":265,"column":8},"end":{"line":265,"column":24}},"78":{"start":{"line":269,"column":8},"end":{"line":273,"column":11}},"79":{"start":{"line":277,"column":8},"end":{"line":281,"column":11}},"80":{"start":{"line":285,"column":8},"end":{"line":291,"column":11}},"81":{"start":{"line":286,"column":12},"end":{"line":286,"column":47}},"82":{"start":{"line":287,"column":12},"end":{"line":287,"column":37}},"83":{"start":{"line":289,"column":12},"end":{"line":289,"column":47}},"84":{"start":{"line":290,"column":12},"end":{"line":290,"column":41}},"85":{"start":{"line":295,"column":8},"end":{"line":298,"column":9}},"86":{"start":{"line":296,"column":12},"end":{"line":296,"column":79}},"87":{"start":{"line":297,"column":12},"end":{"line":297,"column":36}},"88":{"start":{"line":299,"column":8},"end":{"line":305,"column":11}},"89":{"start":{"line":300,"column":12},"end":{"line":300,"column":77}},"90":{"start":{"line":301,"column":12},"end":{"line":301,"column":37}},"91":{"start":{"line":303,"column":12},"end":{"line":303,"column":79}},"92":{"start":{"line":304,"column":12},"end":{"line":304,"column":36}},"93":{"start":{"line":309,"column":8},"end":{"line":316,"column":9}},"94":{"start":{"line":310,"column":12},"end":{"line":315,"column":14}},"95":{"start":{"line":312,"column":101},"end":{"line":312,"column":190}},"96":{"start":{"line":312,"column":134},"end":{"line":312,"column":189}},"97":{"start":{"line":313,"column":77},"end":{"line":313,"column":132}},"98":{"start":{"line":317,"column":8},"end":{"line":322,"column":10}},"99":{"start":{"line":319,"column":100},"end":{"line":319,"column":124}},"100":{"start":{"line":326,"column":20},"end":{"line":326,"column":90}},"101":{"start":{"line":326,"column":54},"end":{"line":326,"column":89}},"102":{"start":{"line":328,"column":34},"end":{"line":333,"column":10}},"103":{"start":{"line":329,"column":33},"end":{"line":329,"column":70}},"104":{"start":{"line":330,"column":26},"end":{"line":330,"column":91}},"105":{"start":{"line":331,"column":27},"end":{"line":331,"column":81}},"106":{"start":{"line":332,"column":12},"end":{"line":332,"column":38}},"107":{"start":{"line":335,"column":8},"end":{"line":335,"column":55}},"108":{"start":{"line":339,"column":20},"end":{"line":339,"column":60}},"109":{"start":{"line":340,"column":18},"end":{"line":340,"column":56}},"110":{"start":{"line":342,"column":8},"end":{"line":406,"column":9}},"111":{"start":{"line":344,"column":16},"end":{"line":404,"column":17}},"112":{"start":{"line":348,"column":55},"end":{"line":353,"column":33}},"113":{"start":{"line":349,"column":36},"end":{"line":351,"column":37}},"114":{"start":{"line":350,"column":40},"end":{"line":350,"column":62}},"115":{"start":{"line":352,"column":36},"end":{"line":352,"column":77}},"116":{"start":{"line":354,"column":56},"end":{"line":357,"column":33}},"117":{"start":{"line":355,"column":58},"end":{"line":355,"column":125}},"118":{"start":{"line":356,"column":36},"end":{"line":356,"column":67}},"119":{"start":{"line":358,"column":56},"end":{"line":358,"column":103}},"120":{"start":{"line":358,"column":62},"end":{"line":358,"column":103}},"121":{"start":{"line":361,"column":32},"end":{"line":365,"column":33}},"122":{"start":{"line":362,"column":36},"end":{"line":364,"column":38}},"123":{"start":{"line":367,"column":53},"end":{"line":372,"column":33}},"124":{"start":{"line":368,"column":36},"end":{"line":371,"column":89}},"125":{"start":{"line":374,"column":45},"end":{"line":374,"column":92}},"126":{"start":{"line":376,"column":45},"end":{"line":396,"column":33}},"127":{"start":{"line":390,"column":80},"end":{"line":390,"column":104}},"128":{"start":{"line":397,"column":32},"end":{"line":397,"column":69}},"129":{"start":{"line":410,"column":8},"end":{"line":413,"column":11}},"130":{"start":{"line":417,"column":8},"end":{"line":419,"column":11}},"131":{"start":{"line":420,"column":25},"end":{"line":424,"column":65}},"132":{"start":{"line":421,"column":12},"end":{"line":421,"column":59}},"133":{"start":{"line":422,"column":12},"end":{"line":422,"column":85}},"134":{"start":{"line":424,"column":26},"end":{"line":424,"column":64}},"135":{"start":{"line":426,"column":8},"end":{"line":430,"column":11}},"136":{"start":{"line":434,"column":26},"end":{"line":438,"column":10}},"137":{"start":{"line":435,"column":12},"end":{"line":437,"column":13}},"138":{"start":{"line":436,"column":16},"end":{"line":436,"column":27}},"139":{"start":{"line":440,"column":8},"end":{"line":442,"column":11}},"140":{"start":{"line":446,"column":8},"end":{"line":449,"column":11}},"141":{"start":{"line":453,"column":8},"end":{"line":457,"column":11}},"142":{"start":{"line":461,"column":8},"end":{"line":465,"column":11}},"143":{"start":{"line":466,"column":8},"end":{"line":466,"column":40}},"144":{"start":{"line":470,"column":8},"end":{"line":525,"column":10}},"145":{"start":{"line":529,"column":0},"end":{"line":532,"column":1}}},"fnMap":{"0":{"name":"(anonymous_0)","decl":{"start":{"line":28,"column":4},"end":{"line":28,"column":5}},"loc":{"start":{"line":28,"column":23},"end":{"line":80,"column":5}},"line":28},"1":{"name":"(anonymous_1)","decl":{"start":{"line":35,"column":46},"end":{"line":35,"column":47}},"loc":{"start":{"line":35,"column":62},"end":{"line":38,"column":9}},"line":35},"2":{"name":"(anonymous_2)","decl":{"start":{"line":82,"column":4},"end":{"line":82,"column":5}},"loc":{"start":{"line":82,"column":48},"end":{"line":116,"column":5}},"line":82},"3":{"name":"(anonymous_3)","decl":{"start":{"line":86,"column":60},"end":{"line":86,"column":61}},"loc":{"start":{"line":86,"column":76},"end":{"line":89,"column":13}},"line":86},"4":{"name":"(anonymous_4)","decl":{"start":{"line":118,"column":4},"end":{"line":118,"column":5}},"loc":{"start":{"line":118,"column":32},"end":{"line":122,"column":5}},"line":118},"5":{"name":"(anonymous_5)","decl":{"start":{"line":124,"column":4},"end":{"line":124,"column":5}},"loc":{"start":{"line":124,"column":40},"end":{"line":128,"column":5}},"line":124},"6":{"name":"(anonymous_6)","decl":{"start":{"line":130,"column":4},"end":{"line":130,"column":5}},"loc":{"start":{"line":130,"column":46},"end":{"line":134,"column":5}},"line":130},"7":{"name":"(anonymous_7)","decl":{"start":{"line":136,"column":4},"end":{"line":136,"column":5}},"loc":{"start":{"line":136,"column":48},"end":{"line":140,"column":5}},"line":136},"8":{"name":"(anonymous_8)","decl":{"start":{"line":142,"column":4},"end":{"line":142,"column":5}},"loc":{"start":{"line":142,"column":49},"end":{"line":144,"column":5}},"line":142},"9":{"name":"(anonymous_9)","decl":{"start":{"line":146,"column":4},"end":{"line":146,"column":5}},"loc":{"start":{"line":146,"column":25},"end":{"line":151,"column":5}},"line":146},"10":{"name":"(anonymous_10)","decl":{"start":{"line":153,"column":4},"end":{"line":153,"column":5}},"loc":{"start":{"line":153,"column":63},"end":{"line":162,"column":5}},"line":153},"11":{"name":"(anonymous_11)","decl":{"start":{"line":164,"column":4},"end":{"line":164,"column":5}},"loc":{"start":{"line":164,"column":23},"end":{"line":196,"column":5}},"line":164},"12":{"name":"(anonymous_12)","decl":{"start":{"line":166,"column":35},"end":{"line":166,"column":36}},"loc":{"start":{"line":166,"column":44},"end":{"line":194,"column":13}},"line":166},"13":{"name":"(anonymous_13)","decl":{"start":{"line":198,"column":4},"end":{"line":198,"column":5}},"loc":{"start":{"line":198,"column":27},"end":{"line":210,"column":5}},"line":198},"14":{"name":"(anonymous_14)","decl":{"start":{"line":204,"column":23},"end":{"line":204,"column":24}},"loc":{"start":{"line":204,"column":33},"end":{"line":204,"column":67}},"line":204},"15":{"name":"(anonymous_15)","decl":{"start":{"line":212,"column":4},"end":{"line":212,"column":5}},"loc":{"start":{"line":212,"column":23},"end":{"line":231,"column":5}},"line":212},"16":{"name":"(anonymous_16)","decl":{"start":{"line":214,"column":35},"end":{"line":214,"column":36}},"loc":{"start":{"line":214,"column":44},"end":{"line":229,"column":13}},"line":214},"17":{"name":"(anonymous_17)","decl":{"start":{"line":233,"column":4},"end":{"line":233,"column":5}},"loc":{"start":{"line":233,"column":58},"end":{"line":238,"column":5}},"line":233},"18":{"name":"(anonymous_18)","decl":{"start":{"line":240,"column":4},"end":{"line":240,"column":5}},"loc":{"start":{"line":240,"column":39},"end":{"line":242,"column":5}},"line":240},"19":{"name":"(anonymous_19)","decl":{"start":{"line":244,"column":4},"end":{"line":244,"column":5}},"loc":{"start":{"line":244,"column":40},"end":{"line":254,"column":5}},"line":244},"20":{"name":"(anonymous_20)","decl":{"start":{"line":256,"column":4},"end":{"line":256,"column":5}},"loc":{"start":{"line":256,"column":38},"end":{"line":266,"column":5}},"line":256},"21":{"name":"(anonymous_21)","decl":{"start":{"line":268,"column":4},"end":{"line":268,"column":5}},"loc":{"start":{"line":268,"column":36},"end":{"line":274,"column":5}},"line":268},"22":{"name":"(anonymous_22)","decl":{"start":{"line":276,"column":4},"end":{"line":276,"column":5}},"loc":{"start":{"line":276,"column":37},"end":{"line":282,"column":5}},"line":276},"23":{"name":"(anonymous_23)","decl":{"start":{"line":284,"column":4},"end":{"line":284,"column":5}},"loc":{"start":{"line":284,"column":23},"end":{"line":292,"column":5}},"line":284},"24":{"name":"(anonymous_24)","decl":{"start":{"line":285,"column":76},"end":{"line":285,"column":77}},"loc":{"start":{"line":285,"column":82},"end":{"line":288,"column":9}},"line":285},"25":{"name":"(anonymous_25)","decl":{"start":{"line":288,"column":17},"end":{"line":288,"column":18}},"loc":{"start":{"line":288,"column":28},"end":{"line":291,"column":9}},"line":288},"26":{"name":"(anonymous_26)","decl":{"start":{"line":294,"column":4},"end":{"line":294,"column":5}},"loc":{"start":{"line":294,"column":21},"end":{"line":306,"column":5}},"line":294},"27":{"name":"(anonymous_27)","decl":{"start":{"line":299,"column":64},"end":{"line":299,"column":65}},"loc":{"start":{"line":299,"column":70},"end":{"line":302,"column":9}},"line":299},"28":{"name":"(anonymous_28)","decl":{"start":{"line":302,"column":17},"end":{"line":302,"column":18}},"loc":{"start":{"line":302,"column":23},"end":{"line":305,"column":9}},"line":302},"29":{"name":"(anonymous_29)","decl":{"start":{"line":308,"column":4},"end":{"line":308,"column":5}},"loc":{"start":{"line":308,"column":23},"end":{"line":323,"column":5}},"line":308},"30":{"name":"(anonymous_30)","decl":{"start":{"line":312,"column":95},"end":{"line":312,"column":96}},"loc":{"start":{"line":312,"column":101},"end":{"line":312,"column":190}},"line":312},"31":{"name":"(anonymous_31)","decl":{"start":{"line":312,"column":128},"end":{"line":312,"column":129}},"loc":{"start":{"line":312,"column":134},"end":{"line":312,"column":189}},"line":312},"32":{"name":"(anonymous_32)","decl":{"start":{"line":313,"column":71},"end":{"line":313,"column":72}},"loc":{"start":{"line":313,"column":77},"end":{"line":313,"column":132}},"line":313},"33":{"name":"(anonymous_33)","decl":{"start":{"line":319,"column":94},"end":{"line":319,"column":95}},"loc":{"start":{"line":319,"column":100},"end":{"line":319,"column":124}},"line":319},"34":{"name":"(anonymous_34)","decl":{"start":{"line":325,"column":4},"end":{"line":325,"column":5}},"loc":{"start":{"line":325,"column":18},"end":{"line":336,"column":5}},"line":325},"35":{"name":"(anonymous_35)","decl":{"start":{"line":326,"column":47},"end":{"line":326,"column":48}},"loc":{"start":{"line":326,"column":54},"end":{"line":326,"column":89}},"line":326},"36":{"name":"(anonymous_36)","decl":{"start":{"line":328,"column":59},"end":{"line":328,"column":60}},"loc":{"start":{"line":328,"column":69},"end":{"line":333,"column":9}},"line":328},"37":{"name":"(anonymous_37)","decl":{"start":{"line":338,"column":4},"end":{"line":338,"column":5}},"loc":{"start":{"line":338,"column":18},"end":{"line":407,"column":5}},"line":338},"38":{"name":"(anonymous_38)","decl":{"start":{"line":343,"column":55},"end":{"line":343,"column":56}},"loc":{"start":{"line":343,"column":74},"end":{"line":405,"column":13}},"line":343},"39":{"name":"(anonymous_39)","decl":{"start":{"line":347,"column":51},"end":{"line":347,"column":52}},"loc":{"start":{"line":347,"column":63},"end":{"line":398,"column":29}},"line":347},"40":{"name":"(anonymous_40)","decl":{"start":{"line":348,"column":55},"end":{"line":348,"column":56}},"loc":{"start":{"line":348,"column":61},"end":{"line":353,"column":33}},"line":348},"41":{"name":"(anonymous_41)","decl":{"start":{"line":354,"column":56},"end":{"line":354,"column":57}},"loc":{"start":{"line":354,"column":67},"end":{"line":357,"column":33}},"line":354},"42":{"name":"(anonymous_42)","decl":{"start":{"line":358,"column":56},"end":{"line":358,"column":57}},"loc":{"start":{"line":358,"column":62},"end":{"line":358,"column":103}},"line":358},"43":{"name":"(anonymous_43)","decl":{"start":{"line":367,"column":53},"end":{"line":367,"column":54}},"loc":{"start":{"line":367,"column":59},"end":{"line":372,"column":33}},"line":367},"44":{"name":"(anonymous_44)","decl":{"start":{"line":390,"column":74},"end":{"line":390,"column":75}},"loc":{"start":{"line":390,"column":80},"end":{"line":390,"column":104}},"line":390},"45":{"name":"(anonymous_45)","decl":{"start":{"line":409,"column":4},"end":{"line":409,"column":5}},"loc":{"start":{"line":409,"column":20},"end":{"line":414,"column":5}},"line":409},"46":{"name":"(anonymous_46)","decl":{"start":{"line":416,"column":4},"end":{"line":416,"column":5}},"loc":{"start":{"line":416,"column":22},"end":{"line":431,"column":5}},"line":416},"47":{"name":"(anonymous_47)","decl":{"start":{"line":420,"column":82},"end":{"line":420,"column":83}},"loc":{"start":{"line":420,"column":88},"end":{"line":423,"column":9}},"line":420},"48":{"name":"(anonymous_48)","decl":{"start":{"line":424,"column":15},"end":{"line":424,"column":16}},"loc":{"start":{"line":424,"column":26},"end":{"line":424,"column":64}},"line":424},"49":{"name":"(anonymous_49)","decl":{"start":{"line":433,"column":4},"end":{"line":433,"column":5}},"loc":{"start":{"line":433,"column":27},"end":{"line":443,"column":5}},"line":433},"50":{"name":"(anonymous_50)","decl":{"start":{"line":434,"column":54},"end":{"line":434,"column":55}},"loc":{"start":{"line":434,"column":61},"end":{"line":438,"column":9}},"line":434},"51":{"name":"(anonymous_51)","decl":{"start":{"line":445,"column":4},"end":{"line":445,"column":5}},"loc":{"start":{"line":445,"column":18},"end":{"line":450,"column":5}},"line":445},"52":{"name":"(anonymous_52)","decl":{"start":{"line":452,"column":4},"end":{"line":452,"column":5}},"loc":{"start":{"line":452,"column":20},"end":{"line":458,"column":5}},"line":452},"53":{"name":"(anonymous_53)","decl":{"start":{"line":460,"column":4},"end":{"line":460,"column":5}},"loc":{"start":{"line":460,"column":34},"end":{"line":467,"column":5}},"line":460},"54":{"name":"(anonymous_54)","decl":{"start":{"line":469,"column":4},"end":{"line":469,"column":5}},"loc":{"start":{"line":469,"column":13},"end":{"line":526,"column":5}},"line":469}},"branchMap":{"0":{"loc":{"start":{"line":83,"column":8},"end":{"line":115,"column":9}},"type":"if","locations":[{"start":{"line":83,"column":8},"end":{"line":115,"column":9}},{"start":{"line":83,"column":8},"end":{"line":115,"column":9}}],"line":83},"1":{"loc":{"start":{"line":83,"column":12},"end":{"line":83,"column":118}},"type":"binary-expr","locations":[{"start":{"line":83,"column":12},"end":{"line":83,"column":71}},{"start":{"line":83,"column":76},"end":{"line":83,"column":117}}],"line":83},"2":{"loc":{"start":{"line":91,"column":12},"end":{"line":93,"column":13}},"type":"if","locations":[{"start":{"line":91,"column":12},"end":{"line":93,"column":13}},{"start":{"line":91,"column":12},"end":{"line":93,"column":13}}],"line":91},"3":{"loc":{"start":{"line":97,"column":15},"end":{"line":115,"column":9}},"type":"if","locations":[{"start":{"line":97,"column":15},"end":{"line":115,"column":9}},{"start":{"line":97,"column":15},"end":{"line":115,"column":9}}],"line":97},"4":{"loc":{"start":{"line":97,"column":19},"end":{"line":111,"column":62}},"type":"binary-expr","locations":[{"start":{"line":97,"column":20},"end":{"line":97,"column":63}},{"start":{"line":98,"column":16},"end":{"line":98,"column":57}},{"start":{"line":99,"column":16},"end":{"line":99,"column":63}},{"start":{"line":100,"column":16},"end":{"line":100,"column":73}},{"start":{"line":101,"column":16},"end":{"line":101,"column":79}},{"start":{"line":102,"column":16},"end":{"line":102,"column":65}},{"start":{"line":103,"column":16},"end":{"line":103,"column":75}},{"start":{"line":104,"column":16},"end":{"line":104,"column":65}},{"start":{"line":105,"column":16},"end":{"line":105,"column":69}},{"start":{"line":106,"column":16},"end":{"line":106,"column":75}},{"start":{"line":107,"column":16},"end":{"line":107,"column":79}},{"start":{"line":108,"column":16},"end":{"line":108,"column":71}},{"start":{"line":109,"column":16},"end":{"line":109,"column":75}},{"start":{"line":110,"column":16},"end":{"line":110,"column":61}},{"start":{"line":111,"column":16},"end":{"line":111,"column":61}}],"line":97},"5":{"loc":{"start":{"line":155,"column":8},"end":{"line":157,"column":9}},"type":"if","locations":[{"start":{"line":155,"column":8},"end":{"line":157,"column":9}},{"start":{"line":155,"column":8},"end":{"line":157,"column":9}}],"line":155},"6":{"loc":{"start":{"line":155,"column":12},"end":{"line":155,"column":52}},"type":"binary-expr","locations":[{"start":{"line":155,"column":12},"end":{"line":155,"column":33}},{"start":{"line":155,"column":37},"end":{"line":155,"column":52}}],"line":155},"7":{"loc":{"start":{"line":158,"column":8},"end":{"line":160,"column":9}},"type":"if","locations":[{"start":{"line":158,"column":8},"end":{"line":160,"column":9}},{"start":{"line":158,"column":8},"end":{"line":160,"column":9}}],"line":158},"8":{"loc":{"start":{"line":158,"column":12},"end":{"line":158,"column":45}},"type":"binary-expr","locations":[{"start":{"line":158,"column":12},"end":{"line":158,"column":26}},{"start":{"line":158,"column":30},"end":{"line":158,"column":45}}],"line":158},"9":{"loc":{"start":{"line":167,"column":16},"end":{"line":193,"column":17}},"type":"if","locations":[{"start":{"line":167,"column":16},"end":{"line":193,"column":17}},{"start":{"line":167,"column":16},"end":{"line":193,"column":17}}],"line":167},"10":{"loc":{"start":{"line":175,"column":29},"end":{"line":178,"column":94}},"type":"binary-expr","locations":[{"start":{"line":175,"column":29},"end":{"line":175,"column":41}},{"start":{"line":176,"column":28},"end":{"line":176,"column":83}},{"start":{"line":177,"column":28},"end":{"line":177,"column":61}},{"start":{"line":178,"column":28},"end":{"line":178,"column":94}}],"line":175},"11":{"loc":{"start":{"line":180,"column":29},"end":{"line":183,"column":98}},"type":"binary-expr","locations":[{"start":{"line":180,"column":29},"end":{"line":180,"column":41}},{"start":{"line":181,"column":28},"end":{"line":181,"column":83}},{"start":{"line":182,"column":28},"end":{"line":182,"column":62}},{"start":{"line":183,"column":28},"end":{"line":183,"column":98}}],"line":180},"12":{"loc":{"start":{"line":202,"column":20},"end":{"line":202,"column":64}},"type":"cond-expr","locations":[{"start":{"line":202,"column":50},"end":{"line":202,"column":56}},{"start":{"line":202,"column":59},"end":{"line":202,"column":64}}],"line":202},"13":{"loc":{"start":{"line":234,"column":8},"end":{"line":237,"column":9}},"type":"if","locations":[{"start":{"line":234,"column":8},"end":{"line":237,"column":9}},{"start":{"line":234,"column":8},"end":{"line":237,"column":9}}],"line":234},"14":{"loc":{"start":{"line":247,"column":8},"end":{"line":251,"column":9}},"type":"if","locations":[{"start":{"line":247,"column":8},"end":{"line":251,"column":9}},{"start":{"line":247,"column":8},"end":{"line":251,"column":9}}],"line":247},"15":{"loc":{"start":{"line":259,"column":8},"end":{"line":263,"column":9}},"type":"if","locations":[{"start":{"line":259,"column":8},"end":{"line":263,"column":9}},{"start":{"line":259,"column":8},"end":{"line":263,"column":9}}],"line":259},"16":{"loc":{"start":{"line":295,"column":8},"end":{"line":298,"column":9}},"type":"if","locations":[{"start":{"line":295,"column":8},"end":{"line":298,"column":9}},{"start":{"line":295,"column":8},"end":{"line":298,"column":9}}],"line":295},"17":{"loc":{"start":{"line":309,"column":8},"end":{"line":316,"column":9}},"type":"if","locations":[{"start":{"line":309,"column":8},"end":{"line":316,"column":9}},{"start":{"line":309,"column":8},"end":{"line":316,"column":9}}],"line":309},"18":{"loc":{"start":{"line":309,"column":12},"end":{"line":309,"column":100}},"type":"binary-expr","locations":[{"start":{"line":309,"column":12},"end":{"line":309,"column":35}},{"start":{"line":309,"column":39},"end":{"line":309,"column":61}},{"start":{"line":309,"column":65},"end":{"line":309,"column":100}}],"line":309},"19":{"loc":{"start":{"line":312,"column":21},"end":{"line":312,"column":193}},"type":"binary-expr","locations":[{"start":{"line":312,"column":21},"end":{"line":312,"column":42}},{"start":{"line":312,"column":46},"end":{"line":312,"column":193}}],"line":312},"20":{"loc":{"start":{"line":319,"column":17},"end":{"line":319,"column":128}},"type":"binary-expr","locations":[{"start":{"line":319,"column":17},"end":{"line":319,"column":39}},{"start":{"line":319,"column":43},"end":{"line":319,"column":128}}],"line":319},"21":{"loc":{"start":{"line":330,"column":26},"end":{"line":330,"column":91}},"type":"cond-expr","locations":[{"start":{"line":330,"column":54},"end":{"line":330,"column":76}},{"start":{"line":330,"column":79},"end":{"line":330,"column":91}}],"line":330},"22":{"loc":{"start":{"line":349,"column":36},"end":{"line":351,"column":37}},"type":"if","locations":[{"start":{"line":349,"column":36},"end":{"line":351,"column":37}},{"start":{"line":349,"column":36},"end":{"line":351,"column":37}}],"line":349},"23":{"loc":{"start":{"line":349,"column":40},"end":{"line":349,"column":128}},"type":"binary-expr","locations":[{"start":{"line":349,"column":40},"end":{"line":349,"column":62}},{"start":{"line":349,"column":66},"end":{"line":349,"column":89}},{"start":{"line":349,"column":93},"end":{"line":349,"column":128}}],"line":349},"24":{"loc":{"start":{"line":361,"column":32},"end":{"line":365,"column":33}},"type":"if","locations":[{"start":{"line":361,"column":32},"end":{"line":365,"column":33}},{"start":{"line":361,"column":32},"end":{"line":365,"column":33}}],"line":361},"25":{"loc":{"start":{"line":361,"column":36},"end":{"line":361,"column":74}},"type":"binary-expr","locations":[{"start":{"line":361,"column":36},"end":{"line":361,"column":54}},{"start":{"line":361,"column":58},"end":{"line":361,"column":74}}],"line":361},"26":{"loc":{"start":{"line":368,"column":43},"end":{"line":371,"column":88}},"type":"binary-expr","locations":[{"start":{"line":368,"column":43},"end":{"line":368,"column":66}},{"start":{"line":369,"column":44},"end":{"line":369,"column":79}},{"start":{"line":370,"column":45},"end":{"line":370,"column":67}},{"start":{"line":371,"column":44},"end":{"line":371,"column":87}}],"line":368},"27":{"loc":{"start":{"line":390,"column":49},"end":{"line":390,"column":111}},"type":"cond-expr","locations":[{"start":{"line":390,"column":74},"end":{"line":390,"column":104}},{"start":{"line":390,"column":107},"end":{"line":390,"column":111}}],"line":390},"28":{"loc":{"start":{"line":392,"column":47},"end":{"line":392,"column":108}},"type":"binary-expr","locations":[{"start":{"line":392,"column":47},"end":{"line":392,"column":61}},{"start":{"line":392,"column":65},"end":{"line":392,"column":108}}],"line":392},"29":{"loc":{"start":{"line":435,"column":12},"end":{"line":437,"column":13}},"type":"if","locations":[{"start":{"line":435,"column":12},"end":{"line":437,"column":13}},{"start":{"line":435,"column":12},"end":{"line":437,"column":13}}],"line":435},"30":{"loc":{"start":{"line":473,"column":21},"end":{"line":474,"column":128}},"type":"binary-expr","locations":[{"start":{"line":473,"column":21},"end":{"line":473,"column":47}},{"start":{"line":474,"column":24},"end":{"line":474,"column":128}}],"line":473},"31":{"loc":{"start":{"line":487,"column":25},"end":{"line":488,"column":62}},"type":"binary-expr","locations":[{"start":{"line":487,"column":25},"end":{"line":487,"column":46}},{"start":{"line":488,"column":24},"end":{"line":488,"column":62}}],"line":487},"32":{"loc":{"start":{"line":490,"column":25},"end":{"line":491,"column":87}},"type":"binary-expr","locations":[{"start":{"line":490,"column":25},"end":{"line":490,"column":47}},{"start":{"line":491,"column":24},"end":{"line":491,"column":87}}],"line":490},"33":{"loc":{"start":{"line":493,"column":25},"end":{"line":494,"column":109}},"type":"binary-expr","locations":[{"start":{"line":493,"column":25},"end":{"line":493,"column":47}},{"start":{"line":494,"column":24},"end":{"line":494,"column":109}}],"line":493}},"s":{"0":26,"1":26,"2":26,"3":26,"4":1,"5":1,"6":26,"7":26,"8":26,"9":26,"10":26,"11":26,"12":26,"13":26,"14":26,"15":26,"16":26,"17":26,"18":26,"19":26,"20":26,"21":26,"22":26,"23":26,"24":26,"25":26,"26":26,"27":82,"28":7,"29":7,"30":4,"31":4,"32":7,"33":2,"34":7,"35":7,"36":75,"37":51,"38":24,"39":7,"40":3,"41":1,"42":7,"43":7,"44":1,"45":1,"46":5,"47":5,"48":1,"49":5,"50":3,"51":5,"52":84,"53":52,"54":51,"55":1,"56":2,"57":2,"58":2,"59":2,"60":2,"61":2,"62":2,"63":84,"64":52,"65":52,"66":4,"67":3,"68":3,"69":1,"70":86,"71":82,"72":4,"73":86,"74":86,"75":82,"76":4,"77":86,"78":10,"79":2,"80":4,"81":3,"82":3,"83":1,"84":1,"85":4,"86":1,"87":1,"88":3,"89":2,"90":2,"91":1,"92":1,"93":81,"94":22,"95":1,"96":1,"97":1,"98":59,"99":1,"100":15,"101":18,"102":15,"103":15,"104":15,"105":15,"106":15,"107":15,"108":84,"109":84,"110":84,"111":81,"112":70,"113":9,"114":3,"115":9,"116":70,"117":5,"118":5,"119":70,"120":1,"121":70,"122":1,"123":69,"124":138,"125":69,"126":69,"127":1,"128":69,"129":1,"130":2,"131":2,"132":1,"133":1,"134":1,"135":2,"136":1,"137":2,"138":1,"139":1,"140":1,"141":1,"142":7,"143":7,"144":84,"145":1},"f":{"0":26,"1":1,"2":82,"3":4,"4":7,"5":3,"6":1,"7":7,"8":7,"9":1,"10":5,"11":84,"12":52,"13":2,"14":2,"15":84,"16":52,"17":4,"18":1,"19":86,"20":86,"21":10,"22":2,"23":4,"24":3,"25":1,"26":4,"27":2,"28":1,"29":81,"30":1,"31":1,"32":1,"33":1,"34":15,"35":18,"36":15,"37":84,"38":81,"39":70,"40":9,"41":5,"42":1,"43":138,"44":1,"45":1,"46":2,"47":1,"48":1,"49":1,"50":2,"51":1,"52":1,"53":7,"54":84},"b":{"0":[7,75],"1":[82,75],"2":[2,5],"3":[51,24],"4":[75,74,74,74,68,67,66,65,54,51,51,44,36,26,26],"5":[1,4],"6":[5,2],"7":[3,2],"8":[5,3],"9":[51,1],"10":[51,51,2,1],"11":[51,51,2,1],"12":[1,1],"13":[3,1],"14":[82,4],"15":[82,4],"16":[1,3],"17":[22,59],"18":[81,35,35],"19":[22,20],"20":[59,58],"21":[6,9],"22":[3,6],"23":[9,9,3],"24":[1,69],"25":[70,70],"26":[138,70,44,0],"27":[48,21],"28":[69,22],"29":[1,1],"30":[84,11],"31":[84,5],"32":[84,79],"33":[84,79]},"_coverageSchema":"332fd63041d2c1bcb487cc26dd0d5f7d97098a6c","hash":"b5948b04cdb189dd1daca77e1a498e0cdf5fb247"}
,"C:\\wamp64\\www\\react-composite-table\\lib\\components\\tableButton.js": {"path":"C:\\wamp64\\www\\react-composite-table\\lib\\components\\tableButton.js","statementMap":{"0":{"start":{"line":5,"column":8},"end":{"line":9,"column":10}}},"fnMap":{"0":{"name":"(anonymous_0)","decl":{"start":{"line":4,"column":2},"end":{"line":4,"column":3}},"loc":{"start":{"line":4,"column":11},"end":{"line":10,"column":5}},"line":4}},"branchMap":{},"s":{"0":69},"f":{"0":69},"b":{},"_coverageSchema":"332fd63041d2c1bcb487cc26dd0d5f7d97098a6c","hash":"6fcd3293a61f17ee22060aa8ae873d472852c79c"}
,"C:\\wamp64\\www\\react-composite-table\\lib\\factory\\filterFactory.js": {"path":"C:\\wamp64\\www\\react-composite-table\\lib\\factory\\filterFactory.js","statementMap":{"0":{"start":{"line":8,"column":8},"end":{"line":10,"column":9}},"1":{"start":{"line":9,"column":12},"end":{"line":9,"column":28}},"2":{"start":{"line":11,"column":8},"end":{"line":18,"column":9}},"3":{"start":{"line":13,"column":16},"end":{"line":13,"column":50}},"4":{"start":{"line":15,"column":16},"end":{"line":15,"column":52}},"5":{"start":{"line":17,"column":16},"end":{"line":17,"column":32}}},"fnMap":{"0":{"name":"(anonymous_0)","decl":{"start":{"line":7,"column":4},"end":{"line":7,"column":5}},"loc":{"start":{"line":7,"column":23},"end":{"line":19,"column":5}},"line":7}},"branchMap":{"0":{"loc":{"start":{"line":8,"column":8},"end":{"line":10,"column":9}},"type":"if","locations":[{"start":{"line":8,"column":8},"end":{"line":10,"column":9}},{"start":{"line":8,"column":8},"end":{"line":10,"column":9}}],"line":8},"1":{"loc":{"start":{"line":11,"column":8},"end":{"line":18,"column":9}},"type":"switch","locations":[{"start":{"line":12,"column":12},"end":{"line":13,"column":50}},{"start":{"line":14,"column":12},"end":{"line":15,"column":52}},{"start":{"line":16,"column":12},"end":{"line":17,"column":32}}],"line":11}},"s":{"0":52,"1":1,"2":51,"3":45,"4":5,"5":1},"f":{"0":52},"b":{"0":[1,51],"1":[45,5,1]},"_coverageSchema":"332fd63041d2c1bcb487cc26dd0d5f7d97098a6c","hash":"e38043b3860155218bcf7d842cb6d4690361282b"}
,"C:\\wamp64\\www\\react-composite-table\\lib\\factory\\tableFieldFactory.js": {"path":"C:\\wamp64\\www\\react-composite-table\\lib\\factory\\tableFieldFactory.js","statementMap":{"0":{"start":{"line":9,"column":8},"end":{"line":18,"column":9}},"1":{"start":{"line":11,"column":16},"end":{"line":11,"column":58}},"2":{"start":{"line":13,"column":16},"end":{"line":13,"column":60}},"3":{"start":{"line":15,"column":16},"end":{"line":15,"column":58}},"4":{"start":{"line":17,"column":16},"end":{"line":17,"column":33}}},"fnMap":{"0":{"name":"(anonymous_0)","decl":{"start":{"line":8,"column":4},"end":{"line":8,"column":5}},"loc":{"start":{"line":8,"column":23},"end":{"line":19,"column":5}},"line":8}},"branchMap":{"0":{"loc":{"start":{"line":9,"column":8},"end":{"line":18,"column":9}},"type":"switch","locations":[{"start":{"line":10,"column":12},"end":{"line":11,"column":58}},{"start":{"line":12,"column":12},"end":{"line":13,"column":60}},{"start":{"line":14,"column":12},"end":{"line":15,"column":58}},{"start":{"line":16,"column":12},"end":{"line":17,"column":33}}],"line":9}},"s":{"0":73,"1":63,"2":6,"3":2,"4":2},"f":{"0":73},"b":{"0":[63,6,2,2]},"_coverageSchema":"332fd63041d2c1bcb487cc26dd0d5f7d97098a6c","hash":"2994d63db994afe26a42089b02a6eb98048800cb"}
,"C:\\wamp64\\www\\react-composite-table\\lib\\factory\\editableColumnFields\\editableDateField.js": {"path":"C:\\wamp64\\www\\react-composite-table\\lib\\factory\\editableColumnFields\\editableDateField.js","statementMap":{"0":{"start":{"line":13,"column":8},"end":{"line":13,"column":21}},"1":{"start":{"line":15,"column":8},"end":{"line":20,"column":10}},"2":{"start":{"line":22,"column":8},"end":{"line":22,"column":55}},"3":{"start":{"line":23,"column":8},"end":{"line":23,"column":61}},"4":{"start":{"line":24,"column":8},"end":{"line":24,"column":59}},"5":{"start":{"line":25,"column":8},"end":{"line":25,"column":61}},"6":{"start":{"line":26,"column":8},"end":{"line":26,"column":51}},"7":{"start":{"line":27,"column":8},"end":{"line":27,"column":69}},"8":{"start":{"line":28,"column":8},"end":{"line":28,"column":54}},"9":{"start":{"line":29,"column":8},"end":{"line":29,"column":66}},"10":{"start":{"line":33,"column":8},"end":{"line":37,"column":9}},"11":{"start":{"line":34,"column":12},"end":{"line":36,"column":15}},"12":{"start":{"line":35,"column":16},"end":{"line":35,"column":36}},"13":{"start":{"line":41,"column":8},"end":{"line":43,"column":11}},"14":{"start":{"line":45,"column":8},"end":{"line":52,"column":11}},"15":{"start":{"line":46,"column":12},"end":{"line":46,"column":79}},"16":{"start":{"line":47,"column":12},"end":{"line":47,"column":81}},"17":{"start":{"line":48,"column":12},"end":{"line":48,"column":83}},"18":{"start":{"line":50,"column":12},"end":{"line":50,"column":79}},"19":{"start":{"line":51,"column":12},"end":{"line":51,"column":85}},"20":{"start":{"line":56,"column":8},"end":{"line":58,"column":11}},"21":{"start":{"line":59,"column":8},"end":{"line":66,"column":11}},"22":{"start":{"line":60,"column":12},"end":{"line":60,"column":79}},"23":{"start":{"line":61,"column":12},"end":{"line":61,"column":81}},"24":{"start":{"line":62,"column":12},"end":{"line":62,"column":83}},"25":{"start":{"line":64,"column":12},"end":{"line":64,"column":79}},"26":{"start":{"line":65,"column":12},"end":{"line":65,"column":85}},"27":{"start":{"line":70,"column":26},"end":{"line":70,"column":51}},"28":{"start":{"line":72,"column":8},"end":{"line":72,"column":46}},"29":{"start":{"line":73,"column":8},"end":{"line":77,"column":11}},"30":{"start":{"line":76,"column":12},"end":{"line":76,"column":29}},"31":{"start":{"line":81,"column":8},"end":{"line":85,"column":11}},"32":{"start":{"line":82,"column":12},"end":{"line":84,"column":13}},"33":{"start":{"line":83,"column":16},"end":{"line":83,"column":35}},"34":{"start":{"line":89,"column":8},"end":{"line":99,"column":9}},"35":{"start":{"line":90,"column":12},"end":{"line":98,"column":15}},"36":{"start":{"line":91,"column":16},"end":{"line":97,"column":17}},"37":{"start":{"line":92,"column":20},"end":{"line":96,"column":21}},"38":{"start":{"line":93,"column":24},"end":{"line":93,"column":46}},"39":{"start":{"line":95,"column":24},"end":{"line":95,"column":43}},"40":{"start":{"line":103,"column":8},"end":{"line":103,"column":76}},"41":{"start":{"line":107,"column":23},"end":{"line":107,"column":99}},"42":{"start":{"line":108,"column":8},"end":{"line":108,"column":33}},"43":{"start":{"line":109,"column":8},"end":{"line":112,"column":21}},"44":{"start":{"line":116,"column":24},"end":{"line":137,"column":9}},"45":{"start":{"line":117,"column":33},"end":{"line":117,"column":56}},"46":{"start":{"line":119,"column":12},"end":{"line":121,"column":13}},"47":{"start":{"line":120,"column":16},"end":{"line":120,"column":31}},"48":{"start":{"line":123,"column":12},"end":{"line":136,"column":14}},"49":{"start":{"line":139,"column":33},"end":{"line":139,"column":86}},"50":{"start":{"line":141,"column":8},"end":{"line":162,"column":9}},"51":{"start":{"line":142,"column":24},"end":{"line":142,"column":69}},"52":{"start":{"line":144,"column":12},"end":{"line":161,"column":14}},"53":{"start":{"line":163,"column":8},"end":{"line":168,"column":10}}},"fnMap":{"0":{"name":"(anonymous_0)","decl":{"start":{"line":12,"column":4},"end":{"line":12,"column":5}},"loc":{"start":{"line":12,"column":23},"end":{"line":30,"column":5}},"line":12},"1":{"name":"(anonymous_1)","decl":{"start":{"line":32,"column":4},"end":{"line":32,"column":5}},"loc":{"start":{"line":32,"column":41},"end":{"line":38,"column":5}},"line":32},"2":{"name":"(anonymous_2)","decl":{"start":{"line":34,"column":60},"end":{"line":34,"column":61}},"loc":{"start":{"line":34,"column":66},"end":{"line":36,"column":13}},"line":34},"3":{"name":"(anonymous_3)","decl":{"start":{"line":40,"column":4},"end":{"line":40,"column":5}},"loc":{"start":{"line":40,"column":27},"end":{"line":53,"column":5}},"line":40},"4":{"name":"(anonymous_4)","decl":{"start":{"line":45,"column":38},"end":{"line":45,"column":39}},"loc":{"start":{"line":45,"column":44},"end":{"line":49,"column":9}},"line":45},"5":{"name":"(anonymous_5)","decl":{"start":{"line":49,"column":17},"end":{"line":49,"column":18}},"loc":{"start":{"line":49,"column":23},"end":{"line":52,"column":9}},"line":49},"6":{"name":"(anonymous_6)","decl":{"start":{"line":55,"column":4},"end":{"line":55,"column":5}},"loc":{"start":{"line":55,"column":24},"end":{"line":67,"column":5}},"line":55},"7":{"name":"(anonymous_7)","decl":{"start":{"line":59,"column":106},"end":{"line":59,"column":107}},"loc":{"start":{"line":59,"column":112},"end":{"line":63,"column":9}},"line":59},"8":{"name":"(anonymous_8)","decl":{"start":{"line":63,"column":17},"end":{"line":63,"column":18}},"loc":{"start":{"line":63,"column":23},"end":{"line":66,"column":9}},"line":63},"9":{"name":"(anonymous_9)","decl":{"start":{"line":69,"column":4},"end":{"line":69,"column":5}},"loc":{"start":{"line":69,"column":24},"end":{"line":78,"column":5}},"line":69},"10":{"name":"(anonymous_10)","decl":{"start":{"line":75,"column":11},"end":{"line":75,"column":12}},"loc":{"start":{"line":75,"column":17},"end":{"line":77,"column":9}},"line":75},"11":{"name":"(anonymous_11)","decl":{"start":{"line":80,"column":4},"end":{"line":80,"column":5}},"loc":{"start":{"line":80,"column":16},"end":{"line":86,"column":5}},"line":80},"12":{"name":"(anonymous_12)","decl":{"start":{"line":81,"column":26},"end":{"line":81,"column":27}},"loc":{"start":{"line":81,"column":32},"end":{"line":85,"column":9}},"line":81},"13":{"name":"(anonymous_13)","decl":{"start":{"line":88,"column":4},"end":{"line":88,"column":5}},"loc":{"start":{"line":88,"column":30},"end":{"line":100,"column":5}},"line":88},"14":{"name":"(anonymous_14)","decl":{"start":{"line":90,"column":30},"end":{"line":90,"column":31}},"loc":{"start":{"line":90,"column":36},"end":{"line":98,"column":13}},"line":90},"15":{"name":"(anonymous_15)","decl":{"start":{"line":102,"column":4},"end":{"line":102,"column":5}},"loc":{"start":{"line":102,"column":21},"end":{"line":104,"column":5}},"line":102},"16":{"name":"(anonymous_16)","decl":{"start":{"line":106,"column":4},"end":{"line":106,"column":5}},"loc":{"start":{"line":106,"column":35},"end":{"line":113,"column":5}},"line":106},"17":{"name":"(anonymous_17)","decl":{"start":{"line":106,"column":25},"end":{"line":106,"column":26}},"loc":{"start":{"line":106,"column":31},"end":{"line":106,"column":33}},"line":106},"18":{"name":"(anonymous_18)","decl":{"start":{"line":115,"column":4},"end":{"line":115,"column":5}},"loc":{"start":{"line":115,"column":13},"end":{"line":169,"column":5}},"line":115},"19":{"name":"(anonymous_19)","decl":{"start":{"line":116,"column":24},"end":{"line":116,"column":25}},"loc":{"start":{"line":116,"column":37},"end":{"line":137,"column":9}},"line":116}},"branchMap":{"0":{"loc":{"start":{"line":33,"column":8},"end":{"line":37,"column":9}},"type":"if","locations":[{"start":{"line":33,"column":8},"end":{"line":37,"column":9}},{"start":{"line":33,"column":8},"end":{"line":37,"column":9}}],"line":33},"1":{"loc":{"start":{"line":33,"column":12},"end":{"line":33,"column":89}},"type":"binary-expr","locations":[{"start":{"line":33,"column":12},"end":{"line":33,"column":36}},{"start":{"line":33,"column":40},"end":{"line":33,"column":89}}],"line":33},"2":{"loc":{"start":{"line":82,"column":12},"end":{"line":84,"column":13}},"type":"if","locations":[{"start":{"line":82,"column":12},"end":{"line":84,"column":13}},{"start":{"line":82,"column":12},"end":{"line":84,"column":13}}],"line":82},"3":{"loc":{"start":{"line":82,"column":16},"end":{"line":82,"column":62}},"type":"binary-expr","locations":[{"start":{"line":82,"column":16},"end":{"line":82,"column":39}},{"start":{"line":82,"column":44},"end":{"line":82,"column":62}}],"line":82},"4":{"loc":{"start":{"line":89,"column":8},"end":{"line":99,"column":9}},"type":"if","locations":[{"start":{"line":89,"column":8},"end":{"line":99,"column":9}},{"start":{"line":89,"column":8},"end":{"line":99,"column":9}}],"line":89},"5":{"loc":{"start":{"line":89,"column":12},"end":{"line":89,"column":57}},"type":"binary-expr","locations":[{"start":{"line":89,"column":12},"end":{"line":89,"column":33}},{"start":{"line":89,"column":37},"end":{"line":89,"column":57}}],"line":89},"6":{"loc":{"start":{"line":91,"column":16},"end":{"line":97,"column":17}},"type":"if","locations":[{"start":{"line":91,"column":16},"end":{"line":97,"column":17}},{"start":{"line":91,"column":16},"end":{"line":97,"column":17}}],"line":91},"7":{"loc":{"start":{"line":92,"column":20},"end":{"line":96,"column":21}},"type":"if","locations":[{"start":{"line":92,"column":20},"end":{"line":96,"column":21}},{"start":{"line":92,"column":20},"end":{"line":96,"column":21}}],"line":92},"8":{"loc":{"start":{"line":106,"column":14},"end":{"line":106,"column":33}},"type":"default-arg","locations":[{"start":{"line":106,"column":25},"end":{"line":106,"column":33}}],"line":106},"9":{"loc":{"start":{"line":119,"column":12},"end":{"line":121,"column":13}},"type":"if","locations":[{"start":{"line":119,"column":12},"end":{"line":121,"column":13}},{"start":{"line":119,"column":12},"end":{"line":121,"column":13}}],"line":119},"10":{"loc":{"start":{"line":139,"column":33},"end":{"line":139,"column":86}},"type":"cond-expr","locations":[{"start":{"line":139,"column":54},"end":{"line":139,"column":56}},{"start":{"line":139,"column":59},"end":{"line":139,"column":86}}],"line":139},"11":{"loc":{"start":{"line":141,"column":8},"end":{"line":162,"column":9}},"type":"if","locations":[{"start":{"line":141,"column":8},"end":{"line":162,"column":9}},{"start":{"line":141,"column":8},"end":{"line":162,"column":9}}],"line":141},"12":{"loc":{"start":{"line":148,"column":29},"end":{"line":148,"column":71}},"type":"binary-expr","locations":[{"start":{"line":148,"column":29},"end":{"line":148,"column":48}},{"start":{"line":148,"column":52},"end":{"line":148,"column":71}}],"line":148}},"s":{"0":11,"1":11,"2":11,"3":11,"4":11,"5":11,"6":11,"7":11,"8":11,"9":11,"10":2,"11":1,"12":1,"13":2,"14":2,"15":1,"16":1,"17":1,"18":1,"19":1,"20":3,"21":3,"22":2,"23":2,"24":2,"25":1,"26":1,"27":1,"28":1,"29":1,"30":1,"31":4,"32":4,"33":2,"34":5,"35":4,"36":4,"37":3,"38":2,"39":1,"40":1,"41":10,"42":10,"43":10,"44":43,"45":42,"46":42,"47":39,"48":3,"49":43,"50":43,"51":42,"52":42,"53":1},"f":{"0":11,"1":2,"2":1,"3":2,"4":1,"5":1,"6":3,"7":2,"8":1,"9":1,"10":1,"11":4,"12":4,"13":5,"14":4,"15":1,"16":10,"17":2,"18":43,"19":42},"b":{"0":[1,1],"1":[2,1],"2":[2,2],"3":[4,3],"4":[4,1],"5":[5,3],"6":[3,1],"7":[2,1],"8":[2],"9":[39,3],"10":[40,3],"11":[42,1],"12":[42,5]},"_coverageSchema":"332fd63041d2c1bcb487cc26dd0d5f7d97098a6c","hash":"f9b10444226529c61f2ea98da8ca6ed97b42ab54"}
,"C:\\wamp64\\www\\react-composite-table\\lib\\factory\\editableColumnFields\\editableSelectField.js": {"path":"C:\\wamp64\\www\\react-composite-table\\lib\\factory\\editableColumnFields\\editableSelectField.js","statementMap":{"0":{"start":{"line":10,"column":8},"end":{"line":10,"column":21}},"1":{"start":{"line":12,"column":8},"end":{"line":17,"column":10}},"2":{"start":{"line":19,"column":8},"end":{"line":19,"column":55}},"3":{"start":{"line":20,"column":8},"end":{"line":20,"column":61}},"4":{"start":{"line":21,"column":8},"end":{"line":21,"column":59}},"5":{"start":{"line":22,"column":8},"end":{"line":22,"column":45}},"6":{"start":{"line":23,"column":8},"end":{"line":23,"column":61}},"7":{"start":{"line":24,"column":8},"end":{"line":24,"column":51}},"8":{"start":{"line":25,"column":8},"end":{"line":25,"column":54}},"9":{"start":{"line":26,"column":8},"end":{"line":26,"column":66}},"10":{"start":{"line":30,"column":8},"end":{"line":34,"column":9}},"11":{"start":{"line":31,"column":12},"end":{"line":33,"column":15}},"12":{"start":{"line":32,"column":16},"end":{"line":32,"column":36}},"13":{"start":{"line":38,"column":8},"end":{"line":38,"column":63}},"14":{"start":{"line":39,"column":8},"end":{"line":43,"column":11}},"15":{"start":{"line":42,"column":12},"end":{"line":42,"column":29}},"16":{"start":{"line":47,"column":8},"end":{"line":49,"column":11}},"17":{"start":{"line":50,"column":8},"end":{"line":60,"column":11}},"18":{"start":{"line":52,"column":12},"end":{"line":52,"column":79}},"19":{"start":{"line":53,"column":12},"end":{"line":53,"column":81}},"20":{"start":{"line":54,"column":12},"end":{"line":54,"column":83}},"21":{"start":{"line":57,"column":12},"end":{"line":57,"column":79}},"22":{"start":{"line":58,"column":12},"end":{"line":58,"column":81}},"23":{"start":{"line":59,"column":12},"end":{"line":59,"column":85}},"24":{"start":{"line":64,"column":8},"end":{"line":66,"column":11}},"25":{"start":{"line":68,"column":8},"end":{"line":78,"column":11}},"26":{"start":{"line":70,"column":12},"end":{"line":70,"column":79}},"27":{"start":{"line":71,"column":12},"end":{"line":71,"column":81}},"28":{"start":{"line":72,"column":12},"end":{"line":72,"column":83}},"29":{"start":{"line":75,"column":12},"end":{"line":75,"column":79}},"30":{"start":{"line":76,"column":12},"end":{"line":76,"column":81}},"31":{"start":{"line":77,"column":12},"end":{"line":77,"column":85}},"32":{"start":{"line":82,"column":8},"end":{"line":92,"column":9}},"33":{"start":{"line":83,"column":12},"end":{"line":91,"column":15}},"34":{"start":{"line":84,"column":16},"end":{"line":90,"column":17}},"35":{"start":{"line":85,"column":20},"end":{"line":89,"column":21}},"36":{"start":{"line":86,"column":24},"end":{"line":86,"column":46}},"37":{"start":{"line":88,"column":24},"end":{"line":88,"column":43}},"38":{"start":{"line":96,"column":8},"end":{"line":100,"column":11}},"39":{"start":{"line":97,"column":12},"end":{"line":99,"column":13}},"40":{"start":{"line":98,"column":16},"end":{"line":98,"column":42}},"41":{"start":{"line":104,"column":8},"end":{"line":104,"column":76}},"42":{"start":{"line":108,"column":23},"end":{"line":108,"column":99}},"43":{"start":{"line":109,"column":8},"end":{"line":109,"column":33}},"44":{"start":{"line":110,"column":8},"end":{"line":113,"column":21}},"45":{"start":{"line":117,"column":24},"end":{"line":138,"column":9}},"46":{"start":{"line":118,"column":33},"end":{"line":118,"column":56}},"47":{"start":{"line":120,"column":12},"end":{"line":122,"column":13}},"48":{"start":{"line":121,"column":16},"end":{"line":121,"column":31}},"49":{"start":{"line":124,"column":12},"end":{"line":137,"column":14}},"50":{"start":{"line":140,"column":33},"end":{"line":140,"column":86}},"51":{"start":{"line":142,"column":8},"end":{"line":164,"column":9}},"52":{"start":{"line":143,"column":29},"end":{"line":143,"column":91}},"53":{"start":{"line":144,"column":26},"end":{"line":144,"column":91}},"54":{"start":{"line":144,"column":66},"end":{"line":144,"column":90}},"55":{"start":{"line":145,"column":12},"end":{"line":163,"column":14}},"56":{"start":{"line":165,"column":22},"end":{"line":165,"column":95}},"57":{"start":{"line":165,"column":62},"end":{"line":165,"column":94}},"58":{"start":{"line":166,"column":22},"end":{"line":166,"column":48}},"59":{"start":{"line":167,"column":8},"end":{"line":172,"column":10}},"60":{"start":{"line":177,"column":0},"end":{"line":179,"column":2}}},"fnMap":{"0":{"name":"(anonymous_0)","decl":{"start":{"line":9,"column":4},"end":{"line":9,"column":5}},"loc":{"start":{"line":9,"column":23},"end":{"line":27,"column":5}},"line":9},"1":{"name":"(anonymous_1)","decl":{"start":{"line":29,"column":4},"end":{"line":29,"column":5}},"loc":{"start":{"line":29,"column":41},"end":{"line":35,"column":5}},"line":29},"2":{"name":"(anonymous_2)","decl":{"start":{"line":31,"column":60},"end":{"line":31,"column":61}},"loc":{"start":{"line":31,"column":66},"end":{"line":33,"column":13}},"line":31},"3":{"name":"(anonymous_3)","decl":{"start":{"line":37,"column":4},"end":{"line":37,"column":5}},"loc":{"start":{"line":37,"column":25},"end":{"line":44,"column":5}},"line":37},"4":{"name":"(anonymous_4)","decl":{"start":{"line":41,"column":11},"end":{"line":41,"column":12}},"loc":{"start":{"line":41,"column":17},"end":{"line":43,"column":9}},"line":41},"5":{"name":"(anonymous_5)","decl":{"start":{"line":46,"column":4},"end":{"line":46,"column":5}},"loc":{"start":{"line":46,"column":27},"end":{"line":61,"column":5}},"line":46},"6":{"name":"(anonymous_6)","decl":{"start":{"line":51,"column":14},"end":{"line":51,"column":15}},"loc":{"start":{"line":51,"column":20},"end":{"line":55,"column":9}},"line":51},"7":{"name":"(anonymous_7)","decl":{"start":{"line":56,"column":15},"end":{"line":56,"column":16}},"loc":{"start":{"line":56,"column":21},"end":{"line":60,"column":9}},"line":56},"8":{"name":"(anonymous_8)","decl":{"start":{"line":63,"column":4},"end":{"line":63,"column":5}},"loc":{"start":{"line":63,"column":24},"end":{"line":79,"column":5}},"line":63},"9":{"name":"(anonymous_9)","decl":{"start":{"line":69,"column":14},"end":{"line":69,"column":15}},"loc":{"start":{"line":69,"column":20},"end":{"line":73,"column":9}},"line":69},"10":{"name":"(anonymous_10)","decl":{"start":{"line":74,"column":15},"end":{"line":74,"column":16}},"loc":{"start":{"line":74,"column":21},"end":{"line":78,"column":9}},"line":74},"11":{"name":"(anonymous_11)","decl":{"start":{"line":81,"column":4},"end":{"line":81,"column":5}},"loc":{"start":{"line":81,"column":21},"end":{"line":93,"column":5}},"line":81},"12":{"name":"(anonymous_12)","decl":{"start":{"line":83,"column":30},"end":{"line":83,"column":31}},"loc":{"start":{"line":83,"column":36},"end":{"line":91,"column":13}},"line":83},"13":{"name":"(anonymous_13)","decl":{"start":{"line":95,"column":4},"end":{"line":95,"column":5}},"loc":{"start":{"line":95,"column":13},"end":{"line":101,"column":5}},"line":95},"14":{"name":"(anonymous_14)","decl":{"start":{"line":96,"column":26},"end":{"line":96,"column":27}},"loc":{"start":{"line":96,"column":32},"end":{"line":100,"column":9}},"line":96},"15":{"name":"(anonymous_15)","decl":{"start":{"line":103,"column":4},"end":{"line":103,"column":5}},"loc":{"start":{"line":103,"column":21},"end":{"line":105,"column":5}},"line":103},"16":{"name":"(anonymous_16)","decl":{"start":{"line":107,"column":4},"end":{"line":107,"column":5}},"loc":{"start":{"line":107,"column":35},"end":{"line":114,"column":5}},"line":107},"17":{"name":"(anonymous_17)","decl":{"start":{"line":107,"column":25},"end":{"line":107,"column":26}},"loc":{"start":{"line":107,"column":31},"end":{"line":107,"column":33}},"line":107},"18":{"name":"(anonymous_18)","decl":{"start":{"line":116,"column":4},"end":{"line":116,"column":5}},"loc":{"start":{"line":116,"column":13},"end":{"line":173,"column":5}},"line":116},"19":{"name":"(anonymous_19)","decl":{"start":{"line":117,"column":24},"end":{"line":117,"column":25}},"loc":{"start":{"line":117,"column":37},"end":{"line":138,"column":9}},"line":117},"20":{"name":"(anonymous_20)","decl":{"start":{"line":144,"column":56},"end":{"line":144,"column":57}},"loc":{"start":{"line":144,"column":66},"end":{"line":144,"column":90}},"line":144},"21":{"name":"(anonymous_21)","decl":{"start":{"line":165,"column":52},"end":{"line":165,"column":53}},"loc":{"start":{"line":165,"column":62},"end":{"line":165,"column":94}},"line":165}},"branchMap":{"0":{"loc":{"start":{"line":30,"column":8},"end":{"line":34,"column":9}},"type":"if","locations":[{"start":{"line":30,"column":8},"end":{"line":34,"column":9}},{"start":{"line":30,"column":8},"end":{"line":34,"column":9}}],"line":30},"1":{"loc":{"start":{"line":30,"column":12},"end":{"line":30,"column":89}},"type":"binary-expr","locations":[{"start":{"line":30,"column":12},"end":{"line":30,"column":36}},{"start":{"line":30,"column":40},"end":{"line":30,"column":89}}],"line":30},"2":{"loc":{"start":{"line":82,"column":8},"end":{"line":92,"column":9}},"type":"if","locations":[{"start":{"line":82,"column":8},"end":{"line":92,"column":9}},{"start":{"line":82,"column":8},"end":{"line":92,"column":9}}],"line":82},"3":{"loc":{"start":{"line":84,"column":16},"end":{"line":90,"column":17}},"type":"if","locations":[{"start":{"line":84,"column":16},"end":{"line":90,"column":17}},{"start":{"line":84,"column":16},"end":{"line":90,"column":17}}],"line":84},"4":{"loc":{"start":{"line":85,"column":20},"end":{"line":89,"column":21}},"type":"if","locations":[{"start":{"line":85,"column":20},"end":{"line":89,"column":21}},{"start":{"line":85,"column":20},"end":{"line":89,"column":21}}],"line":85},"5":{"loc":{"start":{"line":97,"column":12},"end":{"line":99,"column":13}},"type":"if","locations":[{"start":{"line":97,"column":12},"end":{"line":99,"column":13}},{"start":{"line":97,"column":12},"end":{"line":99,"column":13}}],"line":97},"6":{"loc":{"start":{"line":97,"column":16},"end":{"line":97,"column":61}},"type":"binary-expr","locations":[{"start":{"line":97,"column":16},"end":{"line":97,"column":39}},{"start":{"line":97,"column":43},"end":{"line":97,"column":61}}],"line":97},"7":{"loc":{"start":{"line":107,"column":14},"end":{"line":107,"column":33}},"type":"default-arg","locations":[{"start":{"line":107,"column":25},"end":{"line":107,"column":33}}],"line":107},"8":{"loc":{"start":{"line":120,"column":12},"end":{"line":122,"column":13}},"type":"if","locations":[{"start":{"line":120,"column":12},"end":{"line":122,"column":13}},{"start":{"line":120,"column":12},"end":{"line":122,"column":13}}],"line":120},"9":{"loc":{"start":{"line":140,"column":33},"end":{"line":140,"column":86}},"type":"cond-expr","locations":[{"start":{"line":140,"column":54},"end":{"line":140,"column":56}},{"start":{"line":140,"column":59},"end":{"line":140,"column":86}}],"line":140},"10":{"loc":{"start":{"line":142,"column":8},"end":{"line":164,"column":9}},"type":"if","locations":[{"start":{"line":142,"column":8},"end":{"line":164,"column":9}},{"start":{"line":142,"column":8},"end":{"line":164,"column":9}}],"line":142}},"s":{"0":8,"1":8,"2":8,"3":8,"4":8,"5":8,"6":8,"7":8,"8":8,"9":8,"10":10,"11":2,"12":2,"13":1,"14":1,"15":1,"16":2,"17":2,"18":1,"19":1,"20":1,"21":1,"22":1,"23":1,"24":3,"25":3,"26":2,"27":2,"28":2,"29":1,"30":1,"31":1,"32":5,"33":4,"34":4,"35":3,"36":2,"37":1,"38":4,"39":4,"40":2,"41":1,"42":12,"43":12,"44":12,"45":51,"46":45,"47":45,"48":38,"49":7,"50":51,"51":51,"52":45,"53":45,"54":16,"55":45,"56":6,"57":3,"58":6,"59":6,"60":3},"f":{"0":8,"1":10,"2":2,"3":1,"4":1,"5":2,"6":1,"7":1,"8":3,"9":2,"10":1,"11":5,"12":4,"13":4,"14":4,"15":1,"16":12,"17":4,"18":51,"19":45,"20":16,"21":3},"b":{"0":[2,8],"1":[10,2],"2":[4,1],"3":[3,1],"4":[2,1],"5":[2,2],"6":[4,3],"7":[4],"8":[38,7],"9":[44,7],"10":[45,6]},"_coverageSchema":"332fd63041d2c1bcb487cc26dd0d5f7d97098a6c","hash":"e7611187ea58a22217260ed0f921a7b8a4c00c1f"}
,"C:\\wamp64\\www\\react-composite-table\\lib\\factory\\editableColumnFields\\editableTextField.js": {"path":"C:\\wamp64\\www\\react-composite-table\\lib\\factory\\editableColumnFields\\editableTextField.js","statementMap":{"0":{"start":{"line":9,"column":8},"end":{"line":9,"column":21}},"1":{"start":{"line":11,"column":8},"end":{"line":16,"column":10}},"2":{"start":{"line":18,"column":8},"end":{"line":18,"column":55}},"3":{"start":{"line":19,"column":8},"end":{"line":19,"column":61}},"4":{"start":{"line":20,"column":8},"end":{"line":20,"column":59}},"5":{"start":{"line":21,"column":8},"end":{"line":21,"column":61}},"6":{"start":{"line":22,"column":8},"end":{"line":22,"column":51}},"7":{"start":{"line":23,"column":8},"end":{"line":23,"column":45}},"8":{"start":{"line":24,"column":8},"end":{"line":24,"column":54}},"9":{"start":{"line":25,"column":8},"end":{"line":25,"column":66}},"10":{"start":{"line":29,"column":8},"end":{"line":33,"column":9}},"11":{"start":{"line":30,"column":12},"end":{"line":32,"column":15}},"12":{"start":{"line":31,"column":16},"end":{"line":31,"column":36}},"13":{"start":{"line":37,"column":22},"end":{"line":37,"column":40}},"14":{"start":{"line":38,"column":8},"end":{"line":38,"column":42}},"15":{"start":{"line":39,"column":8},"end":{"line":43,"column":11}},"16":{"start":{"line":42,"column":12},"end":{"line":42,"column":29}},"17":{"start":{"line":47,"column":8},"end":{"line":49,"column":11}},"18":{"start":{"line":50,"column":8},"end":{"line":60,"column":11}},"19":{"start":{"line":52,"column":12},"end":{"line":52,"column":79}},"20":{"start":{"line":53,"column":12},"end":{"line":53,"column":81}},"21":{"start":{"line":54,"column":12},"end":{"line":54,"column":83}},"22":{"start":{"line":57,"column":12},"end":{"line":57,"column":79}},"23":{"start":{"line":58,"column":12},"end":{"line":58,"column":81}},"24":{"start":{"line":59,"column":12},"end":{"line":59,"column":85}},"25":{"start":{"line":64,"column":8},"end":{"line":66,"column":11}},"26":{"start":{"line":68,"column":8},"end":{"line":78,"column":11}},"27":{"start":{"line":70,"column":12},"end":{"line":70,"column":79}},"28":{"start":{"line":71,"column":12},"end":{"line":71,"column":81}},"29":{"start":{"line":72,"column":12},"end":{"line":72,"column":83}},"30":{"start":{"line":75,"column":12},"end":{"line":75,"column":79}},"31":{"start":{"line":76,"column":12},"end":{"line":76,"column":81}},"32":{"start":{"line":77,"column":12},"end":{"line":77,"column":85}},"33":{"start":{"line":82,"column":8},"end":{"line":92,"column":9}},"34":{"start":{"line":83,"column":12},"end":{"line":91,"column":15}},"35":{"start":{"line":84,"column":16},"end":{"line":90,"column":17}},"36":{"start":{"line":85,"column":20},"end":{"line":89,"column":21}},"37":{"start":{"line":86,"column":24},"end":{"line":86,"column":46}},"38":{"start":{"line":88,"column":24},"end":{"line":88,"column":43}},"39":{"start":{"line":96,"column":8},"end":{"line":96,"column":58}},"40":{"start":{"line":97,"column":8},"end":{"line":97,"column":75}},"41":{"start":{"line":101,"column":8},"end":{"line":105,"column":11}},"42":{"start":{"line":102,"column":12},"end":{"line":104,"column":13}},"43":{"start":{"line":103,"column":16},"end":{"line":103,"column":42}},"44":{"start":{"line":109,"column":22},"end":{"line":109,"column":34}},"45":{"start":{"line":110,"column":8},"end":{"line":110,"column":22}},"46":{"start":{"line":111,"column":25},"end":{"line":111,"column":43}},"47":{"start":{"line":112,"column":8},"end":{"line":112,"column":52}},"48":{"start":{"line":116,"column":23},"end":{"line":116,"column":99}},"49":{"start":{"line":117,"column":8},"end":{"line":117,"column":33}},"50":{"start":{"line":118,"column":8},"end":{"line":121,"column":21}},"51":{"start":{"line":125,"column":24},"end":{"line":146,"column":9}},"52":{"start":{"line":126,"column":33},"end":{"line":126,"column":56}},"53":{"start":{"line":128,"column":12},"end":{"line":130,"column":13}},"54":{"start":{"line":129,"column":16},"end":{"line":129,"column":31}},"55":{"start":{"line":132,"column":12},"end":{"line":145,"column":14}},"56":{"start":{"line":148,"column":33},"end":{"line":148,"column":86}},"57":{"start":{"line":150,"column":8},"end":{"line":169,"column":9}},"58":{"start":{"line":151,"column":12},"end":{"line":168,"column":14}},"59":{"start":{"line":170,"column":8},"end":{"line":175,"column":10}}},"fnMap":{"0":{"name":"(anonymous_0)","decl":{"start":{"line":8,"column":4},"end":{"line":8,"column":5}},"loc":{"start":{"line":8,"column":23},"end":{"line":26,"column":5}},"line":8},"1":{"name":"(anonymous_1)","decl":{"start":{"line":28,"column":4},"end":{"line":28,"column":5}},"loc":{"start":{"line":28,"column":41},"end":{"line":34,"column":5}},"line":28},"2":{"name":"(anonymous_2)","decl":{"start":{"line":30,"column":60},"end":{"line":30,"column":61}},"loc":{"start":{"line":30,"column":66},"end":{"line":32,"column":13}},"line":30},"3":{"name":"(anonymous_3)","decl":{"start":{"line":36,"column":4},"end":{"line":36,"column":5}},"loc":{"start":{"line":36,"column":25},"end":{"line":44,"column":5}},"line":36},"4":{"name":"(anonymous_4)","decl":{"start":{"line":41,"column":11},"end":{"line":41,"column":12}},"loc":{"start":{"line":41,"column":17},"end":{"line":43,"column":9}},"line":41},"5":{"name":"(anonymous_5)","decl":{"start":{"line":46,"column":4},"end":{"line":46,"column":5}},"loc":{"start":{"line":46,"column":27},"end":{"line":61,"column":5}},"line":46},"6":{"name":"(anonymous_6)","decl":{"start":{"line":51,"column":14},"end":{"line":51,"column":15}},"loc":{"start":{"line":51,"column":20},"end":{"line":55,"column":9}},"line":51},"7":{"name":"(anonymous_7)","decl":{"start":{"line":56,"column":15},"end":{"line":56,"column":16}},"loc":{"start":{"line":56,"column":21},"end":{"line":60,"column":9}},"line":56},"8":{"name":"(anonymous_8)","decl":{"start":{"line":63,"column":4},"end":{"line":63,"column":5}},"loc":{"start":{"line":63,"column":24},"end":{"line":79,"column":5}},"line":63},"9":{"name":"(anonymous_9)","decl":{"start":{"line":69,"column":14},"end":{"line":69,"column":15}},"loc":{"start":{"line":69,"column":20},"end":{"line":73,"column":9}},"line":69},"10":{"name":"(anonymous_10)","decl":{"start":{"line":74,"column":15},"end":{"line":74,"column":16}},"loc":{"start":{"line":74,"column":21},"end":{"line":78,"column":9}},"line":74},"11":{"name":"(anonymous_11)","decl":{"start":{"line":81,"column":4},"end":{"line":81,"column":5}},"loc":{"start":{"line":81,"column":21},"end":{"line":93,"column":5}},"line":81},"12":{"name":"(anonymous_12)","decl":{"start":{"line":83,"column":30},"end":{"line":83,"column":31}},"loc":{"start":{"line":83,"column":36},"end":{"line":91,"column":13}},"line":83},"13":{"name":"(anonymous_13)","decl":{"start":{"line":95,"column":4},"end":{"line":95,"column":5}},"loc":{"start":{"line":95,"column":21},"end":{"line":98,"column":5}},"line":95},"14":{"name":"(anonymous_14)","decl":{"start":{"line":100,"column":4},"end":{"line":100,"column":5}},"loc":{"start":{"line":100,"column":13},"end":{"line":106,"column":5}},"line":100},"15":{"name":"(anonymous_15)","decl":{"start":{"line":101,"column":26},"end":{"line":101,"column":27}},"loc":{"start":{"line":101,"column":32},"end":{"line":105,"column":9}},"line":101},"16":{"name":"(anonymous_16)","decl":{"start":{"line":108,"column":4},"end":{"line":108,"column":5}},"loc":{"start":{"line":108,"column":26},"end":{"line":113,"column":5}},"line":108},"17":{"name":"(anonymous_17)","decl":{"start":{"line":115,"column":4},"end":{"line":115,"column":5}},"loc":{"start":{"line":115,"column":35},"end":{"line":122,"column":5}},"line":115},"18":{"name":"(anonymous_18)","decl":{"start":{"line":115,"column":25},"end":{"line":115,"column":26}},"loc":{"start":{"line":115,"column":31},"end":{"line":115,"column":33}},"line":115},"19":{"name":"(anonymous_19)","decl":{"start":{"line":124,"column":4},"end":{"line":124,"column":5}},"loc":{"start":{"line":124,"column":13},"end":{"line":176,"column":5}},"line":124},"20":{"name":"(anonymous_20)","decl":{"start":{"line":125,"column":24},"end":{"line":125,"column":25}},"loc":{"start":{"line":125,"column":37},"end":{"line":146,"column":9}},"line":125}},"branchMap":{"0":{"loc":{"start":{"line":29,"column":8},"end":{"line":33,"column":9}},"type":"if","locations":[{"start":{"line":29,"column":8},"end":{"line":33,"column":9}},{"start":{"line":29,"column":8},"end":{"line":33,"column":9}}],"line":29},"1":{"loc":{"start":{"line":29,"column":12},"end":{"line":29,"column":89}},"type":"binary-expr","locations":[{"start":{"line":29,"column":12},"end":{"line":29,"column":36}},{"start":{"line":29,"column":40},"end":{"line":29,"column":89}}],"line":29},"2":{"loc":{"start":{"line":82,"column":8},"end":{"line":92,"column":9}},"type":"if","locations":[{"start":{"line":82,"column":8},"end":{"line":92,"column":9}},{"start":{"line":82,"column":8},"end":{"line":92,"column":9}}],"line":82},"3":{"loc":{"start":{"line":82,"column":13},"end":{"line":82,"column":58}},"type":"binary-expr","locations":[{"start":{"line":82,"column":13},"end":{"line":82,"column":34}},{"start":{"line":82,"column":38},"end":{"line":82,"column":58}}],"line":82},"4":{"loc":{"start":{"line":84,"column":16},"end":{"line":90,"column":17}},"type":"if","locations":[{"start":{"line":84,"column":16},"end":{"line":90,"column":17}},{"start":{"line":84,"column":16},"end":{"line":90,"column":17}}],"line":84},"5":{"loc":{"start":{"line":85,"column":20},"end":{"line":89,"column":21}},"type":"if","locations":[{"start":{"line":85,"column":20},"end":{"line":89,"column":21}},{"start":{"line":85,"column":20},"end":{"line":89,"column":21}}],"line":85},"6":{"loc":{"start":{"line":102,"column":12},"end":{"line":104,"column":13}},"type":"if","locations":[{"start":{"line":102,"column":12},"end":{"line":104,"column":13}},{"start":{"line":102,"column":12},"end":{"line":104,"column":13}}],"line":102},"7":{"loc":{"start":{"line":102,"column":16},"end":{"line":102,"column":61}},"type":"binary-expr","locations":[{"start":{"line":102,"column":16},"end":{"line":102,"column":39}},{"start":{"line":102,"column":43},"end":{"line":102,"column":61}}],"line":102},"8":{"loc":{"start":{"line":115,"column":14},"end":{"line":115,"column":33}},"type":"default-arg","locations":[{"start":{"line":115,"column":25},"end":{"line":115,"column":33}}],"line":115},"9":{"loc":{"start":{"line":128,"column":12},"end":{"line":130,"column":13}},"type":"if","locations":[{"start":{"line":128,"column":12},"end":{"line":130,"column":13}},{"start":{"line":128,"column":12},"end":{"line":130,"column":13}}],"line":128},"10":{"loc":{"start":{"line":148,"column":33},"end":{"line":148,"column":86}},"type":"cond-expr","locations":[{"start":{"line":148,"column":54},"end":{"line":148,"column":56}},{"start":{"line":148,"column":59},"end":{"line":148,"column":86}}],"line":148},"11":{"loc":{"start":{"line":150,"column":8},"end":{"line":169,"column":9}},"type":"if","locations":[{"start":{"line":150,"column":8},"end":{"line":169,"column":9}},{"start":{"line":150,"column":8},"end":{"line":169,"column":9}}],"line":150},"12":{"loc":{"start":{"line":155,"column":29},"end":{"line":155,"column":71}},"type":"binary-expr","locations":[{"start":{"line":155,"column":29},"end":{"line":155,"column":48}},{"start":{"line":155,"column":52},"end":{"line":155,"column":71}}],"line":155}},"s":{"0":10,"1":10,"2":10,"3":10,"4":10,"5":10,"6":10,"7":10,"8":10,"9":10,"10":50,"11":10,"12":10,"13":10,"14":10,"15":10,"16":10,"17":3,"18":3,"19":2,"20":2,"21":2,"22":1,"23":1,"24":1,"25":3,"26":3,"27":2,"28":2,"29":2,"30":1,"31":1,"32":1,"33":7,"34":6,"35":6,"36":5,"37":3,"38":2,"39":10,"40":10,"41":3,"42":3,"43":1,"44":1,"45":1,"46":1,"47":1,"48":30,"49":30,"50":30,"51":114,"52":83,"53":83,"54":72,"55":11,"56":114,"57":114,"58":83,"59":31},"f":{"0":10,"1":50,"2":10,"3":10,"4":10,"5":3,"6":2,"7":1,"8":3,"9":2,"10":1,"11":7,"12":6,"13":10,"14":3,"15":3,"16":1,"17":30,"18":21,"19":114,"20":83},"b":{"0":[10,40],"1":[50,22],"2":[6,1],"3":[7,5],"4":[5,1],"5":[3,2],"6":[1,2],"7":[3,2],"8":[21],"9":[72,11],"10":[103,11],"11":[83,31],"12":[83,7]},"_coverageSchema":"332fd63041d2c1bcb487cc26dd0d5f7d97098a6c","hash":"0920f1a434d88b48676603fe01e7e030beeb99af"}
,"C:\\wamp64\\www\\react-composite-table\\lib\\factory\\filterFields\\selectField.js": {"path":"C:\\wamp64\\www\\react-composite-table\\lib\\factory\\filterFields\\selectField.js","statementMap":{"0":{"start":{"line":8,"column":8},"end":{"line":8,"column":21}},"1":{"start":{"line":10,"column":8},"end":{"line":12,"column":9}},"2":{"start":{"line":14,"column":8},"end":{"line":14,"column":61}},"3":{"start":{"line":18,"column":8},"end":{"line":18,"column":48}},"4":{"start":{"line":22,"column":8},"end":{"line":24,"column":10}},"5":{"start":{"line":25,"column":8},"end":{"line":25,"column":98}},"6":{"start":{"line":29,"column":8},"end":{"line":39,"column":9}},"7":{"start":{"line":43,"column":0},"end":{"line":45,"column":2}}},"fnMap":{"0":{"name":"(anonymous_0)","decl":{"start":{"line":7,"column":4},"end":{"line":7,"column":5}},"loc":{"start":{"line":7,"column":23},"end":{"line":15,"column":5}},"line":7},"1":{"name":"(anonymous_1)","decl":{"start":{"line":17,"column":4},"end":{"line":17,"column":5}},"loc":{"start":{"line":17,"column":41},"end":{"line":19,"column":5}},"line":17},"2":{"name":"(anonymous_2)","decl":{"start":{"line":21,"column":4},"end":{"line":21,"column":5}},"loc":{"start":{"line":21,"column":26},"end":{"line":26,"column":5}},"line":21},"3":{"name":"(anonymous_3)","decl":{"start":{"line":28,"column":4},"end":{"line":28,"column":5}},"loc":{"start":{"line":28,"column":13},"end":{"line":40,"column":5}},"line":28}},"branchMap":{},"s":{"0":1,"1":1,"2":1,"3":1,"4":1,"5":1,"6":4,"7":2},"f":{"0":1,"1":1,"2":1,"3":4},"b":{},"_coverageSchema":"332fd63041d2c1bcb487cc26dd0d5f7d97098a6c","hash":"4c3e9a6efcd355ae5a9fd12c48a25258434319c0"}
,"C:\\wamp64\\www\\react-composite-table\\lib\\factory\\filterFields\\textField.js": {"path":"C:\\wamp64\\www\\react-composite-table\\lib\\factory\\filterFields\\textField.js","statementMap":{"0":{"start":{"line":6,"column":8},"end":{"line":6,"column":21}},"1":{"start":{"line":8,"column":8},"end":{"line":10,"column":9}},"2":{"start":{"line":12,"column":8},"end":{"line":12,"column":57}},"3":{"start":{"line":16,"column":8},"end":{"line":16,"column":48}},"4":{"start":{"line":20,"column":22},"end":{"line":20,"column":40}},"5":{"start":{"line":21,"column":8},"end":{"line":23,"column":10}},"6":{"start":{"line":24,"column":8},"end":{"line":24,"column":91}},"7":{"start":{"line":28,"column":8},"end":{"line":37,"column":9}}},"fnMap":{"0":{"name":"(anonymous_0)","decl":{"start":{"line":5,"column":4},"end":{"line":5,"column":5}},"loc":{"start":{"line":5,"column":23},"end":{"line":13,"column":5}},"line":5},"1":{"name":"(anonymous_1)","decl":{"start":{"line":15,"column":4},"end":{"line":15,"column":5}},"loc":{"start":{"line":15,"column":41},"end":{"line":17,"column":5}},"line":15},"2":{"name":"(anonymous_2)","decl":{"start":{"line":19,"column":4},"end":{"line":19,"column":5}},"loc":{"start":{"line":19,"column":24},"end":{"line":25,"column":5}},"line":19},"3":{"name":"(anonymous_3)","decl":{"start":{"line":27,"column":4},"end":{"line":27,"column":5}},"loc":{"start":{"line":27,"column":13},"end":{"line":38,"column":5}},"line":27}},"branchMap":{},"s":{"0":7,"1":7,"2":7,"3":27,"4":1,"5":1,"6":1,"7":36},"f":{"0":7,"1":27,"2":1,"3":36},"b":{},"_coverageSchema":"332fd63041d2c1bcb487cc26dd0d5f7d97098a6c","hash":"83f4c2d7424aec2b4b8760dd361a5bb8842ec991"}
,"C:\\wamp64\\www\\react-composite-table\\tests\\helper\\index.js": {"path":"C:\\wamp64\\www\\react-composite-table\\tests\\helper\\index.js","statementMap":{"0":{"start":{"line":2,"column":4},"end":{"line":2,"column":57}},"1":{"start":{"line":2,"column":34},"end":{"line":2,"column":55}}},"fnMap":{"0":{"name":"flushPromises","decl":{"start":{"line":1,"column":16},"end":{"line":1,"column":29}},"loc":{"start":{"line":1,"column":32},"end":{"line":3,"column":1}},"line":1},"1":{"name":"(anonymous_1)","decl":{"start":{"line":2,"column":23},"end":{"line":2,"column":24}},"loc":{"start":{"line":2,"column":34},"end":{"line":2,"column":55}},"line":2}},"branchMap":{},"s":{"0":29,"1":29},"f":{"0":29,"1":29},"b":{},"_coverageSchema":"332fd63041d2c1bcb487cc26dd0d5f7d97098a6c","hash":"ce8b8d03141dc745ae8aebb1e43177ba20b34e6b"}
}
