{"C:\\wamp64\\www\\react-composite-table\\lib\\actions\\index.js": {"path":"C:\\wamp64\\www\\react-composite-table\\lib\\actions\\index.js","statementMap":{"0":{"start":{"line":4,"column":4},"end":{"line":8,"column":5}},"1":{"start":{"line":5,"column":26},"end":{"line":5,"column":54}},"2":{"start":{"line":6,"column":12},"end":{"line":6,"column":80}},"3":{"start":{"line":12,"column":4},"end":{"line":15,"column":7}},"4":{"start":{"line":13,"column":22},"end":{"line":13,"column":50}},"5":{"start":{"line":14,"column":8},"end":{"line":14,"column":76}},"6":{"start":{"line":14,"column":48},"end":{"line":14,"column":74}},"7":{"start":{"line":19,"column":23},"end":{"line":19,"column":43}},"8":{"start":{"line":20,"column":24},"end":{"line":20,"column":44}},"9":{"start":{"line":22,"column":4},"end":{"line":28,"column":5}},"10":{"start":{"line":23,"column":8},"end":{"line":23,"column":17}},"11":{"start":{"line":24,"column":11},"end":{"line":28,"column":5}},"12":{"start":{"line":25,"column":8},"end":{"line":25,"column":39}},"13":{"start":{"line":27,"column":8},"end":{"line":27,"column":39}}},"fnMap":{"0":{"name":"filterByLabel","decl":{"start":{"line":3,"column":16},"end":{"line":3,"column":29}},"loc":{"start":{"line":3,"column":69},"end":{"line":9,"column":1}},"line":3},"1":{"name":"(anonymous_1)","decl":{"start":{"line":4,"column":23},"end":{"line":4,"column":24}},"loc":{"start":{"line":4,"column":30},"end":{"line":7,"column":9}},"line":4},"2":{"name":"filterByMultiSelectLabel","decl":{"start":{"line":11,"column":16},"end":{"line":11,"column":40}},"loc":{"start":{"line":11,"column":81},"end":{"line":16,"column":1}},"line":11},"3":{"name":"(anonymous_3)","decl":{"start":{"line":12,"column":23},"end":{"line":12,"column":24}},"loc":{"start":{"line":12,"column":30},"end":{"line":15,"column":5}},"line":12},"4":{"name":"(anonymous_4)","decl":{"start":{"line":14,"column":33},"end":{"line":14,"column":34}},"loc":{"start":{"line":14,"column":48},"end":{"line":14,"column":74}},"line":14},"5":{"name":"sorting","decl":{"start":{"line":18,"column":16},"end":{"line":18,"column":23}},"loc":{"start":{"line":18,"column":51},"end":{"line":29,"column":1}},"line":18}},"branchMap":{"0":{"loc":{"start":{"line":22,"column":4},"end":{"line":28,"column":5}},"type":"if","locations":[{"start":{"line":22,"column":4},"end":{"line":28,"column":5}},{"start":{"line":22,"column":4},"end":{"line":28,"column":5}}],"line":22},"1":{"loc":{"start":{"line":24,"column":11},"end":{"line":28,"column":5}},"type":"if","locations":[{"start":{"line":24,"column":11},"end":{"line":28,"column":5}},{"start":{"line":24,"column":11},"end":{"line":28,"column":5}}],"line":24},"2":{"loc":{"start":{"line":25,"column":15},"end":{"line":25,"column":38}},"type":"cond-expr","locations":[{"start":{"line":25,"column":32},"end":{"line":25,"column":34}},{"start":{"line":25,"column":37},"end":{"line":25,"column":38}}],"line":25},"3":{"loc":{"start":{"line":27,"column":15},"end":{"line":27,"column":38}},"type":"cond-expr","locations":[{"start":{"line":27,"column":32},"end":{"line":27,"column":33}},{"start":{"line":27,"column":36},"end":{"line":27,"column":38}}],"line":27}},"s":{"0":5,"1":7,"2":7,"3":2,"4":3,"5":3,"6":3,"7":7,"8":7,"9":7,"10":1,"11":6,"12":3,"13":3},"f":{"0":5,"1":7,"2":2,"3":3,"4":3,"5":7},"b":{"0":[1,6],"1":[3,3],"2":[1,2],"3":[2,1]},"_coverageSchema":"332fd63041d2c1bcb487cc26dd0d5f7d97098a6c","hash":"371f49628fb604327e88f8ba3cbda53dcf517002"}
,"C:\\wamp64\\www\\react-composite-table\\lib\\components\\customButtons.js": {"path":"C:\\wamp64\\www\\react-composite-table\\lib\\components\\customButtons.js","statementMap":{"0":{"start":{"line":5,"column":31},"end":{"line":5,"column":41}},"1":{"start":{"line":7,"column":8},"end":{"line":26,"column":10}},"2":{"start":{"line":12,"column":20},"end":{"line":17,"column":21}},"3":{"start":{"line":13,"column":24},"end":{"line":13,"column":62}},"4":{"start":{"line":15,"column":67},"end":{"line":15,"column":78}},"5":{"start":{"line":16,"column":24},"end":{"line":16,"column":152}},"6":{"start":{"line":19,"column":20},"end":{"line":23,"column":22}}},"fnMap":{"0":{"name":"(anonymous_0)","decl":{"start":{"line":4,"column":2},"end":{"line":4,"column":3}},"loc":{"start":{"line":4,"column":11},"end":{"line":27,"column":5}},"line":4},"1":{"name":"(anonymous_1)","decl":{"start":{"line":9,"column":29},"end":{"line":9,"column":30}},"loc":{"start":{"line":9,"column":44},"end":{"line":24,"column":17}},"line":9}},"branchMap":{"0":{"loc":{"start":{"line":12,"column":20},"end":{"line":17,"column":21}},"type":"if","locations":[{"start":{"line":12,"column":20},"end":{"line":17,"column":21}},{"start":{"line":12,"column":20},"end":{"line":17,"column":21}}],"line":12}},"s":{"0":20,"1":20,"2":4,"3":2,"4":2,"5":2,"6":4},"f":{"0":20,"1":4},"b":{"0":[2,2]},"_coverageSchema":"332fd63041d2c1bcb487cc26dd0d5f7d97098a6c","hash":"7dd43c040fdcbecdbfeca9ec7e668b01a1f28a0f"}
,"C:\\wamp64\\www\\react-composite-table\\lib\\components\\footer.js": {"path":"C:\\wamp64\\www\\react-composite-table\\lib\\components\\footer.js","statementMap":{"0":{"start":{"line":7,"column":8},"end":{"line":7,"column":21}},"1":{"start":{"line":9,"column":8},"end":{"line":13,"column":9}},"2":{"start":{"line":15,"column":8},"end":{"line":15,"column":71}},"3":{"start":{"line":16,"column":8},"end":{"line":16,"column":73}},"4":{"start":{"line":17,"column":8},"end":{"line":17,"column":73}},"5":{"start":{"line":18,"column":8},"end":{"line":18,"column":75}},"6":{"start":{"line":19,"column":8},"end":{"line":19,"column":69}},"7":{"start":{"line":20,"column":8},"end":{"line":20,"column":67}},"8":{"start":{"line":21,"column":8},"end":{"line":21,"column":67}},"9":{"start":{"line":22,"column":8},"end":{"line":22,"column":59}},"10":{"start":{"line":23,"column":8},"end":{"line":23,"column":81}},"11":{"start":{"line":27,"column":22},"end":{"line":27,"column":86}},"12":{"start":{"line":28,"column":31},"end":{"line":28,"column":52}},"13":{"start":{"line":29,"column":28},"end":{"line":29,"column":50}},"14":{"start":{"line":31,"column":8},"end":{"line":33,"column":11}},"15":{"start":{"line":35,"column":8},"end":{"line":37,"column":9}},"16":{"start":{"line":36,"column":12},"end":{"line":36,"column":58}},"17":{"start":{"line":41,"column":22},"end":{"line":41,"column":87}},"18":{"start":{"line":42,"column":31},"end":{"line":42,"column":52}},"19":{"start":{"line":44,"column":8},"end":{"line":46,"column":11}},"20":{"start":{"line":48,"column":8},"end":{"line":48,"column":41}},"21":{"start":{"line":49,"column":8},"end":{"line":49,"column":63}},"22":{"start":{"line":53,"column":8},"end":{"line":53,"column":66}},"23":{"start":{"line":57,"column":8},"end":{"line":59,"column":9}},"24":{"start":{"line":58,"column":12},"end":{"line":58,"column":24}},"25":{"start":{"line":60,"column":8},"end":{"line":69,"column":9}},"26":{"start":{"line":62,"column":16},"end":{"line":62,"column":41}},"27":{"start":{"line":63,"column":16},"end":{"line":63,"column":22}},"28":{"start":{"line":65,"column":16},"end":{"line":65,"column":45}},"29":{"start":{"line":66,"column":16},"end":{"line":66,"column":22}},"30":{"start":{"line":68,"column":16},"end":{"line":68,"column":22}},"31":{"start":{"line":73,"column":22},"end":{"line":73,"column":50}},"32":{"start":{"line":75,"column":8},"end":{"line":77,"column":9}},"33":{"start":{"line":76,"column":12},"end":{"line":76,"column":24}},"34":{"start":{"line":79,"column":8},"end":{"line":81,"column":9}},"35":{"start":{"line":80,"column":12},"end":{"line":80,"column":48}},"36":{"start":{"line":83,"column":8},"end":{"line":83,"column":47}},"37":{"start":{"line":87,"column":30},"end":{"line":87,"column":58}},"38":{"start":{"line":89,"column":8},"end":{"line":91,"column":9}},"39":{"start":{"line":90,"column":12},"end":{"line":90,"column":65}},"40":{"start":{"line":92,"column":8},"end":{"line":94,"column":9}},"41":{"start":{"line":93,"column":12},"end":{"line":93,"column":65}},"42":{"start":{"line":96,"column":8},"end":{"line":101,"column":11}},"43":{"start":{"line":99,"column":12},"end":{"line":99,"column":55}},"44":{"start":{"line":100,"column":12},"end":{"line":100,"column":57}},"45":{"start":{"line":105,"column":30},"end":{"line":105,"column":57}},"46":{"start":{"line":106,"column":28},"end":{"line":106,"column":50}},"47":{"start":{"line":107,"column":31},"end":{"line":107,"column":68}},"48":{"start":{"line":109,"column":8},"end":{"line":115,"column":11}},"49":{"start":{"line":112,"column":12},"end":{"line":114,"column":13}},"50":{"start":{"line":113,"column":16},"end":{"line":113,"column":62}},"51":{"start":{"line":119,"column":23},"end":{"line":119,"column":49}},"52":{"start":{"line":120,"column":25},"end":{"line":120,"column":50}},"53":{"start":{"line":122,"column":8},"end":{"line":124,"column":9}},"54":{"start":{"line":123,"column":12},"end":{"line":123,"column":32}},"55":{"start":{"line":126,"column":8},"end":{"line":126,"column":48}},"56":{"start":{"line":130,"column":23},"end":{"line":130,"column":49}},"57":{"start":{"line":132,"column":8},"end":{"line":134,"column":9}},"58":{"start":{"line":133,"column":12},"end":{"line":133,"column":25}},"59":{"start":{"line":136,"column":8},"end":{"line":136,"column":48}},"60":{"start":{"line":140,"column":8},"end":{"line":140,"column":41}},"61":{"start":{"line":144,"column":8},"end":{"line":144,"column":65}},"62":{"start":{"line":148,"column":8},"end":{"line":150,"column":11}},"63":{"start":{"line":151,"column":8},"end":{"line":151,"column":64}},"64":{"start":{"line":155,"column":8},"end":{"line":214,"column":10}}},"fnMap":{"0":{"name":"(anonymous_0)","decl":{"start":{"line":6,"column":4},"end":{"line":6,"column":5}},"loc":{"start":{"line":6,"column":23},"end":{"line":24,"column":5}},"line":6},"1":{"name":"(anonymous_1)","decl":{"start":{"line":26,"column":4},"end":{"line":26,"column":5}},"loc":{"start":{"line":26,"column":41},"end":{"line":38,"column":5}},"line":26},"2":{"name":"(anonymous_2)","decl":{"start":{"line":40,"column":4},"end":{"line":40,"column":5}},"loc":{"start":{"line":40,"column":24},"end":{"line":50,"column":5}},"line":40},"3":{"name":"(anonymous_3)","decl":{"start":{"line":52,"column":4},"end":{"line":52,"column":5}},"loc":{"start":{"line":52,"column":27},"end":{"line":54,"column":5}},"line":52},"4":{"name":"(anonymous_4)","decl":{"start":{"line":56,"column":4},"end":{"line":56,"column":5}},"loc":{"start":{"line":56,"column":25},"end":{"line":70,"column":5}},"line":56},"5":{"name":"(anonymous_5)","decl":{"start":{"line":72,"column":4},"end":{"line":72,"column":5}},"loc":{"start":{"line":72,"column":31},"end":{"line":84,"column":5}},"line":72},"6":{"name":"(anonymous_6)","decl":{"start":{"line":86,"column":4},"end":{"line":86,"column":5}},"loc":{"start":{"line":86,"column":32},"end":{"line":102,"column":5}},"line":86},"7":{"name":"(anonymous_7)","decl":{"start":{"line":98,"column":11},"end":{"line":98,"column":12}},"loc":{"start":{"line":98,"column":17},"end":{"line":101,"column":9}},"line":98},"8":{"name":"(anonymous_8)","decl":{"start":{"line":104,"column":4},"end":{"line":104,"column":5}},"loc":{"start":{"line":104,"column":42},"end":{"line":116,"column":5}},"line":104},"9":{"name":"(anonymous_9)","decl":{"start":{"line":111,"column":11},"end":{"line":111,"column":12}},"loc":{"start":{"line":111,"column":17},"end":{"line":115,"column":9}},"line":111},"10":{"name":"(anonymous_10)","decl":{"start":{"line":118,"column":4},"end":{"line":118,"column":5}},"loc":{"start":{"line":118,"column":24},"end":{"line":127,"column":5}},"line":118},"11":{"name":"(anonymous_11)","decl":{"start":{"line":129,"column":4},"end":{"line":129,"column":5}},"loc":{"start":{"line":129,"column":28},"end":{"line":137,"column":5}},"line":129},"12":{"name":"(anonymous_12)","decl":{"start":{"line":139,"column":4},"end":{"line":139,"column":5}},"loc":{"start":{"line":139,"column":25},"end":{"line":141,"column":5}},"line":139},"13":{"name":"(anonymous_13)","decl":{"start":{"line":143,"column":4},"end":{"line":143,"column":5}},"loc":{"start":{"line":143,"column":24},"end":{"line":145,"column":5}},"line":143},"14":{"name":"(anonymous_14)","decl":{"start":{"line":147,"column":4},"end":{"line":147,"column":5}},"loc":{"start":{"line":147,"column":48},"end":{"line":152,"column":5}},"line":147},"15":{"name":"(anonymous_15)","decl":{"start":{"line":154,"column":4},"end":{"line":154,"column":5}},"loc":{"start":{"line":154,"column":13},"end":{"line":215,"column":5}},"line":154}},"branchMap":{"0":{"loc":{"start":{"line":28,"column":31},"end":{"line":28,"column":52}},"type":"cond-expr","locations":[{"start":{"line":28,"column":43},"end":{"line":28,"column":44}},{"start":{"line":28,"column":47},"end":{"line":28,"column":52}}],"line":28},"1":{"loc":{"start":{"line":35,"column":8},"end":{"line":37,"column":9}},"type":"if","locations":[{"start":{"line":35,"column":8},"end":{"line":37,"column":9}},{"start":{"line":35,"column":8},"end":{"line":37,"column":9}}],"line":35},"2":{"loc":{"start":{"line":42,"column":31},"end":{"line":42,"column":52}},"type":"cond-expr","locations":[{"start":{"line":42,"column":43},"end":{"line":42,"column":44}},{"start":{"line":42,"column":47},"end":{"line":42,"column":52}}],"line":42},"3":{"loc":{"start":{"line":57,"column":8},"end":{"line":59,"column":9}},"type":"if","locations":[{"start":{"line":57,"column":8},"end":{"line":59,"column":9}},{"start":{"line":57,"column":8},"end":{"line":59,"column":9}}],"line":57},"4":{"loc":{"start":{"line":60,"column":8},"end":{"line":69,"column":9}},"type":"switch","locations":[{"start":{"line":61,"column":12},"end":{"line":63,"column":22}},{"start":{"line":64,"column":12},"end":{"line":66,"column":22}},{"start":{"line":67,"column":12},"end":{"line":68,"column":22}}],"line":60},"5":{"loc":{"start":{"line":75,"column":8},"end":{"line":77,"column":9}},"type":"if","locations":[{"start":{"line":75,"column":8},"end":{"line":77,"column":9}},{"start":{"line":75,"column":8},"end":{"line":77,"column":9}}],"line":75},"6":{"loc":{"start":{"line":75,"column":12},"end":{"line":75,"column":42}},"type":"binary-expr","locations":[{"start":{"line":75,"column":12},"end":{"line":75,"column":26}},{"start":{"line":75,"column":30},"end":{"line":75,"column":42}}],"line":75},"7":{"loc":{"start":{"line":79,"column":8},"end":{"line":81,"column":9}},"type":"if","locations":[{"start":{"line":79,"column":8},"end":{"line":81,"column":9}},{"start":{"line":79,"column":8},"end":{"line":81,"column":9}}],"line":79},"8":{"loc":{"start":{"line":89,"column":8},"end":{"line":91,"column":9}},"type":"if","locations":[{"start":{"line":89,"column":8},"end":{"line":91,"column":9}},{"start":{"line":89,"column":8},"end":{"line":91,"column":9}}],"line":89},"9":{"loc":{"start":{"line":92,"column":8},"end":{"line":94,"column":9}},"type":"if","locations":[{"start":{"line":92,"column":8},"end":{"line":94,"column":9}},{"start":{"line":92,"column":8},"end":{"line":94,"column":9}}],"line":92},"10":{"loc":{"start":{"line":112,"column":12},"end":{"line":114,"column":13}},"type":"if","locations":[{"start":{"line":112,"column":12},"end":{"line":114,"column":13}},{"start":{"line":112,"column":12},"end":{"line":114,"column":13}}],"line":112},"11":{"loc":{"start":{"line":122,"column":8},"end":{"line":124,"column":9}},"type":"if","locations":[{"start":{"line":122,"column":8},"end":{"line":124,"column":9}},{"start":{"line":122,"column":8},"end":{"line":124,"column":9}}],"line":122},"12":{"loc":{"start":{"line":132,"column":8},"end":{"line":134,"column":9}},"type":"if","locations":[{"start":{"line":132,"column":8},"end":{"line":134,"column":9}},{"start":{"line":132,"column":8},"end":{"line":134,"column":9}}],"line":132}},"s":{"0":16,"1":16,"2":16,"3":16,"4":16,"5":16,"6":16,"7":16,"8":16,"9":16,"10":16,"11":21,"12":21,"13":21,"14":21,"15":21,"16":1,"17":17,"18":17,"19":17,"20":17,"21":17,"22":2,"23":4,"24":1,"25":3,"26":1,"27":1,"28":1,"29":1,"30":1,"31":2,"32":2,"33":1,"34":2,"35":1,"36":2,"37":3,"38":3,"39":1,"40":3,"41":1,"42":3,"43":3,"44":3,"45":3,"46":3,"47":3,"48":3,"49":3,"50":1,"51":3,"52":3,"53":3,"54":1,"55":3,"56":2,"57":2,"58":1,"59":2,"60":1,"61":1,"62":28,"63":28,"64":76},"f":{"0":16,"1":21,"2":17,"3":2,"4":4,"5":2,"6":3,"7":3,"8":3,"9":3,"10":3,"11":2,"12":1,"13":1,"14":28,"15":76},"b":{"0":[19,2],"1":[1,20],"2":[5,12],"3":[1,3],"4":[1,1,1],"5":[1,1],"6":[2,1],"7":[1,1],"8":[1,2],"9":[1,2],"10":[1,2],"11":[1,2],"12":[1,1]},"_coverageSchema":"332fd63041d2c1bcb487cc26dd0d5f7d97098a6c","hash":"ade1d4485b3eec9f89e2ab39c307503f57c8efee"}
,"C:\\wamp64\\www\\react-composite-table\\lib\\components\\message.js": {"path":"C:\\wamp64\\www\\react-composite-table\\lib\\components\\message.js","statementMap":{"0":{"start":{"line":7,"column":4},"end":{"line":18,"column":5}},"1":{"start":{"line":9,"column":8},"end":{"line":9,"column":52}},"2":{"start":{"line":11,"column":8},"end":{"line":11,"column":51}},"3":{"start":{"line":13,"column":8},"end":{"line":13,"column":49}},"4":{"start":{"line":15,"column":8},"end":{"line":15,"column":54}},"5":{"start":{"line":17,"column":8},"end":{"line":17,"column":20}},"6":{"start":{"line":21,"column":4},"end":{"line":26,"column":6}},"7":{"start":{"line":29,"column":0},"end":{"line":32,"column":2}}},"fnMap":{"0":{"name":"(anonymous_0)","decl":{"start":{"line":6,"column":2},"end":{"line":6,"column":3}},"loc":{"start":{"line":6,"column":9},"end":{"line":19,"column":3}},"line":6},"1":{"name":"(anonymous_1)","decl":{"start":{"line":20,"column":2},"end":{"line":20,"column":3}},"loc":{"start":{"line":20,"column":11},"end":{"line":27,"column":3}},"line":20}},"branchMap":{"0":{"loc":{"start":{"line":7,"column":4},"end":{"line":18,"column":5}},"type":"switch","locations":[{"start":{"line":8,"column":6},"end":{"line":9,"column":52}},{"start":{"line":10,"column":6},"end":{"line":11,"column":51}},{"start":{"line":12,"column":6},"end":{"line":13,"column":49}},{"start":{"line":14,"column":6},"end":{"line":15,"column":54}},{"start":{"line":16,"column":6},"end":{"line":17,"column":20}}],"line":7}},"s":{"0":13,"1":2,"2":1,"3":4,"4":1,"5":5,"6":13,"7":2},"f":{"0":13,"1":13},"b":{"0":[2,1,4,1,5]},"_coverageSchema":"332fd63041d2c1bcb487cc26dd0d5f7d97098a6c","hash":"7f701ee427f51751189766bd58f14083c54de55f"}
,"C:\\wamp64\\www\\react-composite-table\\lib\\components\\modalDialog.js": {"path":"C:\\wamp64\\www\\react-composite-table\\lib\\components\\modalDialog.js","statementMap":{"0":{"start":{"line":7,"column":8},"end":{"line":7,"column":30}},"1":{"start":{"line":9,"column":8},"end":{"line":9,"column":55}},"2":{"start":{"line":11,"column":8},"end":{"line":13,"column":10}},"3":{"start":{"line":15,"column":8},"end":{"line":15,"column":41}},"4":{"start":{"line":19,"column":8},"end":{"line":19,"column":39}},"5":{"start":{"line":24,"column":12},"end":{"line":26,"column":22}},"6":{"start":{"line":28,"column":24},"end":{"line":28,"column":66}},"7":{"start":{"line":30,"column":8},"end":{"line":30,"column":60}},"8":{"start":{"line":32,"column":8},"end":{"line":115,"column":10}}},"fnMap":{"0":{"name":"(anonymous_0)","decl":{"start":{"line":6,"column":4},"end":{"line":6,"column":5}},"loc":{"start":{"line":6,"column":32},"end":{"line":16,"column":5}},"line":6},"1":{"name":"(anonymous_1)","decl":{"start":{"line":18,"column":4},"end":{"line":18,"column":5}},"loc":{"start":{"line":18,"column":18},"end":{"line":20,"column":5}},"line":18},"2":{"name":"(anonymous_2)","decl":{"start":{"line":22,"column":4},"end":{"line":22,"column":5}},"loc":{"start":{"line":22,"column":13},"end":{"line":116,"column":5}},"line":22}},"branchMap":{},"s":{"0":1,"1":1,"2":1,"3":1,"4":1,"5":2,"6":2,"7":2,"8":2},"f":{"0":1,"1":1,"2":2},"b":{},"_coverageSchema":"332fd63041d2c1bcb487cc26dd0d5f7d97098a6c","hash":"e5ceb1afaff228fde94424f22eefd1ecd41672ce"}
,"C:\\wamp64\\www\\react-composite-table\\lib\\components\\table.js": {"path":"C:\\wamp64\\www\\react-composite-table\\lib\\components\\table.js","statementMap":{"0":{"start":{"line":22,"column":8},"end":{"line":22,"column":21}},"1":{"start":{"line":24,"column":30},"end":{"line":24,"column":57}},"2":{"start":{"line":26,"column":24},"end":{"line":26,"column":39}},"3":{"start":{"line":28,"column":8},"end":{"line":31,"column":11}},"4":{"start":{"line":29,"column":54},"end":{"line":29,"column":69}},"5":{"start":{"line":30,"column":12},"end":{"line":30,"column":88}},"6":{"start":{"line":33,"column":8},"end":{"line":50,"column":9}},"7":{"start":{"line":52,"column":8},"end":{"line":52,"column":61}},"8":{"start":{"line":53,"column":8},"end":{"line":53,"column":65}},"9":{"start":{"line":54,"column":8},"end":{"line":54,"column":65}},"10":{"start":{"line":55,"column":8},"end":{"line":55,"column":63}},"11":{"start":{"line":56,"column":8},"end":{"line":56,"column":83}},"12":{"start":{"line":57,"column":8},"end":{"line":57,"column":99}},"13":{"start":{"line":58,"column":8},"end":{"line":58,"column":95}},"14":{"start":{"line":59,"column":8},"end":{"line":59,"column":61}},"15":{"start":{"line":60,"column":8},"end":{"line":60,"column":63}},"16":{"start":{"line":61,"column":8},"end":{"line":61,"column":55}},"17":{"start":{"line":62,"column":8},"end":{"line":62,"column":55}},"18":{"start":{"line":63,"column":8},"end":{"line":63,"column":51}},"19":{"start":{"line":64,"column":8},"end":{"line":64,"column":59}},"20":{"start":{"line":65,"column":8},"end":{"line":65,"column":67}},"21":{"start":{"line":66,"column":8},"end":{"line":66,"column":69}},"22":{"start":{"line":67,"column":8},"end":{"line":67,"column":69}},"23":{"start":{"line":68,"column":8},"end":{"line":68,"column":59}},"24":{"start":{"line":69,"column":8},"end":{"line":69,"column":55}},"25":{"start":{"line":70,"column":8},"end":{"line":70,"column":61}},"26":{"start":{"line":74,"column":8},"end":{"line":105,"column":9}},"27":{"start":{"line":75,"column":28},"end":{"line":75,"column":42}},"28":{"start":{"line":77,"column":12},"end":{"line":80,"column":15}},"29":{"start":{"line":78,"column":58},"end":{"line":78,"column":73}},"30":{"start":{"line":79,"column":16},"end":{"line":79,"column":92}},"31":{"start":{"line":82,"column":12},"end":{"line":84,"column":13}},"32":{"start":{"line":83,"column":16},"end":{"line":83,"column":69}},"33":{"start":{"line":85,"column":12},"end":{"line":85,"column":45}},"34":{"start":{"line":87,"column":12},"end":{"line":87,"column":24}},"35":{"start":{"line":88,"column":15},"end":{"line":105,"column":9}},"36":{"start":{"line":102,"column":12},"end":{"line":102,"column":24}},"37":{"start":{"line":104,"column":12},"end":{"line":104,"column":25}},"38":{"start":{"line":109,"column":8},"end":{"line":111,"column":11}},"39":{"start":{"line":115,"column":8},"end":{"line":117,"column":11}},"40":{"start":{"line":121,"column":8},"end":{"line":123,"column":11}},"41":{"start":{"line":127,"column":8},"end":{"line":129,"column":11}},"42":{"start":{"line":133,"column":8},"end":{"line":133,"column":57}},"43":{"start":{"line":137,"column":8},"end":{"line":139,"column":11}},"44":{"start":{"line":140,"column":8},"end":{"line":140,"column":38}},"45":{"start":{"line":144,"column":27},"end":{"line":144,"column":36}},"46":{"start":{"line":145,"column":8},"end":{"line":147,"column":9}},"47":{"start":{"line":146,"column":12},"end":{"line":146,"column":90}},"48":{"start":{"line":148,"column":8},"end":{"line":150,"column":9}},"49":{"start":{"line":149,"column":12},"end":{"line":149,"column":79}},"50":{"start":{"line":151,"column":8},"end":{"line":151,"column":28}},"51":{"start":{"line":155,"column":8},"end":{"line":185,"column":9}},"52":{"start":{"line":157,"column":16},"end":{"line":183,"column":17}},"53":{"start":{"line":158,"column":20},"end":{"line":176,"column":21}},"54":{"start":{"line":178,"column":20},"end":{"line":182,"column":21}},"55":{"start":{"line":189,"column":29},"end":{"line":189,"column":44}},"56":{"start":{"line":190,"column":28},"end":{"line":190,"column":45}},"57":{"start":{"line":191,"column":24},"end":{"line":191,"column":44}},"58":{"start":{"line":192,"column":20},"end":{"line":192,"column":64}},"59":{"start":{"line":194,"column":8},"end":{"line":194,"column":69}},"60":{"start":{"line":194,"column":33},"end":{"line":194,"column":67}},"61":{"start":{"line":196,"column":8},"end":{"line":199,"column":11}},"62":{"start":{"line":203,"column":8},"end":{"line":220,"column":10}},"63":{"start":{"line":205,"column":29},"end":{"line":213,"column":17}},"64":{"start":{"line":214,"column":16},"end":{"line":218,"column":17}},"65":{"start":{"line":224,"column":8},"end":{"line":227,"column":9}},"66":{"start":{"line":225,"column":34},"end":{"line":225,"column":106}},"67":{"start":{"line":226,"column":12},"end":{"line":226,"column":53}},"68":{"start":{"line":231,"column":8},"end":{"line":231,"column":55}},"69":{"start":{"line":237,"column":8},"end":{"line":241,"column":9}},"70":{"start":{"line":238,"column":12},"end":{"line":238,"column":90}},"71":{"start":{"line":240,"column":12},"end":{"line":240,"column":58}},"72":{"start":{"line":243,"column":8},"end":{"line":243,"column":26}},"73":{"start":{"line":249,"column":8},"end":{"line":253,"column":9}},"74":{"start":{"line":250,"column":12},"end":{"line":250,"column":82}},"75":{"start":{"line":252,"column":12},"end":{"line":252,"column":52}},"76":{"start":{"line":255,"column":8},"end":{"line":255,"column":24}},"77":{"start":{"line":259,"column":8},"end":{"line":263,"column":11}},"78":{"start":{"line":267,"column":8},"end":{"line":271,"column":11}},"79":{"start":{"line":275,"column":8},"end":{"line":281,"column":11}},"80":{"start":{"line":276,"column":12},"end":{"line":276,"column":47}},"81":{"start":{"line":277,"column":12},"end":{"line":277,"column":37}},"82":{"start":{"line":279,"column":12},"end":{"line":279,"column":47}},"83":{"start":{"line":280,"column":12},"end":{"line":280,"column":41}},"84":{"start":{"line":285,"column":8},"end":{"line":291,"column":11}},"85":{"start":{"line":286,"column":12},"end":{"line":286,"column":77}},"86":{"start":{"line":287,"column":12},"end":{"line":287,"column":37}},"87":{"start":{"line":289,"column":12},"end":{"line":289,"column":79}},"88":{"start":{"line":290,"column":12},"end":{"line":290,"column":36}},"89":{"start":{"line":295,"column":8},"end":{"line":302,"column":9}},"90":{"start":{"line":296,"column":12},"end":{"line":301,"column":14}},"91":{"start":{"line":298,"column":75},"end":{"line":298,"column":164}},"92":{"start":{"line":298,"column":108},"end":{"line":298,"column":163}},"93":{"start":{"line":299,"column":77},"end":{"line":299,"column":132}},"94":{"start":{"line":303,"column":8},"end":{"line":308,"column":10}},"95":{"start":{"line":305,"column":100},"end":{"line":305,"column":124}},"96":{"start":{"line":312,"column":20},"end":{"line":312,"column":60}},"97":{"start":{"line":313,"column":18},"end":{"line":313,"column":56}},"98":{"start":{"line":315,"column":8},"end":{"line":376,"column":9}},"99":{"start":{"line":317,"column":16},"end":{"line":374,"column":17}},"100":{"start":{"line":321,"column":55},"end":{"line":326,"column":33}},"101":{"start":{"line":322,"column":36},"end":{"line":324,"column":37}},"102":{"start":{"line":323,"column":40},"end":{"line":323,"column":62}},"103":{"start":{"line":325,"column":36},"end":{"line":325,"column":76}},"104":{"start":{"line":327,"column":56},"end":{"line":330,"column":33}},"105":{"start":{"line":328,"column":58},"end":{"line":328,"column":125}},"106":{"start":{"line":329,"column":36},"end":{"line":329,"column":67}},"107":{"start":{"line":331,"column":56},"end":{"line":331,"column":103}},"108":{"start":{"line":331,"column":62},"end":{"line":331,"column":103}},"109":{"start":{"line":334,"column":32},"end":{"line":338,"column":33}},"110":{"start":{"line":335,"column":36},"end":{"line":337,"column":38}},"111":{"start":{"line":340,"column":53},"end":{"line":345,"column":33}},"112":{"start":{"line":341,"column":36},"end":{"line":344,"column":89}},"113":{"start":{"line":347,"column":45},"end":{"line":347,"column":92}},"114":{"start":{"line":349,"column":45},"end":{"line":366,"column":33}},"115":{"start":{"line":363,"column":80},"end":{"line":363,"column":104}},"116":{"start":{"line":367,"column":32},"end":{"line":367,"column":69}},"117":{"start":{"line":380,"column":8},"end":{"line":383,"column":11}},"118":{"start":{"line":387,"column":8},"end":{"line":389,"column":11}},"119":{"start":{"line":390,"column":25},"end":{"line":394,"column":65}},"120":{"start":{"line":391,"column":12},"end":{"line":391,"column":59}},"121":{"start":{"line":392,"column":12},"end":{"line":392,"column":85}},"122":{"start":{"line":394,"column":26},"end":{"line":394,"column":64}},"123":{"start":{"line":396,"column":8},"end":{"line":400,"column":11}},"124":{"start":{"line":404,"column":26},"end":{"line":408,"column":10}},"125":{"start":{"line":405,"column":12},"end":{"line":407,"column":13}},"126":{"start":{"line":406,"column":16},"end":{"line":406,"column":27}},"127":{"start":{"line":410,"column":8},"end":{"line":412,"column":11}},"128":{"start":{"line":416,"column":8},"end":{"line":419,"column":11}},"129":{"start":{"line":423,"column":8},"end":{"line":427,"column":11}},"130":{"start":{"line":431,"column":8},"end":{"line":435,"column":11}},"131":{"start":{"line":436,"column":8},"end":{"line":436,"column":40}},"132":{"start":{"line":440,"column":8},"end":{"line":493,"column":10}},"133":{"start":{"line":497,"column":0},"end":{"line":499,"column":1}}},"fnMap":{"0":{"name":"(anonymous_0)","decl":{"start":{"line":21,"column":4},"end":{"line":21,"column":5}},"loc":{"start":{"line":21,"column":23},"end":{"line":71,"column":5}},"line":21},"1":{"name":"(anonymous_1)","decl":{"start":{"line":28,"column":46},"end":{"line":28,"column":47}},"loc":{"start":{"line":28,"column":62},"end":{"line":31,"column":9}},"line":28},"2":{"name":"(anonymous_2)","decl":{"start":{"line":73,"column":4},"end":{"line":73,"column":5}},"loc":{"start":{"line":73,"column":48},"end":{"line":106,"column":5}},"line":73},"3":{"name":"(anonymous_3)","decl":{"start":{"line":77,"column":60},"end":{"line":77,"column":61}},"loc":{"start":{"line":77,"column":76},"end":{"line":80,"column":13}},"line":77},"4":{"name":"(anonymous_4)","decl":{"start":{"line":108,"column":4},"end":{"line":108,"column":5}},"loc":{"start":{"line":108,"column":32},"end":{"line":112,"column":5}},"line":108},"5":{"name":"(anonymous_5)","decl":{"start":{"line":114,"column":4},"end":{"line":114,"column":5}},"loc":{"start":{"line":114,"column":40},"end":{"line":118,"column":5}},"line":114},"6":{"name":"(anonymous_6)","decl":{"start":{"line":120,"column":4},"end":{"line":120,"column":5}},"loc":{"start":{"line":120,"column":46},"end":{"line":124,"column":5}},"line":120},"7":{"name":"(anonymous_7)","decl":{"start":{"line":126,"column":4},"end":{"line":126,"column":5}},"loc":{"start":{"line":126,"column":48},"end":{"line":130,"column":5}},"line":126},"8":{"name":"(anonymous_8)","decl":{"start":{"line":132,"column":4},"end":{"line":132,"column":5}},"loc":{"start":{"line":132,"column":49},"end":{"line":134,"column":5}},"line":132},"9":{"name":"(anonymous_9)","decl":{"start":{"line":136,"column":4},"end":{"line":136,"column":5}},"loc":{"start":{"line":136,"column":25},"end":{"line":141,"column":5}},"line":136},"10":{"name":"(anonymous_10)","decl":{"start":{"line":143,"column":4},"end":{"line":143,"column":5}},"loc":{"start":{"line":143,"column":63},"end":{"line":152,"column":5}},"line":143},"11":{"name":"(anonymous_11)","decl":{"start":{"line":154,"column":4},"end":{"line":154,"column":5}},"loc":{"start":{"line":154,"column":23},"end":{"line":186,"column":5}},"line":154},"12":{"name":"(anonymous_12)","decl":{"start":{"line":156,"column":35},"end":{"line":156,"column":36}},"loc":{"start":{"line":156,"column":44},"end":{"line":184,"column":13}},"line":156},"13":{"name":"(anonymous_13)","decl":{"start":{"line":188,"column":4},"end":{"line":188,"column":5}},"loc":{"start":{"line":188,"column":27},"end":{"line":200,"column":5}},"line":188},"14":{"name":"(anonymous_14)","decl":{"start":{"line":194,"column":23},"end":{"line":194,"column":24}},"loc":{"start":{"line":194,"column":33},"end":{"line":194,"column":67}},"line":194},"15":{"name":"(anonymous_15)","decl":{"start":{"line":202,"column":4},"end":{"line":202,"column":5}},"loc":{"start":{"line":202,"column":23},"end":{"line":221,"column":5}},"line":202},"16":{"name":"(anonymous_16)","decl":{"start":{"line":204,"column":35},"end":{"line":204,"column":36}},"loc":{"start":{"line":204,"column":44},"end":{"line":219,"column":13}},"line":204},"17":{"name":"(anonymous_17)","decl":{"start":{"line":223,"column":4},"end":{"line":223,"column":5}},"loc":{"start":{"line":223,"column":58},"end":{"line":228,"column":5}},"line":223},"18":{"name":"(anonymous_18)","decl":{"start":{"line":230,"column":4},"end":{"line":230,"column":5}},"loc":{"start":{"line":230,"column":39},"end":{"line":232,"column":5}},"line":230},"19":{"name":"(anonymous_19)","decl":{"start":{"line":234,"column":4},"end":{"line":234,"column":5}},"loc":{"start":{"line":234,"column":40},"end":{"line":244,"column":5}},"line":234},"20":{"name":"(anonymous_20)","decl":{"start":{"line":246,"column":4},"end":{"line":246,"column":5}},"loc":{"start":{"line":246,"column":38},"end":{"line":256,"column":5}},"line":246},"21":{"name":"(anonymous_21)","decl":{"start":{"line":258,"column":4},"end":{"line":258,"column":5}},"loc":{"start":{"line":258,"column":36},"end":{"line":264,"column":5}},"line":258},"22":{"name":"(anonymous_22)","decl":{"start":{"line":266,"column":4},"end":{"line":266,"column":5}},"loc":{"start":{"line":266,"column":37},"end":{"line":272,"column":5}},"line":266},"23":{"name":"(anonymous_23)","decl":{"start":{"line":274,"column":4},"end":{"line":274,"column":5}},"loc":{"start":{"line":274,"column":23},"end":{"line":282,"column":5}},"line":274},"24":{"name":"(anonymous_24)","decl":{"start":{"line":275,"column":76},"end":{"line":275,"column":77}},"loc":{"start":{"line":275,"column":82},"end":{"line":278,"column":9}},"line":275},"25":{"name":"(anonymous_25)","decl":{"start":{"line":278,"column":17},"end":{"line":278,"column":18}},"loc":{"start":{"line":278,"column":28},"end":{"line":281,"column":9}},"line":278},"26":{"name":"(anonymous_26)","decl":{"start":{"line":284,"column":4},"end":{"line":284,"column":5}},"loc":{"start":{"line":284,"column":21},"end":{"line":292,"column":5}},"line":284},"27":{"name":"(anonymous_27)","decl":{"start":{"line":285,"column":64},"end":{"line":285,"column":65}},"loc":{"start":{"line":285,"column":70},"end":{"line":288,"column":9}},"line":285},"28":{"name":"(anonymous_28)","decl":{"start":{"line":288,"column":17},"end":{"line":288,"column":18}},"loc":{"start":{"line":288,"column":23},"end":{"line":291,"column":9}},"line":288},"29":{"name":"(anonymous_29)","decl":{"start":{"line":294,"column":4},"end":{"line":294,"column":5}},"loc":{"start":{"line":294,"column":23},"end":{"line":309,"column":5}},"line":294},"30":{"name":"(anonymous_30)","decl":{"start":{"line":298,"column":69},"end":{"line":298,"column":70}},"loc":{"start":{"line":298,"column":75},"end":{"line":298,"column":164}},"line":298},"31":{"name":"(anonymous_31)","decl":{"start":{"line":298,"column":102},"end":{"line":298,"column":103}},"loc":{"start":{"line":298,"column":108},"end":{"line":298,"column":163}},"line":298},"32":{"name":"(anonymous_32)","decl":{"start":{"line":299,"column":71},"end":{"line":299,"column":72}},"loc":{"start":{"line":299,"column":77},"end":{"line":299,"column":132}},"line":299},"33":{"name":"(anonymous_33)","decl":{"start":{"line":305,"column":94},"end":{"line":305,"column":95}},"loc":{"start":{"line":305,"column":100},"end":{"line":305,"column":124}},"line":305},"34":{"name":"(anonymous_34)","decl":{"start":{"line":311,"column":4},"end":{"line":311,"column":5}},"loc":{"start":{"line":311,"column":18},"end":{"line":377,"column":5}},"line":311},"35":{"name":"(anonymous_35)","decl":{"start":{"line":316,"column":55},"end":{"line":316,"column":56}},"loc":{"start":{"line":316,"column":74},"end":{"line":375,"column":13}},"line":316},"36":{"name":"(anonymous_36)","decl":{"start":{"line":320,"column":51},"end":{"line":320,"column":52}},"loc":{"start":{"line":320,"column":63},"end":{"line":368,"column":29}},"line":320},"37":{"name":"(anonymous_37)","decl":{"start":{"line":321,"column":55},"end":{"line":321,"column":56}},"loc":{"start":{"line":321,"column":61},"end":{"line":326,"column":33}},"line":321},"38":{"name":"(anonymous_38)","decl":{"start":{"line":327,"column":56},"end":{"line":327,"column":57}},"loc":{"start":{"line":327,"column":67},"end":{"line":330,"column":33}},"line":327},"39":{"name":"(anonymous_39)","decl":{"start":{"line":331,"column":56},"end":{"line":331,"column":57}},"loc":{"start":{"line":331,"column":62},"end":{"line":331,"column":103}},"line":331},"40":{"name":"(anonymous_40)","decl":{"start":{"line":340,"column":53},"end":{"line":340,"column":54}},"loc":{"start":{"line":340,"column":59},"end":{"line":345,"column":33}},"line":340},"41":{"name":"(anonymous_41)","decl":{"start":{"line":363,"column":74},"end":{"line":363,"column":75}},"loc":{"start":{"line":363,"column":80},"end":{"line":363,"column":104}},"line":363},"42":{"name":"(anonymous_42)","decl":{"start":{"line":379,"column":4},"end":{"line":379,"column":5}},"loc":{"start":{"line":379,"column":20},"end":{"line":384,"column":5}},"line":379},"43":{"name":"(anonymous_43)","decl":{"start":{"line":386,"column":4},"end":{"line":386,"column":5}},"loc":{"start":{"line":386,"column":22},"end":{"line":401,"column":5}},"line":386},"44":{"name":"(anonymous_44)","decl":{"start":{"line":390,"column":82},"end":{"line":390,"column":83}},"loc":{"start":{"line":390,"column":88},"end":{"line":393,"column":9}},"line":390},"45":{"name":"(anonymous_45)","decl":{"start":{"line":394,"column":15},"end":{"line":394,"column":16}},"loc":{"start":{"line":394,"column":26},"end":{"line":394,"column":64}},"line":394},"46":{"name":"(anonymous_46)","decl":{"start":{"line":403,"column":4},"end":{"line":403,"column":5}},"loc":{"start":{"line":403,"column":27},"end":{"line":413,"column":5}},"line":403},"47":{"name":"(anonymous_47)","decl":{"start":{"line":404,"column":54},"end":{"line":404,"column":55}},"loc":{"start":{"line":404,"column":61},"end":{"line":408,"column":9}},"line":404},"48":{"name":"(anonymous_48)","decl":{"start":{"line":415,"column":4},"end":{"line":415,"column":5}},"loc":{"start":{"line":415,"column":18},"end":{"line":420,"column":5}},"line":415},"49":{"name":"(anonymous_49)","decl":{"start":{"line":422,"column":4},"end":{"line":422,"column":5}},"loc":{"start":{"line":422,"column":20},"end":{"line":428,"column":5}},"line":422},"50":{"name":"(anonymous_50)","decl":{"start":{"line":430,"column":4},"end":{"line":430,"column":5}},"loc":{"start":{"line":430,"column":34},"end":{"line":437,"column":5}},"line":430},"51":{"name":"(anonymous_51)","decl":{"start":{"line":439,"column":4},"end":{"line":439,"column":5}},"loc":{"start":{"line":439,"column":13},"end":{"line":494,"column":5}},"line":439}},"branchMap":{"0":{"loc":{"start":{"line":74,"column":8},"end":{"line":105,"column":9}},"type":"if","locations":[{"start":{"line":74,"column":8},"end":{"line":105,"column":9}},{"start":{"line":74,"column":8},"end":{"line":105,"column":9}}],"line":74},"1":{"loc":{"start":{"line":74,"column":12},"end":{"line":74,"column":118}},"type":"binary-expr","locations":[{"start":{"line":74,"column":12},"end":{"line":74,"column":71}},{"start":{"line":74,"column":76},"end":{"line":74,"column":117}}],"line":74},"2":{"loc":{"start":{"line":82,"column":12},"end":{"line":84,"column":13}},"type":"if","locations":[{"start":{"line":82,"column":12},"end":{"line":84,"column":13}},{"start":{"line":82,"column":12},"end":{"line":84,"column":13}}],"line":82},"3":{"loc":{"start":{"line":88,"column":15},"end":{"line":105,"column":9}},"type":"if","locations":[{"start":{"line":88,"column":15},"end":{"line":105,"column":9}},{"start":{"line":88,"column":15},"end":{"line":105,"column":9}}],"line":88},"4":{"loc":{"start":{"line":88,"column":19},"end":{"line":101,"column":62}},"type":"binary-expr","locations":[{"start":{"line":88,"column":20},"end":{"line":88,"column":63}},{"start":{"line":89,"column":16},"end":{"line":89,"column":57}},{"start":{"line":90,"column":16},"end":{"line":90,"column":63}},{"start":{"line":91,"column":16},"end":{"line":91,"column":73}},{"start":{"line":92,"column":16},"end":{"line":92,"column":79}},{"start":{"line":93,"column":16},"end":{"line":93,"column":65}},{"start":{"line":94,"column":16},"end":{"line":94,"column":75}},{"start":{"line":95,"column":16},"end":{"line":95,"column":65}},{"start":{"line":96,"column":16},"end":{"line":96,"column":69}},{"start":{"line":97,"column":16},"end":{"line":97,"column":75}},{"start":{"line":98,"column":16},"end":{"line":98,"column":79}},{"start":{"line":99,"column":16},"end":{"line":99,"column":71}},{"start":{"line":100,"column":16},"end":{"line":100,"column":67}},{"start":{"line":101,"column":16},"end":{"line":101,"column":61}}],"line":88},"5":{"loc":{"start":{"line":145,"column":8},"end":{"line":147,"column":9}},"type":"if","locations":[{"start":{"line":145,"column":8},"end":{"line":147,"column":9}},{"start":{"line":145,"column":8},"end":{"line":147,"column":9}}],"line":145},"6":{"loc":{"start":{"line":145,"column":12},"end":{"line":145,"column":52}},"type":"binary-expr","locations":[{"start":{"line":145,"column":12},"end":{"line":145,"column":33}},{"start":{"line":145,"column":37},"end":{"line":145,"column":52}}],"line":145},"7":{"loc":{"start":{"line":148,"column":8},"end":{"line":150,"column":9}},"type":"if","locations":[{"start":{"line":148,"column":8},"end":{"line":150,"column":9}},{"start":{"line":148,"column":8},"end":{"line":150,"column":9}}],"line":148},"8":{"loc":{"start":{"line":148,"column":12},"end":{"line":148,"column":45}},"type":"binary-expr","locations":[{"start":{"line":148,"column":12},"end":{"line":148,"column":26}},{"start":{"line":148,"column":30},"end":{"line":148,"column":45}}],"line":148},"9":{"loc":{"start":{"line":157,"column":16},"end":{"line":183,"column":17}},"type":"if","locations":[{"start":{"line":157,"column":16},"end":{"line":183,"column":17}},{"start":{"line":157,"column":16},"end":{"line":183,"column":17}}],"line":157},"10":{"loc":{"start":{"line":165,"column":29},"end":{"line":168,"column":94}},"type":"binary-expr","locations":[{"start":{"line":165,"column":29},"end":{"line":165,"column":41}},{"start":{"line":166,"column":28},"end":{"line":166,"column":83}},{"start":{"line":167,"column":28},"end":{"line":167,"column":61}},{"start":{"line":168,"column":28},"end":{"line":168,"column":94}}],"line":165},"11":{"loc":{"start":{"line":170,"column":29},"end":{"line":173,"column":98}},"type":"binary-expr","locations":[{"start":{"line":170,"column":29},"end":{"line":170,"column":41}},{"start":{"line":171,"column":28},"end":{"line":171,"column":83}},{"start":{"line":172,"column":28},"end":{"line":172,"column":62}},{"start":{"line":173,"column":28},"end":{"line":173,"column":98}}],"line":170},"12":{"loc":{"start":{"line":192,"column":20},"end":{"line":192,"column":64}},"type":"cond-expr","locations":[{"start":{"line":192,"column":50},"end":{"line":192,"column":56}},{"start":{"line":192,"column":59},"end":{"line":192,"column":64}}],"line":192},"13":{"loc":{"start":{"line":224,"column":8},"end":{"line":227,"column":9}},"type":"if","locations":[{"start":{"line":224,"column":8},"end":{"line":227,"column":9}},{"start":{"line":224,"column":8},"end":{"line":227,"column":9}}],"line":224},"14":{"loc":{"start":{"line":237,"column":8},"end":{"line":241,"column":9}},"type":"if","locations":[{"start":{"line":237,"column":8},"end":{"line":241,"column":9}},{"start":{"line":237,"column":8},"end":{"line":241,"column":9}}],"line":237},"15":{"loc":{"start":{"line":249,"column":8},"end":{"line":253,"column":9}},"type":"if","locations":[{"start":{"line":249,"column":8},"end":{"line":253,"column":9}},{"start":{"line":249,"column":8},"end":{"line":253,"column":9}}],"line":249},"16":{"loc":{"start":{"line":295,"column":8},"end":{"line":302,"column":9}},"type":"if","locations":[{"start":{"line":295,"column":8},"end":{"line":302,"column":9}},{"start":{"line":295,"column":8},"end":{"line":302,"column":9}}],"line":295},"17":{"loc":{"start":{"line":295,"column":12},"end":{"line":295,"column":100}},"type":"binary-expr","locations":[{"start":{"line":295,"column":12},"end":{"line":295,"column":35}},{"start":{"line":295,"column":39},"end":{"line":295,"column":61}},{"start":{"line":295,"column":65},"end":{"line":295,"column":100}}],"line":295},"18":{"loc":{"start":{"line":305,"column":17},"end":{"line":305,"column":128}},"type":"binary-expr","locations":[{"start":{"line":305,"column":17},"end":{"line":305,"column":39}},{"start":{"line":305,"column":43},"end":{"line":305,"column":128}}],"line":305},"19":{"loc":{"start":{"line":322,"column":36},"end":{"line":324,"column":37}},"type":"if","locations":[{"start":{"line":322,"column":36},"end":{"line":324,"column":37}},{"start":{"line":322,"column":36},"end":{"line":324,"column":37}}],"line":322},"20":{"loc":{"start":{"line":322,"column":40},"end":{"line":322,"column":128}},"type":"binary-expr","locations":[{"start":{"line":322,"column":40},"end":{"line":322,"column":62}},{"start":{"line":322,"column":66},"end":{"line":322,"column":89}},{"start":{"line":322,"column":93},"end":{"line":322,"column":128}}],"line":322},"21":{"loc":{"start":{"line":334,"column":32},"end":{"line":338,"column":33}},"type":"if","locations":[{"start":{"line":334,"column":32},"end":{"line":338,"column":33}},{"start":{"line":334,"column":32},"end":{"line":338,"column":33}}],"line":334},"22":{"loc":{"start":{"line":334,"column":36},"end":{"line":334,"column":74}},"type":"binary-expr","locations":[{"start":{"line":334,"column":36},"end":{"line":334,"column":54}},{"start":{"line":334,"column":58},"end":{"line":334,"column":74}}],"line":334},"23":{"loc":{"start":{"line":341,"column":43},"end":{"line":344,"column":88}},"type":"binary-expr","locations":[{"start":{"line":341,"column":43},"end":{"line":341,"column":66}},{"start":{"line":342,"column":44},"end":{"line":342,"column":79}},{"start":{"line":343,"column":45},"end":{"line":343,"column":67}},{"start":{"line":344,"column":44},"end":{"line":344,"column":87}}],"line":341},"24":{"loc":{"start":{"line":363,"column":49},"end":{"line":363,"column":111}},"type":"cond-expr","locations":[{"start":{"line":363,"column":74},"end":{"line":363,"column":104}},{"start":{"line":363,"column":107},"end":{"line":363,"column":111}}],"line":363},"25":{"loc":{"start":{"line":365,"column":47},"end":{"line":365,"column":108}},"type":"binary-expr","locations":[{"start":{"line":365,"column":47},"end":{"line":365,"column":61}},{"start":{"line":365,"column":65},"end":{"line":365,"column":108}}],"line":365},"26":{"loc":{"start":{"line":405,"column":12},"end":{"line":407,"column":13}},"type":"if","locations":[{"start":{"line":405,"column":12},"end":{"line":407,"column":13}},{"start":{"line":405,"column":12},"end":{"line":407,"column":13}}],"line":405},"27":{"loc":{"start":{"line":443,"column":21},"end":{"line":444,"column":128}},"type":"binary-expr","locations":[{"start":{"line":443,"column":21},"end":{"line":443,"column":47}},{"start":{"line":444,"column":24},"end":{"line":444,"column":128}}],"line":443},"28":{"loc":{"start":{"line":457,"column":25},"end":{"line":458,"column":62}},"type":"binary-expr","locations":[{"start":{"line":457,"column":25},"end":{"line":457,"column":46}},{"start":{"line":458,"column":24},"end":{"line":458,"column":62}}],"line":457},"29":{"loc":{"start":{"line":460,"column":25},"end":{"line":461,"column":87}},"type":"binary-expr","locations":[{"start":{"line":460,"column":25},"end":{"line":460,"column":47}},{"start":{"line":461,"column":24},"end":{"line":461,"column":87}}],"line":460},"30":{"loc":{"start":{"line":463,"column":25},"end":{"line":464,"column":109}},"type":"binary-expr","locations":[{"start":{"line":463,"column":25},"end":{"line":463,"column":47}},{"start":{"line":464,"column":24},"end":{"line":464,"column":109}}],"line":463}},"s":{"0":24,"1":24,"2":24,"3":24,"4":1,"5":1,"6":24,"7":24,"8":24,"9":24,"10":24,"11":24,"12":24,"13":24,"14":24,"15":24,"16":24,"17":24,"18":24,"19":24,"20":24,"21":24,"22":24,"23":24,"24":24,"25":24,"26":57,"27":7,"28":7,"29":4,"30":4,"31":7,"32":2,"33":7,"34":7,"35":50,"36":43,"37":7,"38":7,"39":3,"40":1,"41":5,"42":5,"43":1,"44":1,"45":5,"46":5,"47":1,"48":5,"49":3,"50":5,"51":74,"52":42,"53":41,"54":1,"55":2,"56":2,"57":2,"58":2,"59":2,"60":2,"61":2,"62":74,"63":42,"64":42,"65":4,"66":3,"67":3,"68":1,"69":76,"70":72,"71":4,"72":76,"73":76,"74":72,"75":4,"76":76,"77":7,"78":1,"79":3,"80":2,"81":2,"82":1,"83":1,"84":3,"85":2,"86":2,"87":1,"88":1,"89":67,"90":16,"91":1,"92":1,"93":1,"94":51,"95":1,"96":74,"97":74,"98":74,"99":67,"100":56,"101":6,"102":2,"103":6,"104":56,"105":4,"106":4,"107":56,"108":0,"109":56,"110":1,"111":55,"112":110,"113":55,"114":55,"115":0,"116":55,"117":1,"118":2,"119":2,"120":1,"121":1,"122":1,"123":2,"124":1,"125":2,"126":1,"127":1,"128":1,"129":1,"130":5,"131":5,"132":74,"133":1},"f":{"0":24,"1":1,"2":57,"3":4,"4":7,"5":3,"6":1,"7":5,"8":5,"9":1,"10":5,"11":74,"12":42,"13":2,"14":2,"15":74,"16":42,"17":4,"18":1,"19":76,"20":76,"21":7,"22":1,"23":3,"24":2,"25":1,"26":3,"27":2,"28":1,"29":67,"30":1,"31":1,"32":1,"33":1,"34":74,"35":67,"36":56,"37":6,"38":4,"39":0,"40":110,"41":0,"42":1,"43":2,"44":1,"45":1,"46":1,"47":2,"48":1,"49":1,"50":5,"51":74},"b":{"0":[7,50],"1":[57,50],"2":[2,5],"3":[43,7],"4":[50,49,49,49,43,42,41,40,32,30,30,23,16,9],"5":[1,4],"6":[5,2],"7":[3,2],"8":[5,3],"9":[41,1],"10":[41,41,2,1],"11":[41,41,2,1],"12":[1,1],"13":[3,1],"14":[72,4],"15":[72,4],"16":[16,51],"17":[67,26,26],"18":[51,50],"19":[2,4],"20":[6,6,2],"21":[1,55],"22":[56,56],"23":[110,52,32,0],"24":[34,21],"25":[55,16],"26":[1,1],"27":[74,9],"28":[74,5],"29":[74,69],"30":[74,69]},"_coverageSchema":"332fd63041d2c1bcb487cc26dd0d5f7d97098a6c","hash":"8e3f65c9d53943b78ec3b251684b95351c6deba1"}
,"C:\\wamp64\\www\\react-composite-table\\lib\\components\\tableButton.js": {"path":"C:\\wamp64\\www\\react-composite-table\\lib\\components\\tableButton.js","statementMap":{"0":{"start":{"line":5,"column":8},"end":{"line":9,"column":10}}},"fnMap":{"0":{"name":"(anonymous_0)","decl":{"start":{"line":4,"column":2},"end":{"line":4,"column":3}},"loc":{"start":{"line":4,"column":11},"end":{"line":10,"column":5}},"line":4}},"branchMap":{},"s":{"0":51},"f":{"0":51},"b":{},"_coverageSchema":"332fd63041d2c1bcb487cc26dd0d5f7d97098a6c","hash":"6fcd3293a61f17ee22060aa8ae873d472852c79c"}
,"C:\\wamp64\\www\\react-composite-table\\lib\\factory\\filterFactory.js": {"path":"C:\\wamp64\\www\\react-composite-table\\lib\\factory\\filterFactory.js","statementMap":{"0":{"start":{"line":8,"column":8},"end":{"line":10,"column":9}},"1":{"start":{"line":9,"column":12},"end":{"line":9,"column":28}},"2":{"start":{"line":11,"column":8},"end":{"line":18,"column":9}},"3":{"start":{"line":13,"column":16},"end":{"line":13,"column":50}},"4":{"start":{"line":15,"column":16},"end":{"line":15,"column":52}},"5":{"start":{"line":17,"column":16},"end":{"line":17,"column":32}}},"fnMap":{"0":{"name":"(anonymous_0)","decl":{"start":{"line":7,"column":4},"end":{"line":7,"column":5}},"loc":{"start":{"line":7,"column":23},"end":{"line":19,"column":5}},"line":7}},"branchMap":{"0":{"loc":{"start":{"line":8,"column":8},"end":{"line":10,"column":9}},"type":"if","locations":[{"start":{"line":8,"column":8},"end":{"line":10,"column":9}},{"start":{"line":8,"column":8},"end":{"line":10,"column":9}}],"line":8},"1":{"loc":{"start":{"line":11,"column":8},"end":{"line":18,"column":9}},"type":"switch","locations":[{"start":{"line":12,"column":12},"end":{"line":13,"column":50}},{"start":{"line":14,"column":12},"end":{"line":15,"column":52}},{"start":{"line":16,"column":12},"end":{"line":17,"column":32}}],"line":11}},"s":{"0":42,"1":1,"2":41,"3":35,"4":5,"5":1},"f":{"0":42},"b":{"0":[1,41],"1":[35,5,1]},"_coverageSchema":"332fd63041d2c1bcb487cc26dd0d5f7d97098a6c","hash":"e38043b3860155218bcf7d842cb6d4690361282b"}
,"C:\\wamp64\\www\\react-composite-table\\lib\\factory\\tableFieldFactory.js": {"path":"C:\\wamp64\\www\\react-composite-table\\lib\\factory\\tableFieldFactory.js","statementMap":{"0":{"start":{"line":9,"column":8},"end":{"line":18,"column":9}},"1":{"start":{"line":11,"column":16},"end":{"line":11,"column":58}},"2":{"start":{"line":13,"column":16},"end":{"line":13,"column":60}},"3":{"start":{"line":15,"column":16},"end":{"line":15,"column":58}},"4":{"start":{"line":17,"column":16},"end":{"line":17,"column":33}}},"fnMap":{"0":{"name":"(anonymous_0)","decl":{"start":{"line":8,"column":4},"end":{"line":8,"column":5}},"loc":{"start":{"line":8,"column":23},"end":{"line":19,"column":5}},"line":8}},"branchMap":{"0":{"loc":{"start":{"line":9,"column":8},"end":{"line":18,"column":9}},"type":"switch","locations":[{"start":{"line":10,"column":12},"end":{"line":11,"column":58}},{"start":{"line":12,"column":12},"end":{"line":13,"column":60}},{"start":{"line":14,"column":12},"end":{"line":15,"column":58}},{"start":{"line":16,"column":12},"end":{"line":17,"column":33}}],"line":9}},"s":{"0":59,"1":49,"2":6,"3":2,"4":2},"f":{"0":59},"b":{"0":[49,6,2,2]},"_coverageSchema":"332fd63041d2c1bcb487cc26dd0d5f7d97098a6c","hash":"2994d63db994afe26a42089b02a6eb98048800cb"}
,"C:\\wamp64\\www\\react-composite-table\\lib\\factory\\editableColumnFields\\editableDateField.js": {"path":"C:\\wamp64\\www\\react-composite-table\\lib\\factory\\editableColumnFields\\editableDateField.js","statementMap":{"0":{"start":{"line":11,"column":8},"end":{"line":11,"column":21}},"1":{"start":{"line":13,"column":8},"end":{"line":16,"column":10}},"2":{"start":{"line":18,"column":8},"end":{"line":18,"column":55}},"3":{"start":{"line":19,"column":8},"end":{"line":19,"column":61}},"4":{"start":{"line":20,"column":8},"end":{"line":20,"column":59}},"5":{"start":{"line":21,"column":8},"end":{"line":21,"column":61}},"6":{"start":{"line":22,"column":8},"end":{"line":22,"column":51}},"7":{"start":{"line":23,"column":8},"end":{"line":23,"column":69}},"8":{"start":{"line":27,"column":8},"end":{"line":29,"column":11}},"9":{"start":{"line":31,"column":8},"end":{"line":38,"column":11}},"10":{"start":{"line":32,"column":12},"end":{"line":32,"column":79}},"11":{"start":{"line":33,"column":12},"end":{"line":33,"column":81}},"12":{"start":{"line":34,"column":12},"end":{"line":34,"column":83}},"13":{"start":{"line":36,"column":12},"end":{"line":36,"column":79}},"14":{"start":{"line":37,"column":12},"end":{"line":37,"column":85}},"15":{"start":{"line":42,"column":8},"end":{"line":44,"column":11}},"16":{"start":{"line":45,"column":8},"end":{"line":52,"column":11}},"17":{"start":{"line":46,"column":12},"end":{"line":46,"column":79}},"18":{"start":{"line":47,"column":12},"end":{"line":47,"column":81}},"19":{"start":{"line":48,"column":12},"end":{"line":48,"column":83}},"20":{"start":{"line":50,"column":12},"end":{"line":50,"column":79}},"21":{"start":{"line":51,"column":12},"end":{"line":51,"column":85}},"22":{"start":{"line":56,"column":26},"end":{"line":56,"column":51}},"23":{"start":{"line":58,"column":8},"end":{"line":58,"column":46}},"24":{"start":{"line":59,"column":8},"end":{"line":61,"column":11}},"25":{"start":{"line":65,"column":8},"end":{"line":67,"column":9}},"26":{"start":{"line":66,"column":12},"end":{"line":66,"column":31}},"27":{"start":{"line":71,"column":8},"end":{"line":77,"column":9}},"28":{"start":{"line":72,"column":12},"end":{"line":76,"column":13}},"29":{"start":{"line":73,"column":16},"end":{"line":73,"column":38}},"30":{"start":{"line":75,"column":16},"end":{"line":75,"column":35}},"31":{"start":{"line":81,"column":8},"end":{"line":81,"column":76}},"32":{"start":{"line":85,"column":8},"end":{"line":101,"column":9}},"33":{"start":{"line":86,"column":24},"end":{"line":86,"column":69}},"34":{"start":{"line":88,"column":12},"end":{"line":100,"column":14}},"35":{"start":{"line":102,"column":8},"end":{"line":107,"column":10}}},"fnMap":{"0":{"name":"(anonymous_0)","decl":{"start":{"line":10,"column":4},"end":{"line":10,"column":5}},"loc":{"start":{"line":10,"column":23},"end":{"line":24,"column":5}},"line":10},"1":{"name":"(anonymous_1)","decl":{"start":{"line":26,"column":4},"end":{"line":26,"column":5}},"loc":{"start":{"line":26,"column":27},"end":{"line":39,"column":5}},"line":26},"2":{"name":"(anonymous_2)","decl":{"start":{"line":31,"column":38},"end":{"line":31,"column":39}},"loc":{"start":{"line":31,"column":44},"end":{"line":35,"column":9}},"line":31},"3":{"name":"(anonymous_3)","decl":{"start":{"line":35,"column":17},"end":{"line":35,"column":18}},"loc":{"start":{"line":35,"column":23},"end":{"line":38,"column":9}},"line":35},"4":{"name":"(anonymous_4)","decl":{"start":{"line":41,"column":4},"end":{"line":41,"column":5}},"loc":{"start":{"line":41,"column":24},"end":{"line":53,"column":5}},"line":41},"5":{"name":"(anonymous_5)","decl":{"start":{"line":45,"column":106},"end":{"line":45,"column":107}},"loc":{"start":{"line":45,"column":112},"end":{"line":49,"column":9}},"line":45},"6":{"name":"(anonymous_6)","decl":{"start":{"line":49,"column":17},"end":{"line":49,"column":18}},"loc":{"start":{"line":49,"column":23},"end":{"line":52,"column":9}},"line":49},"7":{"name":"(anonymous_7)","decl":{"start":{"line":55,"column":4},"end":{"line":55,"column":5}},"loc":{"start":{"line":55,"column":24},"end":{"line":62,"column":5}},"line":55},"8":{"name":"(anonymous_8)","decl":{"start":{"line":64,"column":4},"end":{"line":64,"column":5}},"loc":{"start":{"line":64,"column":16},"end":{"line":68,"column":5}},"line":64},"9":{"name":"(anonymous_9)","decl":{"start":{"line":70,"column":4},"end":{"line":70,"column":5}},"loc":{"start":{"line":70,"column":30},"end":{"line":78,"column":5}},"line":70},"10":{"name":"(anonymous_10)","decl":{"start":{"line":80,"column":4},"end":{"line":80,"column":5}},"loc":{"start":{"line":80,"column":21},"end":{"line":82,"column":5}},"line":80},"11":{"name":"(anonymous_11)","decl":{"start":{"line":84,"column":4},"end":{"line":84,"column":5}},"loc":{"start":{"line":84,"column":13},"end":{"line":108,"column":5}},"line":84}},"branchMap":{"0":{"loc":{"start":{"line":65,"column":8},"end":{"line":67,"column":9}},"type":"if","locations":[{"start":{"line":65,"column":8},"end":{"line":67,"column":9}},{"start":{"line":65,"column":8},"end":{"line":67,"column":9}}],"line":65},"1":{"loc":{"start":{"line":71,"column":8},"end":{"line":77,"column":9}},"type":"if","locations":[{"start":{"line":71,"column":8},"end":{"line":77,"column":9}},{"start":{"line":71,"column":8},"end":{"line":77,"column":9}}],"line":71},"2":{"loc":{"start":{"line":71,"column":12},"end":{"line":71,"column":57}},"type":"binary-expr","locations":[{"start":{"line":71,"column":12},"end":{"line":71,"column":33}},{"start":{"line":71,"column":37},"end":{"line":71,"column":57}}],"line":71},"3":{"loc":{"start":{"line":72,"column":12},"end":{"line":76,"column":13}},"type":"if","locations":[{"start":{"line":72,"column":12},"end":{"line":76,"column":13}},{"start":{"line":72,"column":12},"end":{"line":76,"column":13}}],"line":72},"4":{"loc":{"start":{"line":85,"column":8},"end":{"line":101,"column":9}},"type":"if","locations":[{"start":{"line":85,"column":8},"end":{"line":101,"column":9}},{"start":{"line":85,"column":8},"end":{"line":101,"column":9}}],"line":85},"5":{"loc":{"start":{"line":90,"column":21},"end":{"line":90,"column":63}},"type":"binary-expr","locations":[{"start":{"line":90,"column":21},"end":{"line":90,"column":40}},{"start":{"line":90,"column":44},"end":{"line":90,"column":63}}],"line":90}},"s":{"0":8,"1":8,"2":8,"3":8,"4":8,"5":8,"6":8,"7":8,"8":2,"9":2,"10":1,"11":1,"12":1,"13":1,"14":1,"15":3,"16":3,"17":2,"18":2,"19":2,"20":1,"21":1,"22":1,"23":1,"24":1,"25":3,"26":2,"27":4,"28":3,"29":2,"30":1,"31":1,"32":27,"33":26,"34":26,"35":1},"f":{"0":8,"1":2,"2":1,"3":1,"4":3,"5":2,"6":1,"7":1,"8":3,"9":4,"10":1,"11":27},"b":{"0":[2,1],"1":[3,1],"2":[4,3],"3":[2,1],"4":[26,1],"5":[26,5]},"_coverageSchema":"332fd63041d2c1bcb487cc26dd0d5f7d97098a6c","hash":"7a52581015773b6fa040036637e99aead4ffc6d5"}
,"C:\\wamp64\\www\\react-composite-table\\lib\\factory\\editableColumnFields\\editableSelectField.js": {"path":"C:\\wamp64\\www\\react-composite-table\\lib\\factory\\editableColumnFields\\editableSelectField.js","statementMap":{"0":{"start":{"line":8,"column":8},"end":{"line":8,"column":21}},"1":{"start":{"line":10,"column":8},"end":{"line":12,"column":10}},"2":{"start":{"line":14,"column":8},"end":{"line":14,"column":55}},"3":{"start":{"line":15,"column":8},"end":{"line":15,"column":61}},"4":{"start":{"line":16,"column":8},"end":{"line":16,"column":59}},"5":{"start":{"line":17,"column":8},"end":{"line":17,"column":45}},"6":{"start":{"line":18,"column":8},"end":{"line":18,"column":61}},"7":{"start":{"line":19,"column":8},"end":{"line":19,"column":51}},"8":{"start":{"line":23,"column":8},"end":{"line":23,"column":63}},"9":{"start":{"line":24,"column":8},"end":{"line":26,"column":11}},"10":{"start":{"line":30,"column":8},"end":{"line":32,"column":11}},"11":{"start":{"line":33,"column":8},"end":{"line":43,"column":11}},"12":{"start":{"line":35,"column":12},"end":{"line":35,"column":79}},"13":{"start":{"line":36,"column":12},"end":{"line":36,"column":81}},"14":{"start":{"line":37,"column":12},"end":{"line":37,"column":83}},"15":{"start":{"line":40,"column":12},"end":{"line":40,"column":79}},"16":{"start":{"line":41,"column":12},"end":{"line":41,"column":81}},"17":{"start":{"line":42,"column":12},"end":{"line":42,"column":85}},"18":{"start":{"line":47,"column":8},"end":{"line":49,"column":11}},"19":{"start":{"line":51,"column":8},"end":{"line":61,"column":11}},"20":{"start":{"line":53,"column":12},"end":{"line":53,"column":79}},"21":{"start":{"line":54,"column":12},"end":{"line":54,"column":81}},"22":{"start":{"line":55,"column":12},"end":{"line":55,"column":83}},"23":{"start":{"line":58,"column":12},"end":{"line":58,"column":79}},"24":{"start":{"line":59,"column":12},"end":{"line":59,"column":81}},"25":{"start":{"line":60,"column":12},"end":{"line":60,"column":85}},"26":{"start":{"line":65,"column":8},"end":{"line":71,"column":9}},"27":{"start":{"line":66,"column":12},"end":{"line":70,"column":13}},"28":{"start":{"line":67,"column":16},"end":{"line":67,"column":38}},"29":{"start":{"line":69,"column":16},"end":{"line":69,"column":35}},"30":{"start":{"line":75,"column":8},"end":{"line":77,"column":9}},"31":{"start":{"line":76,"column":12},"end":{"line":76,"column":38}},"32":{"start":{"line":81,"column":8},"end":{"line":81,"column":76}},"33":{"start":{"line":85,"column":8},"end":{"line":101,"column":9}},"34":{"start":{"line":86,"column":29},"end":{"line":86,"column":72}},"35":{"start":{"line":87,"column":26},"end":{"line":87,"column":91}},"36":{"start":{"line":87,"column":66},"end":{"line":87,"column":90}},"37":{"start":{"line":88,"column":12},"end":{"line":100,"column":14}},"38":{"start":{"line":102,"column":22},"end":{"line":102,"column":95}},"39":{"start":{"line":102,"column":62},"end":{"line":102,"column":94}},"40":{"start":{"line":103,"column":22},"end":{"line":103,"column":48}},"41":{"start":{"line":104,"column":8},"end":{"line":109,"column":10}},"42":{"start":{"line":114,"column":0},"end":{"line":116,"column":2}}},"fnMap":{"0":{"name":"(anonymous_0)","decl":{"start":{"line":7,"column":4},"end":{"line":7,"column":5}},"loc":{"start":{"line":7,"column":23},"end":{"line":20,"column":5}},"line":7},"1":{"name":"(anonymous_1)","decl":{"start":{"line":22,"column":4},"end":{"line":22,"column":5}},"loc":{"start":{"line":22,"column":25},"end":{"line":27,"column":5}},"line":22},"2":{"name":"(anonymous_2)","decl":{"start":{"line":29,"column":4},"end":{"line":29,"column":5}},"loc":{"start":{"line":29,"column":27},"end":{"line":44,"column":5}},"line":29},"3":{"name":"(anonymous_3)","decl":{"start":{"line":34,"column":14},"end":{"line":34,"column":15}},"loc":{"start":{"line":34,"column":20},"end":{"line":38,"column":9}},"line":34},"4":{"name":"(anonymous_4)","decl":{"start":{"line":39,"column":15},"end":{"line":39,"column":16}},"loc":{"start":{"line":39,"column":21},"end":{"line":43,"column":9}},"line":39},"5":{"name":"(anonymous_5)","decl":{"start":{"line":46,"column":4},"end":{"line":46,"column":5}},"loc":{"start":{"line":46,"column":24},"end":{"line":62,"column":5}},"line":46},"6":{"name":"(anonymous_6)","decl":{"start":{"line":52,"column":14},"end":{"line":52,"column":15}},"loc":{"start":{"line":52,"column":20},"end":{"line":56,"column":9}},"line":52},"7":{"name":"(anonymous_7)","decl":{"start":{"line":57,"column":15},"end":{"line":57,"column":16}},"loc":{"start":{"line":57,"column":21},"end":{"line":61,"column":9}},"line":57},"8":{"name":"(anonymous_8)","decl":{"start":{"line":64,"column":4},"end":{"line":64,"column":5}},"loc":{"start":{"line":64,"column":21},"end":{"line":72,"column":5}},"line":64},"9":{"name":"(anonymous_9)","decl":{"start":{"line":74,"column":4},"end":{"line":74,"column":5}},"loc":{"start":{"line":74,"column":13},"end":{"line":78,"column":5}},"line":74},"10":{"name":"(anonymous_10)","decl":{"start":{"line":80,"column":4},"end":{"line":80,"column":5}},"loc":{"start":{"line":80,"column":21},"end":{"line":82,"column":5}},"line":80},"11":{"name":"(anonymous_11)","decl":{"start":{"line":84,"column":4},"end":{"line":84,"column":5}},"loc":{"start":{"line":84,"column":13},"end":{"line":110,"column":5}},"line":84},"12":{"name":"(anonymous_12)","decl":{"start":{"line":87,"column":56},"end":{"line":87,"column":57}},"loc":{"start":{"line":87,"column":66},"end":{"line":87,"column":90}},"line":87},"13":{"name":"(anonymous_13)","decl":{"start":{"line":102,"column":52},"end":{"line":102,"column":53}},"loc":{"start":{"line":102,"column":62},"end":{"line":102,"column":94}},"line":102}},"branchMap":{"0":{"loc":{"start":{"line":65,"column":8},"end":{"line":71,"column":9}},"type":"if","locations":[{"start":{"line":65,"column":8},"end":{"line":71,"column":9}},{"start":{"line":65,"column":8},"end":{"line":71,"column":9}}],"line":65},"1":{"loc":{"start":{"line":66,"column":12},"end":{"line":70,"column":13}},"type":"if","locations":[{"start":{"line":66,"column":12},"end":{"line":70,"column":13}},{"start":{"line":66,"column":12},"end":{"line":70,"column":13}}],"line":66},"2":{"loc":{"start":{"line":75,"column":8},"end":{"line":77,"column":9}},"type":"if","locations":[{"start":{"line":75,"column":8},"end":{"line":77,"column":9}},{"start":{"line":75,"column":8},"end":{"line":77,"column":9}}],"line":75},"3":{"loc":{"start":{"line":85,"column":8},"end":{"line":101,"column":9}},"type":"if","locations":[{"start":{"line":85,"column":8},"end":{"line":101,"column":9}},{"start":{"line":85,"column":8},"end":{"line":101,"column":9}}],"line":85}},"s":{"0":6,"1":6,"2":6,"3":6,"4":6,"5":6,"6":6,"7":6,"8":1,"9":1,"10":2,"11":2,"12":1,"13":1,"14":1,"15":1,"16":1,"17":1,"18":3,"19":3,"20":2,"21":2,"22":2,"23":1,"24":1,"25":1,"26":4,"27":3,"28":2,"29":1,"30":3,"31":2,"32":1,"33":29,"34":27,"35":27,"36":10,"37":27,"38":2,"39":1,"40":2,"41":2,"42":3},"f":{"0":6,"1":1,"2":2,"3":1,"4":1,"5":3,"6":2,"7":1,"8":4,"9":3,"10":1,"11":29,"12":10,"13":1},"b":{"0":[3,1],"1":[2,1],"2":[2,1],"3":[27,2]},"_coverageSchema":"332fd63041d2c1bcb487cc26dd0d5f7d97098a6c","hash":"ef365dc2effcb56e52b0a69b0d769dde5da4136b"}
,"C:\\wamp64\\www\\react-composite-table\\lib\\factory\\editableColumnFields\\editableTextField.js": {"path":"C:\\wamp64\\www\\react-composite-table\\lib\\factory\\editableColumnFields\\editableTextField.js","statementMap":{"0":{"start":{"line":6,"column":8},"end":{"line":6,"column":21}},"1":{"start":{"line":8,"column":8},"end":{"line":11,"column":10}},"2":{"start":{"line":13,"column":8},"end":{"line":13,"column":55}},"3":{"start":{"line":14,"column":8},"end":{"line":14,"column":61}},"4":{"start":{"line":15,"column":8},"end":{"line":15,"column":59}},"5":{"start":{"line":16,"column":8},"end":{"line":16,"column":61}},"6":{"start":{"line":17,"column":8},"end":{"line":17,"column":51}},"7":{"start":{"line":18,"column":8},"end":{"line":18,"column":45}},"8":{"start":{"line":22,"column":22},"end":{"line":22,"column":40}},"9":{"start":{"line":23,"column":8},"end":{"line":23,"column":42}},"10":{"start":{"line":24,"column":8},"end":{"line":26,"column":11}},"11":{"start":{"line":30,"column":8},"end":{"line":32,"column":11}},"12":{"start":{"line":33,"column":8},"end":{"line":43,"column":11}},"13":{"start":{"line":35,"column":12},"end":{"line":35,"column":79}},"14":{"start":{"line":36,"column":12},"end":{"line":36,"column":81}},"15":{"start":{"line":37,"column":12},"end":{"line":37,"column":83}},"16":{"start":{"line":40,"column":12},"end":{"line":40,"column":79}},"17":{"start":{"line":41,"column":12},"end":{"line":41,"column":81}},"18":{"start":{"line":42,"column":12},"end":{"line":42,"column":85}},"19":{"start":{"line":47,"column":8},"end":{"line":49,"column":11}},"20":{"start":{"line":51,"column":8},"end":{"line":61,"column":11}},"21":{"start":{"line":53,"column":12},"end":{"line":53,"column":79}},"22":{"start":{"line":54,"column":12},"end":{"line":54,"column":81}},"23":{"start":{"line":55,"column":12},"end":{"line":55,"column":83}},"24":{"start":{"line":58,"column":12},"end":{"line":58,"column":79}},"25":{"start":{"line":59,"column":12},"end":{"line":59,"column":81}},"26":{"start":{"line":60,"column":12},"end":{"line":60,"column":85}},"27":{"start":{"line":65,"column":8},"end":{"line":71,"column":9}},"28":{"start":{"line":66,"column":12},"end":{"line":70,"column":13}},"29":{"start":{"line":67,"column":16},"end":{"line":67,"column":38}},"30":{"start":{"line":69,"column":16},"end":{"line":69,"column":35}},"31":{"start":{"line":75,"column":8},"end":{"line":75,"column":58}},"32":{"start":{"line":76,"column":8},"end":{"line":76,"column":75}},"33":{"start":{"line":80,"column":8},"end":{"line":82,"column":9}},"34":{"start":{"line":81,"column":12},"end":{"line":81,"column":38}},"35":{"start":{"line":86,"column":22},"end":{"line":86,"column":34}},"36":{"start":{"line":87,"column":8},"end":{"line":87,"column":22}},"37":{"start":{"line":88,"column":25},"end":{"line":88,"column":43}},"38":{"start":{"line":89,"column":8},"end":{"line":89,"column":52}},"39":{"start":{"line":93,"column":8},"end":{"line":108,"column":9}},"40":{"start":{"line":94,"column":12},"end":{"line":107,"column":14}},"41":{"start":{"line":109,"column":8},"end":{"line":114,"column":10}}},"fnMap":{"0":{"name":"(anonymous_0)","decl":{"start":{"line":5,"column":4},"end":{"line":5,"column":5}},"loc":{"start":{"line":5,"column":23},"end":{"line":19,"column":5}},"line":5},"1":{"name":"(anonymous_1)","decl":{"start":{"line":21,"column":4},"end":{"line":21,"column":5}},"loc":{"start":{"line":21,"column":25},"end":{"line":27,"column":5}},"line":21},"2":{"name":"(anonymous_2)","decl":{"start":{"line":29,"column":4},"end":{"line":29,"column":5}},"loc":{"start":{"line":29,"column":27},"end":{"line":44,"column":5}},"line":29},"3":{"name":"(anonymous_3)","decl":{"start":{"line":34,"column":14},"end":{"line":34,"column":15}},"loc":{"start":{"line":34,"column":20},"end":{"line":38,"column":9}},"line":34},"4":{"name":"(anonymous_4)","decl":{"start":{"line":39,"column":15},"end":{"line":39,"column":16}},"loc":{"start":{"line":39,"column":21},"end":{"line":43,"column":9}},"line":39},"5":{"name":"(anonymous_5)","decl":{"start":{"line":46,"column":4},"end":{"line":46,"column":5}},"loc":{"start":{"line":46,"column":24},"end":{"line":62,"column":5}},"line":46},"6":{"name":"(anonymous_6)","decl":{"start":{"line":52,"column":14},"end":{"line":52,"column":15}},"loc":{"start":{"line":52,"column":20},"end":{"line":56,"column":9}},"line":52},"7":{"name":"(anonymous_7)","decl":{"start":{"line":57,"column":15},"end":{"line":57,"column":16}},"loc":{"start":{"line":57,"column":21},"end":{"line":61,"column":9}},"line":57},"8":{"name":"(anonymous_8)","decl":{"start":{"line":64,"column":4},"end":{"line":64,"column":5}},"loc":{"start":{"line":64,"column":21},"end":{"line":72,"column":5}},"line":64},"9":{"name":"(anonymous_9)","decl":{"start":{"line":74,"column":4},"end":{"line":74,"column":5}},"loc":{"start":{"line":74,"column":21},"end":{"line":77,"column":5}},"line":74},"10":{"name":"(anonymous_10)","decl":{"start":{"line":79,"column":4},"end":{"line":79,"column":5}},"loc":{"start":{"line":79,"column":13},"end":{"line":83,"column":5}},"line":79},"11":{"name":"(anonymous_11)","decl":{"start":{"line":85,"column":4},"end":{"line":85,"column":5}},"loc":{"start":{"line":85,"column":26},"end":{"line":90,"column":5}},"line":85},"12":{"name":"(anonymous_12)","decl":{"start":{"line":92,"column":4},"end":{"line":92,"column":5}},"loc":{"start":{"line":92,"column":13},"end":{"line":115,"column":5}},"line":92}},"branchMap":{"0":{"loc":{"start":{"line":65,"column":8},"end":{"line":71,"column":9}},"type":"if","locations":[{"start":{"line":65,"column":8},"end":{"line":71,"column":9}},{"start":{"line":65,"column":8},"end":{"line":71,"column":9}}],"line":65},"1":{"loc":{"start":{"line":65,"column":12},"end":{"line":65,"column":57}},"type":"binary-expr","locations":[{"start":{"line":65,"column":12},"end":{"line":65,"column":33}},{"start":{"line":65,"column":37},"end":{"line":65,"column":57}}],"line":65},"2":{"loc":{"start":{"line":66,"column":12},"end":{"line":70,"column":13}},"type":"if","locations":[{"start":{"line":66,"column":12},"end":{"line":70,"column":13}},{"start":{"line":66,"column":12},"end":{"line":70,"column":13}}],"line":66},"3":{"loc":{"start":{"line":80,"column":8},"end":{"line":82,"column":9}},"type":"if","locations":[{"start":{"line":80,"column":8},"end":{"line":82,"column":9}},{"start":{"line":80,"column":8},"end":{"line":82,"column":9}}],"line":80},"4":{"loc":{"start":{"line":93,"column":8},"end":{"line":108,"column":9}},"type":"if","locations":[{"start":{"line":93,"column":8},"end":{"line":108,"column":9}},{"start":{"line":93,"column":8},"end":{"line":108,"column":9}}],"line":93},"5":{"loc":{"start":{"line":96,"column":21},"end":{"line":96,"column":63}},"type":"binary-expr","locations":[{"start":{"line":96,"column":21},"end":{"line":96,"column":40}},{"start":{"line":96,"column":44},"end":{"line":96,"column":63}}],"line":96}},"s":{"0":7,"1":7,"2":7,"3":7,"4":7,"5":7,"6":7,"7":7,"8":9,"9":9,"10":9,"11":2,"12":2,"13":1,"14":1,"15":1,"16":1,"17":1,"18":1,"19":3,"20":3,"21":2,"22":2,"23":2,"24":1,"25":1,"26":1,"27":5,"28":4,"29":2,"30":2,"31":7,"32":7,"33":2,"34":1,"35":1,"36":1,"37":1,"38":1,"39":60,"40":39,"41":21},"f":{"0":7,"1":9,"2":2,"3":1,"4":1,"5":3,"6":2,"7":1,"8":5,"9":7,"10":2,"11":1,"12":60},"b":{"0":[4,1],"1":[5,3],"2":[2,2],"3":[1,1],"4":[39,21],"5":[39,5]},"_coverageSchema":"332fd63041d2c1bcb487cc26dd0d5f7d97098a6c","hash":"5042bf2ba3243a8cbc156bf8252a41424855f3da"}
,"C:\\wamp64\\www\\react-composite-table\\lib\\factory\\filterFields\\selectField.js": {"path":"C:\\wamp64\\www\\react-composite-table\\lib\\factory\\filterFields\\selectField.js","statementMap":{"0":{"start":{"line":8,"column":8},"end":{"line":8,"column":21}},"1":{"start":{"line":10,"column":8},"end":{"line":12,"column":9}},"2":{"start":{"line":14,"column":8},"end":{"line":14,"column":61}},"3":{"start":{"line":18,"column":8},"end":{"line":18,"column":48}},"4":{"start":{"line":22,"column":8},"end":{"line":24,"column":10}},"5":{"start":{"line":25,"column":8},"end":{"line":25,"column":98}},"6":{"start":{"line":29,"column":8},"end":{"line":39,"column":9}},"7":{"start":{"line":43,"column":0},"end":{"line":45,"column":2}}},"fnMap":{"0":{"name":"(anonymous_0)","decl":{"start":{"line":7,"column":4},"end":{"line":7,"column":5}},"loc":{"start":{"line":7,"column":23},"end":{"line":15,"column":5}},"line":7},"1":{"name":"(anonymous_1)","decl":{"start":{"line":17,"column":4},"end":{"line":17,"column":5}},"loc":{"start":{"line":17,"column":41},"end":{"line":19,"column":5}},"line":17},"2":{"name":"(anonymous_2)","decl":{"start":{"line":21,"column":4},"end":{"line":21,"column":5}},"loc":{"start":{"line":21,"column":26},"end":{"line":26,"column":5}},"line":21},"3":{"name":"(anonymous_3)","decl":{"start":{"line":28,"column":4},"end":{"line":28,"column":5}},"loc":{"start":{"line":28,"column":13},"end":{"line":40,"column":5}},"line":28}},"branchMap":{},"s":{"0":1,"1":1,"2":1,"3":1,"4":1,"5":1,"6":4,"7":2},"f":{"0":1,"1":1,"2":1,"3":4},"b":{},"_coverageSchema":"332fd63041d2c1bcb487cc26dd0d5f7d97098a6c","hash":"4c3e9a6efcd355ae5a9fd12c48a25258434319c0"}
,"C:\\wamp64\\www\\react-composite-table\\lib\\factory\\filterFields\\textField.js": {"path":"C:\\wamp64\\www\\react-composite-table\\lib\\factory\\filterFields\\textField.js","statementMap":{"0":{"start":{"line":6,"column":8},"end":{"line":6,"column":21}},"1":{"start":{"line":8,"column":8},"end":{"line":10,"column":9}},"2":{"start":{"line":12,"column":8},"end":{"line":12,"column":57}},"3":{"start":{"line":16,"column":8},"end":{"line":16,"column":48}},"4":{"start":{"line":20,"column":22},"end":{"line":20,"column":40}},"5":{"start":{"line":21,"column":8},"end":{"line":23,"column":10}},"6":{"start":{"line":24,"column":8},"end":{"line":24,"column":91}},"7":{"start":{"line":28,"column":8},"end":{"line":37,"column":9}}},"fnMap":{"0":{"name":"(anonymous_0)","decl":{"start":{"line":5,"column":4},"end":{"line":5,"column":5}},"loc":{"start":{"line":5,"column":23},"end":{"line":13,"column":5}},"line":5},"1":{"name":"(anonymous_1)","decl":{"start":{"line":15,"column":4},"end":{"line":15,"column":5}},"loc":{"start":{"line":15,"column":41},"end":{"line":17,"column":5}},"line":15},"2":{"name":"(anonymous_2)","decl":{"start":{"line":19,"column":4},"end":{"line":19,"column":5}},"loc":{"start":{"line":19,"column":24},"end":{"line":25,"column":5}},"line":19},"3":{"name":"(anonymous_3)","decl":{"start":{"line":27,"column":4},"end":{"line":27,"column":5}},"loc":{"start":{"line":27,"column":13},"end":{"line":38,"column":5}},"line":27}},"branchMap":{},"s":{"0":5,"1":5,"2":5,"3":19,"4":1,"5":1,"6":1,"7":26},"f":{"0":5,"1":19,"2":1,"3":26},"b":{},"_coverageSchema":"332fd63041d2c1bcb487cc26dd0d5f7d97098a6c","hash":"83f4c2d7424aec2b4b8760dd361a5bb8842ec991"}
,"C:\\wamp64\\www\\react-composite-table\\tests\\helper\\index.js": {"path":"C:\\wamp64\\www\\react-composite-table\\tests\\helper\\index.js","statementMap":{"0":{"start":{"line":2,"column":4},"end":{"line":2,"column":57}},"1":{"start":{"line":2,"column":34},"end":{"line":2,"column":55}}},"fnMap":{"0":{"name":"flushPromises","decl":{"start":{"line":1,"column":16},"end":{"line":1,"column":29}},"loc":{"start":{"line":1,"column":32},"end":{"line":3,"column":1}},"line":1},"1":{"name":"(anonymous_1)","decl":{"start":{"line":2,"column":23},"end":{"line":2,"column":24}},"loc":{"start":{"line":2,"column":34},"end":{"line":2,"column":55}},"line":2}},"branchMap":{},"s":{"0":22,"1":22},"f":{"0":22,"1":22},"b":{},"_coverageSchema":"332fd63041d2c1bcb487cc26dd0d5f7d97098a6c","hash":"ce8b8d03141dc745ae8aebb1e43177ba20b34e6b"}
}
