TN:
SF:C:\wamp64\www\react-composite-table\lib\actions\index.js
FN:3,filterByLabel
FN:4,(anonymous_1)
FN:11,filterByMultiSelectLabel
FN:12,(anonymous_3)
FN:14,(anonymous_4)
FN:18,sorting
FNF:6
FNH:6
FNDA:5,filterByLabel
FNDA:7,(anonymous_1)
FNDA:2,filterByMultiSelectLabel
FNDA:3,(anonymous_3)
FNDA:3,(anonymous_4)
FNDA:7,sorting
DA:4,5
DA:5,7
DA:6,7
DA:12,2
DA:13,3
DA:14,3
DA:19,7
DA:20,7
DA:22,7
DA:23,1
DA:24,6
DA:25,3
DA:27,3
LF:13
LH:13
BRDA:22,0,0,1
BRDA:22,0,1,6
BRDA:24,1,0,3
BRDA:24,1,1,3
BRDA:25,2,0,1
BRDA:25,2,1,2
BRDA:27,3,0,2
BRDA:27,3,1,1
BRF:8
BRH:8
end_of_record
TN:
SF:C:\wamp64\www\react-composite-table\lib\components\footer.js
FN:6,(anonymous_0)
FN:26,(anonymous_1)
FN:40,(anonymous_2)
FN:52,(anonymous_3)
FN:56,(anonymous_4)
FN:72,(anonymous_5)
FN:86,(anonymous_6)
FN:98,(anonymous_7)
FN:104,(anonymous_8)
FN:111,(anonymous_9)
FN:118,(anonymous_10)
FN:129,(anonymous_11)
FN:139,(anonymous_12)
FN:143,(anonymous_13)
FN:147,(anonymous_14)
FN:154,(anonymous_15)
FNF:16
FNH:16
FNDA:12,(anonymous_0)
FNDA:3,(anonymous_1)
FNDA:13,(anonymous_2)
FNDA:2,(anonymous_3)
FNDA:4,(anonymous_4)
FNDA:2,(anonymous_5)
FNDA:3,(anonymous_6)
FNDA:3,(anonymous_7)
FNDA:3,(anonymous_8)
FNDA:3,(anonymous_9)
FNDA:3,(anonymous_10)
FNDA:2,(anonymous_11)
FNDA:1,(anonymous_12)
FNDA:1,(anonymous_13)
FNDA:24,(anonymous_14)
FNDA:50,(anonymous_15)
DA:7,12
DA:9,12
DA:15,12
DA:16,12
DA:17,12
DA:18,12
DA:19,12
DA:20,12
DA:21,12
DA:22,12
DA:23,12
DA:27,3
DA:28,3
DA:29,3
DA:31,3
DA:35,3
DA:36,1
DA:41,13
DA:42,13
DA:44,13
DA:48,13
DA:49,13
DA:53,2
DA:57,4
DA:58,1
DA:60,3
DA:62,1
DA:63,1
DA:65,1
DA:66,1
DA:68,1
DA:73,2
DA:75,2
DA:76,1
DA:79,2
DA:80,1
DA:83,2
DA:87,3
DA:89,3
DA:90,1
DA:92,3
DA:93,1
DA:96,3
DA:99,3
DA:100,3
DA:105,3
DA:106,3
DA:107,3
DA:109,3
DA:112,3
DA:113,1
DA:119,3
DA:120,3
DA:122,3
DA:123,1
DA:126,3
DA:130,2
DA:132,2
DA:133,1
DA:136,2
DA:140,1
DA:144,1
DA:148,24
DA:151,24
DA:155,50
LF:65
LH:65
BRDA:28,0,0,1
BRDA:28,0,1,2
BRDA:35,1,0,1
BRDA:35,1,1,2
BRDA:42,2,0,1
BRDA:42,2,1,12
BRDA:57,3,0,1
BRDA:57,3,1,3
BRDA:60,4,0,1
BRDA:60,4,1,1
BRDA:60,4,2,1
BRDA:75,5,0,1
BRDA:75,5,1,1
BRDA:75,6,0,2
BRDA:75,6,1,1
BRDA:79,7,0,1
BRDA:79,7,1,1
BRDA:89,8,0,1
BRDA:89,8,1,2
BRDA:92,9,0,1
BRDA:92,9,1,2
BRDA:112,10,0,1
BRDA:112,10,1,2
BRDA:122,11,0,1
BRDA:122,11,1,2
BRDA:132,12,0,1
BRDA:132,12,1,1
BRF:27
BRH:27
end_of_record
TN:
SF:C:\wamp64\www\react-composite-table\lib\components\message.js
FN:6,(anonymous_0)
FN:20,(anonymous_1)
FNF:2
FNH:2
FNDA:9,(anonymous_0)
FNDA:9,(anonymous_1)
DA:7,9
DA:9,1
DA:11,1
DA:13,1
DA:15,1
DA:17,5
DA:21,9
DA:29,2
LF:8
LH:8
BRDA:7,0,0,1
BRDA:7,0,1,1
BRDA:7,0,2,1
BRDA:7,0,3,1
BRDA:7,0,4,5
BRF:5
BRH:5
end_of_record
TN:
SF:C:\wamp64\www\react-composite-table\lib\components\modalDialog.js
FN:6,(anonymous_0)
FN:18,(anonymous_1)
FN:22,(anonymous_2)
FNF:3
FNH:3
FNDA:1,(anonymous_0)
FNDA:1,(anonymous_1)
FNDA:2,(anonymous_2)
DA:7,1
DA:9,1
DA:11,1
DA:15,1
DA:19,1
DA:24,2
DA:28,2
DA:30,2
DA:32,2
LF:9
LH:9
BRF:0
BRH:0
end_of_record
TN:
SF:C:\wamp64\www\react-composite-table\lib\components\table.js
FN:21,(anonymous_0)
FN:28,(anonymous_1)
FN:69,(anonymous_2)
FN:73,(anonymous_3)
FN:103,(anonymous_4)
FN:109,(anonymous_5)
FN:115,(anonymous_6)
FN:121,(anonymous_7)
FN:127,(anonymous_8)
FN:131,(anonymous_9)
FN:138,(anonymous_10)
FN:149,(anonymous_11)
FN:151,(anonymous_12)
FN:183,(anonymous_13)
FN:189,(anonymous_14)
FN:197,(anonymous_15)
FN:199,(anonymous_16)
FN:218,(anonymous_17)
FN:225,(anonymous_18)
FN:229,(anonymous_19)
FN:241,(anonymous_20)
FN:253,(anonymous_21)
FN:261,(anonymous_22)
FN:269,(anonymous_23)
FN:274,(anonymous_24)
FN:278,(anonymous_25)
FN:279,(anonymous_26)
FN:280,(anonymous_27)
FN:311,(anonymous_28)
FN:314,(anonymous_29)
FN:320,(anonymous_30)
FN:336,(anonymous_31)
FN:343,(anonymous_32)
FN:347,(anonymous_33)
FN:351,(anonymous_34)
FN:360,(anonymous_35)
FN:361,(anonymous_36)
FN:372,(anonymous_37)
FN:379,(anonymous_38)
FN:387,(anonymous_39)
FN:396,(anonymous_40)
FNF:41
FNH:39
FNDA:20,(anonymous_0)
FNDA:1,(anonymous_1)
FNDA:35,(anonymous_2)
FNDA:4,(anonymous_3)
FNDA:7,(anonymous_4)
FNDA:3,(anonymous_5)
FNDA:1,(anonymous_6)
FNDA:1,(anonymous_7)
FNDA:1,(anonymous_8)
FNDA:1,(anonymous_9)
FNDA:5,(anonymous_10)
FNDA:52,(anonymous_11)
FNDA:20,(anonymous_12)
FNDA:2,(anonymous_13)
FNDA:2,(anonymous_14)
FNDA:52,(anonymous_15)
FNDA:20,(anonymous_16)
FNDA:4,(anonymous_17)
FNDA:1,(anonymous_18)
FNDA:54,(anonymous_19)
FNDA:54,(anonymous_20)
FNDA:1,(anonymous_21)
FNDA:1,(anonymous_22)
FNDA:52,(anonymous_23)
FNDA:33,(anonymous_24)
FNDA:22,(anonymous_25)
FNDA:0,(anonymous_26)
FNDA:0,(anonymous_27)
FNDA:1,(anonymous_28)
FNDA:2,(anonymous_29)
FNDA:1,(anonymous_30)
FNDA:1,(anonymous_31)
FNDA:2,(anonymous_32)
FNDA:1,(anonymous_33)
FNDA:1,(anonymous_34)
FNDA:1,(anonymous_35)
FNDA:2,(anonymous_36)
FNDA:1,(anonymous_37)
FNDA:1,(anonymous_38)
FNDA:2,(anonymous_39)
FNDA:52,(anonymous_40)
DA:22,20
DA:24,20
DA:26,20
DA:28,20
DA:29,1
DA:30,1
DA:33,20
DA:51,20
DA:52,20
DA:53,20
DA:54,20
DA:55,20
DA:56,20
DA:57,20
DA:58,20
DA:59,20
DA:60,20
DA:61,20
DA:62,20
DA:63,20
DA:64,20
DA:65,20
DA:66,20
DA:70,35
DA:71,7
DA:73,7
DA:74,4
DA:75,4
DA:78,7
DA:79,2
DA:81,7
DA:83,7
DA:84,28
DA:97,25
DA:99,3
DA:104,7
DA:110,3
DA:116,1
DA:122,1
DA:128,1
DA:132,1
DA:135,1
DA:139,5
DA:140,5
DA:141,1
DA:143,5
DA:144,3
DA:146,5
DA:150,52
DA:152,20
DA:153,19
DA:173,1
DA:184,2
DA:185,2
DA:186,2
DA:187,2
DA:189,2
DA:191,2
DA:198,52
DA:200,20
DA:209,20
DA:219,4
DA:220,3
DA:221,3
DA:226,1
DA:232,54
DA:233,50
DA:235,4
DA:238,54
DA:244,54
DA:245,50
DA:247,4
DA:250,54
DA:254,1
DA:262,1
DA:270,52
DA:271,52
DA:273,52
DA:275,33
DA:279,22
DA:280,22
DA:281,22
DA:282,1
DA:287,21
DA:289,21
DA:304,21
DA:311,1
DA:316,2
DA:317,1
DA:319,1
DA:320,1
DA:322,2
DA:337,1
DA:344,2
DA:347,2
DA:348,1
DA:349,1
DA:351,1
DA:353,2
DA:361,1
DA:362,2
DA:363,1
DA:367,1
DA:373,1
DA:380,1
DA:388,2
DA:393,2
DA:397,52
DA:454,1
LF:109
LH:109
BRDA:70,0,0,7
BRDA:70,0,1,28
BRDA:70,1,0,35
BRDA:70,1,1,28
BRDA:78,2,0,2
BRDA:78,2,1,5
BRDA:84,3,0,25
BRDA:84,3,1,3
BRDA:84,4,0,28
BRDA:84,4,1,27
BRDA:84,4,2,27
BRDA:84,4,3,27
BRDA:84,4,4,21
BRDA:84,4,5,20
BRDA:84,4,6,19
BRDA:84,4,7,18
BRDA:84,4,8,16
BRDA:84,4,9,16
BRDA:84,4,10,16
BRDA:84,4,11,9
BRDA:84,4,12,5
BRDA:140,5,0,1
BRDA:140,5,1,4
BRDA:140,6,0,5
BRDA:140,6,1,2
BRDA:143,7,0,3
BRDA:143,7,1,2
BRDA:143,8,0,5
BRDA:143,8,1,3
BRDA:152,9,0,19
BRDA:152,9,1,1
BRDA:160,10,0,19
BRDA:160,10,1,19
BRDA:160,10,2,2
BRDA:160,10,3,1
BRDA:165,11,0,19
BRDA:165,11,1,19
BRDA:165,11,2,2
BRDA:165,11,3,1
BRDA:187,12,0,1
BRDA:187,12,1,1
BRDA:219,13,0,3
BRDA:219,13,1,1
BRDA:232,14,0,50
BRDA:232,14,1,4
BRDA:244,15,0,50
BRDA:244,15,1,4
BRDA:281,16,0,1
BRDA:281,16,1,21
BRDA:281,17,0,22
BRDA:281,17,1,22
BRDA:309,18,0,33
BRDA:309,18,1,32
BRDA:316,19,0,1
BRDA:316,19,1,1
BRDA:362,20,0,1
BRDA:362,20,1,1
BRDA:400,21,0,52
BRDA:400,21,1,5
BRDA:414,22,0,52
BRDA:414,22,1,5
BRDA:417,23,0,52
BRDA:417,23,1,47
BRDA:420,24,0,52
BRDA:420,24,1,47
BRF:65
BRH:65
end_of_record
TN:
SF:C:\wamp64\www\react-composite-table\lib\factory\filterFactory.js
FN:7,(anonymous_0)
FNF:1
FNH:1
FNDA:20,(anonymous_0)
DA:8,20
DA:9,1
DA:11,19
DA:13,13
DA:15,5
DA:17,1
LF:6
LH:6
BRDA:8,0,0,1
BRDA:8,0,1,19
BRDA:11,1,0,13
BRDA:11,1,1,5
BRDA:11,1,2,1
BRF:5
BRH:5
end_of_record
TN:
SF:C:\wamp64\www\react-composite-table\lib\factory\tableFieldFactory.js
FN:8,(anonymous_0)
FNF:1
FNH:1
FNDA:25,(anonymous_0)
DA:9,25
DA:11,15
DA:13,6
DA:15,2
DA:17,2
LF:5
LH:5
BRDA:9,0,0,15
BRDA:9,0,1,6
BRDA:9,0,2,2
BRDA:9,0,3,2
BRF:4
BRH:4
end_of_record
TN:
SF:C:\wamp64\www\react-composite-table\lib\factory\editableColumnFields\editableDateField.js
FN:10,(anonymous_0)
FN:24,(anonymous_1)
FN:29,(anonymous_2)
FN:35,(anonymous_3)
FN:43,(anonymous_4)
FN:52,(anonymous_5)
FN:56,(anonymous_6)
FN:60,(anonymous_7)
FN:66,(anonymous_8)
FNF:9
FNH:4
FNDA:1,(anonymous_0)
FNDA:0,(anonymous_1)
FNDA:0,(anonymous_2)
FNDA:0,(anonymous_3)
FNDA:0,(anonymous_4)
FNDA:0,(anonymous_5)
FNDA:1,(anonymous_6)
FNDA:2,(anonymous_7)
FNDA:2,(anonymous_8)
DA:11,1
DA:13,1
DA:18,1
DA:19,1
DA:20,1
DA:21,1
DA:25,0
DA:29,0
DA:30,0
DA:33,0
DA:34,0
DA:36,0
DA:39,0
DA:44,0
DA:46,0
DA:49,0
DA:53,0
DA:57,1
DA:61,2
DA:67,2
DA:68,1
DA:70,1
DA:83,1
LF:23
LH:12
BRDA:61,0,0,2
BRDA:61,0,1,1
BRDA:61,0,2,1
BRDA:67,1,0,1
BRDA:67,1,1,1
BRDA:72,2,0,1
BRDA:72,2,1,0
BRF:7
BRH:6
end_of_record
TN:
SF:C:\wamp64\www\react-composite-table\lib\factory\editableColumnFields\editableSelectField.js
FN:7,(anonymous_0)
FN:21,(anonymous_1)
FN:27,(anonymous_2)
FN:33,(anonymous_3)
FN:41,(anonymous_4)
FN:48,(anonymous_5)
FN:52,(anonymous_6)
FN:56,(anonymous_7)
FN:62,(anonymous_8)
FN:65,(anonymous_9)
FN:79,(anonymous_10)
FNF:11
FNH:11
FNDA:1,(anonymous_0)
FNDA:1,(anonymous_1)
FNDA:2,(anonymous_2)
FNDA:1,(anonymous_3)
FNDA:1,(anonymous_4)
FNDA:2,(anonymous_5)
FNDA:1,(anonymous_6)
FNDA:14,(anonymous_7)
FNDA:14,(anonymous_8)
FNDA:10,(anonymous_9)
FNDA:1,(anonymous_10)
DA:8,1
DA:10,1
DA:14,1
DA:15,1
DA:16,1
DA:17,1
DA:18,1
DA:22,1
DA:28,2
DA:32,2
DA:34,1
DA:38,1
DA:39,1
DA:42,1
DA:43,1
DA:44,1
DA:49,2
DA:53,1
DA:57,14
DA:63,14
DA:64,12
DA:65,12
DA:66,12
DA:79,2
DA:80,2
DA:81,2
DA:91,3
LF:27
LH:27
BRDA:57,0,0,14
BRDA:57,0,1,12
BRDA:57,0,2,12
BRDA:63,1,0,12
BRDA:63,1,1,2
BRF:5
BRH:5
end_of_record
TN:
SF:C:\wamp64\www\react-composite-table\lib\factory\editableColumnFields\editableTextField.js
FN:6,(anonymous_0)
FN:22,(anonymous_1)
FN:29,(anonymous_2)
FN:35,(anonymous_3)
FN:41,(anonymous_4)
FN:49,(anonymous_5)
FN:55,(anonymous_6)
FN:60,(anonymous_7)
FN:64,(anonymous_8)
FN:71,(anonymous_9)
FN:77,(anonymous_10)
FNF:11
FNH:11
FNDA:1,(anonymous_0)
FNDA:1,(anonymous_1)
FNDA:2,(anonymous_2)
FNDA:1,(anonymous_3)
FNDA:1,(anonymous_4)
FNDA:2,(anonymous_5)
FNDA:1,(anonymous_6)
FNDA:1,(anonymous_7)
FNDA:1,(anonymous_8)
FNDA:12,(anonymous_9)
FNDA:12,(anonymous_10)
DA:7,1
DA:9,1
DA:14,1
DA:15,1
DA:16,1
DA:17,1
DA:18,1
DA:19,1
DA:23,1
DA:24,1
DA:30,2
DA:34,2
DA:36,1
DA:37,1
DA:38,1
DA:39,1
DA:42,1
DA:43,1
DA:44,1
DA:45,1
DA:50,2
DA:51,1
DA:56,1
DA:57,1
DA:61,1
DA:65,1
DA:66,1
DA:67,1
DA:68,1
DA:72,12
DA:78,12
DA:79,9
DA:94,3
LF:33
LH:33
BRDA:50,0,0,1
BRDA:50,0,1,1
BRDA:72,1,0,12
BRDA:72,1,1,9
BRDA:72,1,2,9
BRDA:78,2,0,9
BRDA:78,2,1,3
BRDA:81,3,0,9
BRDA:81,3,1,2
BRF:9
BRH:9
end_of_record
TN:
SF:C:\wamp64\www\react-composite-table\lib\factory\filterFields\selectField.js
FN:7,(anonymous_0)
FN:17,(anonymous_1)
FN:21,(anonymous_2)
FN:28,(anonymous_3)
FNF:4
FNH:4
FNDA:1,(anonymous_0)
FNDA:1,(anonymous_1)
FNDA:1,(anonymous_2)
FNDA:4,(anonymous_3)
DA:8,1
DA:10,1
DA:14,1
DA:18,1
DA:22,1
DA:25,1
DA:29,4
DA:43,2
LF:8
LH:8
BRF:0
BRH:0
end_of_record
TN:
SF:C:\wamp64\www\react-composite-table\lib\factory\filterFields\textField.js
FN:5,(anonymous_0)
FN:15,(anonymous_1)
FN:19,(anonymous_2)
FN:27,(anonymous_3)
FNF:4
FNH:4
FNDA:1,(anonymous_0)
FNDA:1,(anonymous_1)
FNDA:1,(anonymous_2)
FNDA:4,(anonymous_3)
DA:6,1
DA:8,1
DA:12,1
DA:16,1
DA:20,1
DA:21,1
DA:24,1
DA:28,4
LF:8
LH:8
BRF:0
BRH:0
end_of_record
