TN:
SF:C:\Users\csejtei\Development\react-composite-table\lib\actions\index.js
FN:3,filterByLabel
FN:4,(anonymous_1)
FN:15,filterByMultiSelectLabel
FN:16,(anonymous_3)
FN:18,(anonymous_4)
FN:22,sorting
FNF:6
FNH:0
FNDA:0,filterByLabel
FNDA:0,(anonymous_1)
FNDA:0,filterByMultiSelectLabel
FNDA:0,(anonymous_3)
FNDA:0,(anonymous_4)
FNDA:0,sorting
DA:1,0
DA:4,0
DA:5,0
DA:6,0
DA:8,0
DA:9,0
DA:16,0
DA:17,0
DA:18,0
DA:23,0
DA:24,0
DA:26,0
DA:27,0
DA:28,0
DA:29,0
DA:31,0
LF:16
LH:0
BRDA:5,0,0,0
BRDA:5,0,1,0
BRDA:9,1,0,0
BRDA:9,1,1,0
BRDA:26,2,0,0
BRDA:26,2,1,0
BRDA:28,3,0,0
BRDA:28,3,1,0
BRDA:29,4,0,0
BRDA:29,4,1,0
BRDA:31,5,0,0
BRDA:31,5,1,0
BRF:12
BRH:0
end_of_record
TN:
SF:C:\Users\csejtei\Development\react-composite-table\lib\components\footer.js
FN:7,(anonymous_0)
FN:25,(anonymous_1)
FN:36,(anonymous_2)
FN:46,(anonymous_3)
FN:64,(anonymous_4)
FN:78,(anonymous_5)
FN:89,(anonymous_6)
FN:99,(anonymous_7)
FN:103,(anonymous_8)
FN:107,(anonymous_9)
FN:114,(anonymous_10)
FNF:11
FNH:6
FNDA:3,(anonymous_0)
FNDA:3,(anonymous_1)
FNDA:0,(anonymous_2)
FNDA:0,(anonymous_3)
FNDA:0,(anonymous_4)
FNDA:1,(anonymous_5)
FNDA:1,(anonymous_6)
FNDA:0,(anonymous_7)
FNDA:0,(anonymous_8)
FNDA:5,(anonymous_9)
FNDA:8,(anonymous_10)
DA:8,3
DA:10,3
DA:16,3
DA:17,3
DA:18,3
DA:19,3
DA:20,3
DA:21,3
DA:22,3
DA:26,3
DA:27,3
DA:29,3
DA:33,3
DA:37,0
DA:39,0
DA:40,0
DA:43,0
DA:47,0
DA:49,0
DA:50,0
DA:52,0
DA:53,0
DA:56,0
DA:60,0
DA:61,0
DA:65,0
DA:66,0
DA:67,0
DA:69,0
DA:73,0
DA:74,0
DA:79,1
DA:80,1
DA:82,1
DA:83,0
DA:86,1
DA:90,1
DA:92,1
DA:93,1
DA:96,1
DA:100,0
DA:104,0
DA:108,5
DA:111,5
DA:115,8
LF:45
LH:24
BRDA:27,0,0,0
BRDA:27,0,1,3
BRDA:39,1,0,0
BRDA:39,1,1,0
BRDA:39,2,0,0
BRDA:39,2,1,0
BRDA:49,3,0,0
BRDA:49,3,1,0
BRDA:52,4,0,0
BRDA:52,4,1,0
BRDA:73,5,0,0
BRDA:73,5,1,0
BRDA:82,6,0,0
BRDA:82,6,1,1
BRDA:92,7,0,1
BRDA:92,7,1,0
BRF:16
BRH:3
end_of_record
TN:
SF:C:\Users\csejtei\Development\react-composite-table\lib\components\message.js
FNF:0
FNH:0
DA:1,0
DA:2,0
DA:3,0
DA:7,0
DA:9,0
DA:11,0
DA:13,0
DA:15,0
DA:17,0
DA:21,0
DA:29,0
LF:11
LH:0
BRDA:8,0,0,0
BRDA:8,0,1,0
BRDA:8,0,2,0
BRDA:8,0,3,0
BRDA:8,0,4,0
BRF:5
BRH:0
end_of_record
TN:
SF:C:\Users\csejtei\Development\react-composite-table\lib\components\modalDialog.js
FN:6,ModalDialog
FNF:1
FNH:0
FNDA:0,ModalDialog
DA:1,0
DA:2,0
DA:6,0
DA:9,0
DA:10,0
DA:12,0
DA:16,0
DA:20,0
DA:24,0
DA:29,0
DA:33,0
DA:35,0
DA:37,0
LF:13
LH:0
BRDA:6,0,0,0
BRDA:6,0,1,0
BRF:2
BRH:0
end_of_record
TN:
SF:C:\Users\csejtei\Development\react-composite-table\lib\components\table.js
FN:23,Table2
FN:68,(anonymous_18)
FN:155,(anonymous_29)
FN:193,(anonymous_31)
FN:203,(anonymous_33)
FN:306,(anonymous_45)
FN:312,(anonymous_46)
FN:327,onClickEditRow
FN:328,onFinishEditRow
FN:336,(anonymous_49)
FN:344,onClickEditRow
FN:345,onFinishEditRow
FN:361,onClickEditRow
FN:362,onFinishEditRow
FN:373,onClick
FN:396,(anonymous_59)
FN:400,(anonymous_60)
FN:410,(anonymous_63)
FNF:18
FNH:0
FNDA:0,Table2
FNDA:0,(anonymous_18)
FNDA:0,(anonymous_29)
FNDA:0,(anonymous_31)
FNDA:0,(anonymous_33)
FNDA:0,(anonymous_45)
FNDA:0,(anonymous_46)
FNDA:0,onClickEditRow
FNDA:0,onFinishEditRow
FNDA:0,(anonymous_49)
FNDA:0,onClickEditRow
FNDA:0,onFinishEditRow
FNDA:0,onClickEditRow
FNDA:0,onFinishEditRow
FNDA:0,onClick
FNDA:0,(anonymous_59)
FNDA:0,(anonymous_60)
FNDA:0,(anonymous_63)
DA:1,0
DA:2,0
DA:10,0
DA:12,0
DA:13,0
DA:14,0
DA:15,0
DA:16,0
DA:18,0
DA:19,0
DA:20,0
DA:23,0
DA:26,0
DA:44,0
DA:45,0
DA:46,0
DA:47,0
DA:48,0
DA:49,0
DA:50,0
DA:51,0
DA:52,0
DA:53,0
DA:54,0
DA:55,0
DA:56,0
DA:57,0
DA:58,0
DA:59,0
DA:60,0
DA:61,0
DA:64,0
DA:65,0
DA:66,0
DA:68,0
DA:69,0
DA:72,0
DA:74,0
DA:75,0
DA:88,0
DA:90,0
DA:95,0
DA:101,0
DA:107,0
DA:113,0
DA:119,0
DA:123,0
DA:124,0
DA:125,0
DA:127,0
DA:131,0
DA:132,0
DA:133,0
DA:135,0
DA:136,0
DA:138,0
DA:142,0
DA:143,0
DA:145,0
DA:150,0
DA:153,0
DA:154,0
DA:156,0
DA:157,0
DA:177,0
DA:188,0
DA:189,0
DA:190,0
DA:191,0
DA:193,0
DA:195,0
DA:201,0
DA:202,0
DA:204,0
DA:219,0
DA:225,0
DA:226,0
DA:227,0
DA:231,0
DA:240,0
DA:241,0
DA:243,0
DA:244,0
DA:245,0
DA:246,0
DA:251,0
DA:255,0
DA:261,0
DA:263,0
DA:264,0
DA:266,0
DA:269,0
DA:273,0
DA:275,0
DA:276,0
DA:278,0
DA:281,0
DA:285,0
DA:293,0
DA:300,0
DA:301,0
DA:302,0
DA:303,0
DA:305,0
DA:307,0
DA:309,0
DA:313,0
DA:314,0
DA:317,0
DA:318,0
DA:327,0
DA:328,0
DA:332,0
DA:333,0
DA:334,0
DA:336,0
DA:344,0
DA:345,0
DA:350,0
DA:351,0
DA:361,0
DA:362,0
DA:373,0
DA:386,0
DA:393,0
DA:397,0
DA:398,0
DA:400,0
DA:402,0
DA:410,0
DA:411,0
DA:412,0
DA:416,0
DA:422,0
DA:429,0
DA:437,0
DA:442,0
DA:447,0
DA:451,0
DA:453,0
LF:140
LH:0
BRDA:23,0,0,0
BRDA:23,0,1,0
BRDA:65,1,0,0
BRDA:65,1,1,0
BRDA:65,2,0,0
BRDA:65,2,1,0
BRDA:75,3,0,0
BRDA:75,3,1,0
BRDA:75,4,0,0
BRDA:75,4,1,0
BRDA:75,4,2,0
BRDA:75,4,3,0
BRDA:75,4,4,0
BRDA:75,4,5,0
BRDA:75,4,6,0
BRDA:75,4,7,0
BRDA:75,4,8,0
BRDA:75,4,9,0
BRDA:75,4,10,0
BRDA:75,4,11,0
BRDA:75,4,12,0
BRDA:132,5,0,0
BRDA:132,5,1,0
BRDA:135,6,0,0
BRDA:135,6,1,0
BRDA:142,7,0,0
BRDA:142,7,1,0
BRDA:156,8,0,0
BRDA:156,8,1,0
BRDA:164,9,0,0
BRDA:164,9,1,0
BRDA:164,9,2,0
BRDA:164,9,3,0
BRDA:169,10,0,0
BRDA:169,10,1,0
BRDA:169,10,2,0
BRDA:169,10,3,0
BRDA:191,11,0,0
BRDA:191,11,1,0
BRDA:206,12,0,0
BRDA:206,12,1,0
BRDA:206,12,2,0
BRDA:208,13,0,0
BRDA:208,13,1,0
BRDA:208,13,2,0
BRDA:210,14,0,0
BRDA:210,14,1,0
BRDA:243,15,0,0
BRDA:243,15,1,0
BRDA:263,16,0,0
BRDA:263,16,1,0
BRDA:275,17,0,0
BRDA:275,17,1,0
BRDA:313,18,0,0
BRDA:313,18,1,0
BRDA:313,19,0,0
BRDA:313,19,1,0
BRDA:317,20,0,0
BRDA:317,20,1,0
BRDA:317,21,0,0
BRDA:317,21,1,0
BRDA:332,22,0,0
BRDA:332,22,1,0
BRDA:332,23,0,0
BRDA:332,23,1,0
BRDA:350,24,0,0
BRDA:350,24,1,0
BRDA:350,25,0,0
BRDA:350,25,1,0
BRDA:350,25,2,0
BRDA:370,26,0,0
BRDA:370,26,1,0
BRDA:411,27,0,0
BRDA:411,27,1,0
BRDA:456,28,0,0
BRDA:456,28,1,0
BRDA:470,29,0,0
BRDA:470,29,1,0
BRDA:473,30,0,0
BRDA:473,30,1,0
BRDA:476,31,0,0
BRDA:476,31,1,0
BRF:82
BRH:0
end_of_record
TN:
SF:C:\Users\csejtei\Development\react-composite-table\lib\factory\tableFieldFactory.js
FNF:0
FNH:0
DA:1,0
DA:2,0
DA:7,0
DA:10,0
DA:15,0
LF:5
LH:0
BRDA:8,0,0,0
BRDA:8,0,1,0
BRDA:8,0,2,0
BRF:3
BRH:0
end_of_record
TN:
SF:C:\Users\csejtei\Development\react-composite-table\lib\factory\editableColumnFields\editableDateField.js
FN:10,EditableDateField
FNF:1
FNH:0
FNDA:0,EditableDateField
DA:1,0
DA:2,0
DA:3,0
DA:4,0
DA:6,0
DA:10,0
DA:13,0
DA:18,0
DA:19,0
DA:20,0
DA:21,0
DA:25,0
DA:32,0
DA:35,0
DA:37,0
DA:44,0
DA:46,0
DA:49,0
DA:53,0
DA:57,0
DA:61,0
DA:64,0
DA:70,0
DA:74,0
DA:75,0
DA:77,0
LF:26
LH:0
BRDA:10,0,0,0
BRDA:10,0,1,0
BRDA:61,1,0,0
BRDA:61,1,1,0
BRDA:61,2,0,0
BRDA:61,2,1,0
BRDA:61,2,2,0
BRDA:70,3,0,0
BRDA:70,3,1,0
BRDA:70,4,0,0
BRDA:70,4,1,0
BRDA:70,4,2,0
BRDA:79,5,0,0
BRDA:79,5,1,0
BRF:14
BRH:0
end_of_record
TN:
SF:C:\Users\csejtei\Development\react-composite-table\lib\factory\editableColumnFields\editableSelectField.js
FN:7,EditableSelectField
FN:30,(anonymous_19)
FN:38,(anonymous_20)
FN:55,onClick
FNF:4
FNH:0
FNDA:0,EditableSelectField
FNDA:0,(anonymous_19)
FNDA:0,(anonymous_20)
FNDA:0,onClick
DA:1,0
DA:2,0
DA:3,0
DA:7,0
DA:10,0
DA:14,0
DA:15,0
DA:19,0
DA:20,0
DA:25,0
DA:31,0
DA:35,0
DA:36,0
DA:39,0
DA:40,0
DA:41,0
DA:46,0
DA:49,0
DA:50,0
DA:51,0
DA:52,0
DA:53,0
DA:55,0
DA:59,0
DA:60,0
DA:77,0
LF:26
LH:0
BRDA:7,0,0,0
BRDA:7,0,1,0
BRDA:19,1,0,0
BRDA:19,1,1,0
BRDA:50,2,0,0
BRDA:50,2,1,0
BRDA:50,3,0,0
BRDA:50,3,1,0
BRDA:50,3,2,0
BRDA:59,4,0,0
BRDA:59,4,1,0
BRDA:59,5,0,0
BRDA:59,5,1,0
BRDA:59,5,2,0
BRF:14
BRH:0
end_of_record
TN:
SF:C:\Users\csejtei\Development\react-composite-table\lib\factory\editableColumnFields\editableTextField.js
FN:6,EditableTextField
FN:35,(anonymous_19)
FN:40,(anonymous_20)
FNF:3
FNH:0
FNDA:0,EditableTextField
FNDA:0,(anonymous_19)
FNDA:0,(anonymous_20)
DA:1,0
DA:2,0
DA:6,0
DA:9,0
DA:15,0
DA:16,0
DA:17,0
DA:18,0
DA:19,0
DA:23,0
DA:24,0
DA:30,0
DA:36,0
DA:37,0
DA:38,0
DA:41,0
DA:42,0
DA:43,0
DA:48,0
DA:49,0
DA:54,0
DA:55,0
DA:59,0
DA:63,0
DA:64,0
DA:65,0
DA:69,0
DA:72,0
DA:78,0
DA:81,0
LF:30
LH:0
BRDA:6,0,0,0
BRDA:6,0,1,0
BRDA:48,1,0,0
BRDA:48,1,1,0
BRDA:69,2,0,0
BRDA:69,2,1,0
BRDA:69,3,0,0
BRDA:69,3,1,0
BRDA:69,3,2,0
BRDA:78,4,0,0
BRDA:78,4,1,0
BRDA:78,5,0,0
BRDA:78,5,1,0
BRDA:78,5,2,0
BRDA:83,6,0,0
BRDA:83,6,1,0
BRF:16
BRH:0
end_of_record
TN:
SF:C:\Users\csejtei\Development\react-composite-table\lib\factory\fields\selectField.js
FN:7,SelectField
FNF:1
FNH:0
FNDA:0,SelectField
DA:1,0
DA:2,0
DA:3,0
DA:7,0
DA:10,0
DA:14,0
DA:18,0
DA:21,0
DA:25,0
DA:39,0
LF:10
LH:0
BRDA:7,0,0,0
BRDA:7,0,1,0
BRF:2
BRH:0
end_of_record
TN:
SF:C:\Users\csejtei\Development\react-composite-table\lib\factory\fields\textField.js
FN:6,TextField
FNF:1
FNH:0
FNDA:0,TextField
DA:1,0
DA:2,0
DA:6,0
DA:9,0
DA:13,0
DA:17,0
DA:20,0
DA:24,0
LF:8
LH:0
BRDA:6,0,0,0
BRDA:6,0,1,0
BRF:2
BRH:0
end_of_record
